00:24:59.288 [main                     ] DEBUG Logger               - Configured Logger
00:24:59.311 [main                     ] DEBUG GameApplication      - Logging settings
Title: Restaurant Sayayin
Version: 0.0
Width: 1053
Height: 560
Fullscreen: false
Intro: false
Profiling: false
Single step:false
App Mode: DEVELOPER
Menu Key: ESCAPE
Stage Style: DECORATED
Scene Factory: class com.almasb.fxgl.app.scene.SceneFactory

00:24:59.853 [JavaFX Application Thread] DEBUG FXGLApplication      - Initializing FXGL
00:24:59.857 [JavaFX Application Thread] INFO  Engine               - FXGL-17.1 (24.03.2022 17.34) on WINDOWS (J:19.0.2 FX:18)
00:24:59.858 [JavaFX Application Thread] DEBUG Engine               - JRE Vendor Name: Oracle Corporation
00:24:59.858 [JavaFX Application Thread] DEBUG Engine               - Running on OS: Windows 11 version 10.0
00:24:59.858 [JavaFX Application Thread] DEBUG Engine               - Architecture: amd64
00:24:59.858 [JavaFX Application Thread] INFO  Engine               - Source code and latest versions at: https://github.com/AlmasB/FXGL
00:24:59.858 [JavaFX Application Thread] INFO  Engine               -       Ask questions and discuss at: https://github.com/AlmasB/FXGL/discussions
00:24:59.858 [JavaFX Application Thread] INFO  Engine               -              Join the FXGL chat at: https://gitter.im/AlmasB/FXGL
00:24:59.991 [JavaFX Application Thread] DEBUG PrimaryStageWindow   - Creating a JavaFX scene
00:25:00.047 [JavaFX Application Thread] DEBUG PrimaryStageWindow   - Target settings size: 1053.0 x 560.0
00:25:00.047 [JavaFX Application Thread] DEBUG PrimaryStageWindow   - Scaled scene size:    1053.0 x 560.0
00:25:00.047 [JavaFX Application Thread] DEBUG PrimaryStageWindow   - Scaled ratio: (1.0, 1.0)
00:25:00.049 [JavaFX Application Thread] DEBUG PrimaryStageWindow   - Set initial scene to FXGLStartupScene
00:25:00.056 [JavaFX Application Thread] DEBUG PrimaryStageWindow   - Opening main window
00:25:00.158 [JavaFX Application Thread] DEBUG PrimaryStageWindow   - Window border size: (15.0, 37.5999755859375)
00:25:00.158 [JavaFX Application Thread] DEBUG PrimaryStageWindow   - Scaled size: 1053.0 x 560.0
00:25:00.158 [JavaFX Application Thread] DEBUG PrimaryStageWindow   - Scaled ratio: (1.0, 1.0)
00:25:00.158 [JavaFX Application Thread] DEBUG PrimaryStageWindow   - Scene size: 1053.0 x 560.0
00:25:00.158 [JavaFX Application Thread] DEBUG PrimaryStageWindow   - Stage size: 1068.0 x 597.5999755859375
00:25:00.166 [FXGL Background Thread 1 ] DEBUG Engine               - Initializing environment variables
00:25:00.211 [FXGL Background Thread 1 ] DEBUG FXGLAssetLoaderServi - User app class for loading assets: class org.example.restaurant.Main
00:25:00.212 [FXGL Background Thread 1 ] DEBUG GameApplicationServi - Applying CSS: fxgl_dark.css
00:25:00.213 [FXGL Background Thread 1 ] DEBUG FXGLAssetLoaderServi - Loading from file system: jar:file:/C:/Users/lucas/.m2/repository/com/github/almasb/fxgl/17.1/fxgl-17.1.jar!/fxglassets/ui/css/fxgl_dark.css
00:25:00.252 [FXGL Background Thread 1 ] DEBUG GameApplicationServi - Initializing application scenes
00:25:00.294 [FXGL Background Thread 1 ] DEBUG GameWorld            - Game world initialized
00:25:00.363 [FXGL Background Thread 1 ] DEBUG PhysicsWorld         - Physics world initialized: appHeight=560, physics.ppm=50.0
00:25:00.363 [FXGL Background Thread 1 ] DEBUG PhysicsWorld         - Using strategy: BRUTE_FORCE
00:25:00.366 [FXGL Background Thread 1 ] DEBUG GameScene            - Game scene initialized: 1053x560
00:25:00.379 [FXGL Background Thread 1 ] WARN  FXGL.DefaultMenu     - FXGLDefaultMenu is not designed for resolutions < 800x600
00:25:00.379 [FXGL Background Thread 1 ] DEBUG FXGL.DefaultMenu     - createMenuBodyMainMenu()
00:25:00.397 [FXGL Background Thread 1 ] DEBUG FXGL.DefaultMenu     - createOptionsMenu()
00:25:00.408 [FXGL Background Thread 1 ] DEBUG FXGLAssetLoaderServi - Loading from file system: jar:file:/C:/Users/lucas/.m2/repository/com/github/almasb/fxgl/17.1/fxgl-17.1.jar!/fxglassets/textures/particles/smoke.png
00:25:00.515 [FXGL Background Thread 1 ] DEBUG FXGLAssetLoaderServi - Loading from file system: jar:file:/C:/Users/lucas/.m2/repository/com/github/almasb/fxgl/17.1/fxgl-17.1.jar!/fxglassets/textures/particles/trace_horizontal.png
00:25:00.543 [FXGL Background Thread 1 ] WARN  FXGL.DefaultMenu     - FXGLDefaultMenu is not designed for resolutions < 800x600
00:25:00.544 [FXGL Background Thread 1 ] DEBUG FXGL.DefaultMenu     - createMenuBodyGameMenu()
00:25:00.545 [FXGL Background Thread 1 ] DEBUG FXGL.DefaultMenu     - createOptionsMenu()
00:25:00.555 [FXGL Background Thread 1 ] DEBUG GameApplicationServi - Application scenes initialized
00:25:00.568 [FXGL Background Thread 1 ] DEBUG SystemBundleService  - Loading FXGL system data
00:25:00.569 [FXGL Background Thread 1 ] DEBUG FileSystemAccess     - Reading from: C:\Users\lucas\OneDrive\Escritorio\UP\7 CUATRI\PROGRAMACION CONCURRENTE\simulador-restaurant\system\fxgl.bundle
00:25:00.571 [FXGL Background Thread 1 ] DEBUG SystemBundleService  - Bundle FXGL: {}
00:25:00.571 [FXGL Background Thread 1 ] DEBUG UpdaterService       - Checking for updates
00:25:00.575 [FXGL Background Thread 4 ] DEBUG FXGLApplication      - Loading fonts
00:25:00.575 [FXGL Background Thread 1 ] DEBUG FXGLApplication      - Loading default localization
00:25:00.575 [FXGL Background Thread 4 ] DEBUG FXGLAssetLoaderServi - Loading from file system: jar:file:/C:/Users/lucas/.m2/repository/com/github/almasb/fxgl/17.1/fxgl-17.1.jar!/fxglassets/ui/fonts/VarelaRound-Regular.ttf
00:25:00.576 [FXGL Background Thread 1 ] DEBUG FXGLAssetLoaderServi - Loading from file system: jar:file:/C:/Users/lucas/.m2/repository/com/github/almasb/fxgl/17.1/fxgl-17.1.jar!/fxglassets/languages/english.lang
00:25:00.583 [FXGL Background Thread 4 ] DEBUG FXGLAssetLoaderServi - Loading from file system: jar:file:/C:/Users/lucas/.m2/repository/com/github/almasb/fxgl/17.1/fxgl-17.1.jar!/fxglassets/ui/fonts/Abel-Regular.ttf
00:25:00.587 [FXGL Background Thread 4 ] DEBUG FXGLAssetLoaderServi - Loading from file system: jar:file:/C:/Users/lucas/.m2/repository/com/github/almasb/fxgl/17.1/fxgl-17.1.jar!/fxglassets/ui/fonts/TerminalLandMono-Regular.otf
00:25:00.591 [FXGL Background Thread 4 ] DEBUG FXGLAssetLoaderServi - Loading from file system: jar:file:/C:/Users/lucas/.m2/repository/com/github/almasb/fxgl/17.1/fxgl-17.1.jar!/fxglassets/ui/fonts/Courier-Prime.ttf
00:25:00.598 [JavaFX Application Thread] DEBUG FXGLApplication      - Registering font factories with UI factory
00:25:00.600 [FXGL Background Thread 1 ] INFO  FXGLApplication      - FXGL initialization took: 0.435 sec
00:25:00.606 [JavaFX Application Thread] DEBUG FXGLAssetLoaderServi - Loading from file system: jar:file:/C:/Users/lucas/.m2/repository/com/github/almasb/fxgl/17.1/fxgl-17.1.jar!/fxglassets/textures/fxgl_icon.png
00:25:00.627 [JavaFX Application Thread] DEBUG FXGLAssetLoaderServi - Loading from file system: jar:file:/C:/Users/lucas/.m2/repository/com/github/almasb/fxgl/17.1/fxgl-17.1.jar!/fxglassets/textures/fxgl_default_cursor.png
00:25:00.637 [JavaFX Application Thread] DEBUG Input                - Registered new binding: Screenshot - CTRL+8
00:25:00.638 [JavaFX Application Thread] DEBUG Input                - Registered new binding: System info dump - CTRL+9
00:25:00.638 [JavaFX Application Thread] DEBUG Input                - Registered new binding: Restart - CTRL+R
00:25:00.639 [JavaFX Application Thread] DEBUG Input                - Registered new binding: Toggle Debug Camera - CTRL+7
00:25:00.641 [JavaFX Application Thread] DEBUG LoopRunner           - Starting loop
00:25:00.641 [JavaFX Application Thread] DEBUG LoopRunner           - Initializing JavaFX AnimationTimerLoop
00:25:00.645 [JavaFX Application Thread] DEBUG Input                - Clearing active input actions
00:25:00.652 [JavaFX Application Thread] DEBUG GameApplicationServi - Removing overlay from FXGLStartupScene and adding to FXGLMainMenuDummyScene
00:25:00.653 [JavaFX Application Thread] DEBUG PrimaryStageWindow   - FXGLStartupScene -> FXGLMainMenuDummyScene
00:25:00.653 [JavaFX Application Thread] DEBUG PrimaryStageWindow   - Push state: FXGLDefaultMenu
00:25:00.660 [JavaFX Application Thread] DEBUG Input                - Clearing active input actions
00:25:00.673 [JavaFX Application Thread] DEBUG GameApplicationServi - Removing overlay from FXGLMainMenuDummyScene and adding to FXGLDefaultMenu
00:25:00.674 [JavaFX Application Thread] DEBUG PrimaryStageWindow   - FXGLMainMenuDummyScene -> FXGLDefaultMenu
00:25:01.099 [FXGL Background Thread 2 ] INFO  UpdaterService       - Your current version:  17.1
00:25:01.099 [FXGL Background Thread 2 ] INFO  UpdaterService       - Latest stable version: 21.1
00:25:01.882 [JavaFX Application Thread] DEBUG Menu                 - fireNewGame()
00:25:01.882 [JavaFX Application Thread] DEBUG GameApplicationServi - Starting new game
00:25:01.884 [JavaFX Application Thread] DEBUG PrimaryStageWindow   - Pop state: FXGLDefaultMenu
00:25:01.884 [JavaFX Application Thread] DEBUG Input                - Clearing active input actions
00:25:01.884 [JavaFX Application Thread] DEBUG GameApplicationServi - Removing overlay from FXGLDefaultMenu and adding to FXGLMainMenuDummyScene
00:25:01.885 [JavaFX Application Thread] DEBUG PrimaryStageWindow   - FXGLMainMenuDummyScene <- FXGLDefaultMenu
00:25:01.885 [JavaFX Application Thread] DEBUG Input                - Clearing active input actions
00:25:01.893 [JavaFX Application Thread] DEBUG GameApplicationServi - Removing overlay from FXGLMainMenuDummyScene and adding to FXGLLoadingScene
00:25:01.893 [JavaFX Application Thread] DEBUG PrimaryStageWindow   - FXGLMainMenuDummyScene -> FXGLLoadingScene
00:25:01.893 [JavaFX Application Thread] DEBUG GameApplicationServi - Clearing previous game
00:25:01.894 [JavaFX Application Thread] DEBUG GameScene            - Clearing game scene
00:25:01.894 [JavaFX Application Thread] DEBUG GameWorld            - Clearing game world
00:25:01.894 [JavaFX Application Thread] DEBUG PhysicsWorld         - Clearing physics world
00:25:01.897 [FXGL Background Thread 2 ] DEBUG FXGLApplication      - Initializing game
00:25:01.942 [JavaFX Application Thread] DEBUG LoopRunner           - Stopping loop
00:25:01.945 [JavaFX Application Thread] FATAL FXGLApplication      - Uncaught Exception:
java.lang.RuntimeException: Initialization failed
	at com.almasb.fxgl.app.FXGLApplication$InitAppTask.failed(FXGLApplication.kt:343)
	at javafx.concurrent.Task.setState(Task.java:710)
	at javafx.concurrent.Task$TaskCallable.lambda$call$2(Task.java:1456)
	at com.sun.javafx.application.PlatformImpl.lambda$runLater$10(PlatformImpl.java:457)
	at java.base/java.security.AccessController.doPrivileged(AccessController.java:399)
	at com.sun.javafx.application.PlatformImpl.lambda$runLater$11(PlatformImpl.java:456)
	at com.sun.glass.ui.InvokeLaterDispatcher$Future.run(InvokeLaterDispatcher.java:96)
	at com.sun.glass.ui.win.WinApplication._runLoop(Native Method)
	at com.sun.glass.ui.win.WinApplication.lambda$runLoop$3(WinApplication.java:184)
	at java.base/java.lang.Thread.run(Thread.java:1589)
Caused by: java.lang.RuntimeException: javafx.fxml.LoadException: 
/C:/Users/lucas/OneDrive/Escritorio/UP/7%20CUATRI/PROGRAMACION%20CONCURRENTE/simulador-restaurant/target/classes/org/example/restaurant/hello.fxml

	at org.example.restaurant.Main.initGame(Main.java:32)
	at com.almasb.fxgl.app.FXGLApplication$InitAppTask.initGame(FXGLApplication.kt:339)
	at com.almasb.fxgl.app.FXGLApplication$InitAppTask.call(FXGLApplication.kt:319)
	at com.almasb.fxgl.app.FXGLApplication$InitAppTask.call(FXGLApplication.kt:311)
	at javafx.concurrent.Task$TaskCallable.call(Task.java:1426)
	at java.base/java.util.concurrent.FutureTask.run(FutureTask.java:317)
	at java.base/java.util.concurrent.Executors$RunnableAdapter.call(Executors.java:577)
	at java.base/java.util.concurrent.FutureTask.run(FutureTask.java:317)
	at java.base/java.util.concurrent.ThreadPoolExecutor.runWorker(ThreadPoolExecutor.java:1144)
	at java.base/java.util.concurrent.ThreadPoolExecutor$Worker.run(ThreadPoolExecutor.java:642)
	... 1 more
Caused by: javafx.fxml.LoadException: 
/C:/Users/lucas/OneDrive/Escritorio/UP/7%20CUATRI/PROGRAMACION%20CONCURRENTE/simulador-restaurant/target/classes/org/example/restaurant/hello.fxml

	at javafx.fxml.FXMLLoader.constructLoadException(FXMLLoader.java:2707)
	at javafx.fxml.FXMLLoader.loadImpl(FXMLLoader.java:2685)
	at javafx.fxml.FXMLLoader.loadImpl(FXMLLoader.java:2548)
	at javafx.fxml.FXMLLoader.load(FXMLLoader.java:2516)
	at org.example.restaurant.Main.initGame(Main.java:29)
	... 10 more
Caused by: java.lang.IllegalArgumentException: La lista de meseros no puede ser nula o vacía
	at org.example.restaurant.domain.logic.Recepcionista.<init>(Recepcionista.java:33)
	at org.example.restaurant.controllers.RestaurantInitializer.initRestaurantSimulation(RestaurantInitializer.java:51)
	at org.example.restaurant.controllers.RestaurantInitializer.<init>(RestaurantInitializer.java:30)
	at org.example.restaurant.controllers.Controllers.initGame(Controllers.java:30)
	at org.example.restaurant.controllers.Controllers.initialize(Controllers.java:69)
	at javafx.fxml.FXMLLoader.loadImpl(FXMLLoader.java:2655)
	... 13 more

00:25:01.946 [JavaFX Application Thread] FATAL FXGLApplication      - Application will now exit
00:25:01.965 [JavaFX Application Thread] DEBUG PrimaryStageWindow   - Push state: ErrorSubScene
00:25:01.965 [JavaFX Application Thread] DEBUG Input                - Clearing active input actions
00:25:01.967 [JavaFX Application Thread] DEBUG GameApplicationServi - Removing overlay from FXGLLoadingScene and adding to ErrorSubScene
00:25:01.967 [JavaFX Application Thread] DEBUG PrimaryStageWindow   - FXGLLoadingScene -> ErrorSubScene
00:25:03.574 [FXGL Background Thread 3 ] DEBUG Engine               - Logging environment variables
00:25:03.574 [FXGL Background Thread 3 ] DEBUG Engine               - achievements: []
00:25:03.574 [FXGL Background Thread 3 ] DEBUG Engine               - actualHeight: 560.0
00:25:03.574 [FXGL Background Thread 3 ] DEBUG Engine               - actualHeightProperty: ReadOnlyDoubleProperty [value: 560.0]
00:25:03.575 [FXGL Background Thread 3 ] DEBUG Engine               - actualWidth: 1053.0
00:25:03.575 [FXGL Background Thread 3 ] DEBUG Engine               - actualWidthProperty: ReadOnlyDoubleProperty [value: 1053.0]
00:25:03.575 [FXGL Background Thread 3 ] DEBUG Engine               - appIcon: fxgl_icon.png
00:25:03.575 [FXGL Background Thread 3 ] DEBUG Engine               - applicationMode: DEVELOPER
00:25:03.575 [FXGL Background Thread 3 ] DEBUG Engine               - cSSList: [fxgl_dark.css]
00:25:03.575 [FXGL Background Thread 3 ] DEBUG Engine               - collisionDetectionStrategy: BRUTE_FORCE
00:25:03.575 [FXGL Background Thread 3 ] DEBUG Engine               - configClass: Optional.empty
00:25:03.575 [FXGL Background Thread 3 ] DEBUG Engine               - credits: []
00:25:03.575 [FXGL Background Thread 3 ] DEBUG Engine               - defaultCursor: CursorInfo(imageName=fxgl_default_cursor.png, hotspotX=7.0, hotspotY=6.0)
00:25:03.575 [FXGL Background Thread 3 ] DEBUG Engine               - devBBoxColorProperty: ObjectProperty [value: 0xff0000ff]
00:25:03.575 [FXGL Background Thread 3 ] DEBUG Engine               - devEnableDebugCameraProperty: BooleanProperty [value: false]
00:25:03.575 [FXGL Background Thread 3 ] DEBUG Engine               - devSensorColorProperty: ObjectProperty [value: 0xffff00ff]
00:25:03.575 [FXGL Background Thread 3 ] DEBUG Engine               - devShowBBoxProperty: BooleanProperty [value: false]
00:25:03.575 [FXGL Background Thread 3 ] DEBUG Engine               - devShowPositionProperty: BooleanProperty [value: false]
00:25:03.575 [FXGL Background Thread 3 ] DEBUG Engine               - enabledMenuItems: []
00:25:03.575 [FXGL Background Thread 3 ] DEBUG Engine               - engineServices: [class com.almasb.fxgl.app.services.FXGLAssetLoaderService, class com.almasb.fxgl.app.FXGLApplication$GameApplicationService, class com.almasb.fxgl.app.services.FXGLDialogService, class com.almasb.fxgl.app.services.IOTaskExecutorService, class com.almasb.fxgl.io.FileSystemService, class com.almasb.fxgl.localization.LocalizationService, class com.almasb.fxgl.app.services.SystemBundleService, class com.almasb.fxgl.profile.SaveLoadService, class com.almasb.fxgl.ui.FXGLUIFactoryServiceProvider, class com.almasb.fxgl.ui.FXGLDialogFactoryServiceProvider, class com.almasb.fxgl.audio.AudioPlayer, class com.almasb.fxgl.notification.impl.NotificationServiceProvider, class com.almasb.fxgl.achievement.AchievementService, class com.almasb.fxgl.cutscene.CutsceneService, class com.almasb.fxgl.minigames.MiniGameService, class com.almasb.fxgl.net.NetService, class com.almasb.fxgl.app.services.UpdaterService, class com.almasb.fxgl.dev.DevService]
00:25:03.575 [FXGL Background Thread 3 ] DEBUG Engine               - fontGame: Abel-Regular.ttf
00:25:03.576 [FXGL Background Thread 3 ] DEBUG Engine               - fontMono: TerminalLandMono-Regular.otf
00:25:03.576 [FXGL Background Thread 3 ] DEBUG Engine               - fontText: Courier-Prime.ttf
00:25:03.576 [FXGL Background Thread 3 ] DEBUG Engine               - fontUI: VarelaRound-Regular.ttf
00:25:03.576 [FXGL Background Thread 3 ] DEBUG Engine               - fullScreen: BooleanProperty [value: false]
00:25:03.576 [FXGL Background Thread 3 ] DEBUG Engine               - gameDifficulty: MEDIUM
00:25:03.576 [FXGL Background Thread 3 ] DEBUG Engine               - gameDifficultyProperty: ObjectProperty [value: MEDIUM]
00:25:03.576 [FXGL Background Thread 3 ] DEBUG Engine               - globalMusicVolume: 0.5
00:25:03.576 [FXGL Background Thread 3 ] DEBUG Engine               - globalMusicVolumeProperty: DoubleProperty [value: 0.5]
00:25:03.576 [FXGL Background Thread 3 ] DEBUG Engine               - globalSoundVolume: 0.5
00:25:03.576 [FXGL Background Thread 3 ] DEBUG Engine               - globalSoundVolumeProperty: DoubleProperty [value: 0.5]
00:25:03.576 [FXGL Background Thread 3 ] DEBUG Engine               - height: 560
00:25:03.576 [FXGL Background Thread 3 ] DEBUG Engine               - is3D: false
00:25:03.576 [FXGL Background Thread 3 ] DEBUG Engine               - isAndroid: false
00:25:03.576 [FXGL Background Thread 3 ] DEBUG Engine               - isBrowser: false
00:25:03.576 [FXGL Background Thread 3 ] DEBUG Engine               - isClickFeedbackEnabled: false
00:25:03.577 [FXGL Background Thread 3 ] DEBUG Engine               - isCloseConfirmation: false
00:25:03.577 [FXGL Background Thread 3 ] DEBUG Engine               - isDesktop: true
00:25:03.577 [FXGL Background Thread 3 ] DEBUG Engine               - isDeveloperMenuEnabled: false
00:25:03.577 [FXGL Background Thread 3 ] DEBUG Engine               - isEmbedded: false
00:25:03.577 [FXGL Background Thread 3 ] DEBUG Engine               - isEntityPreloadEnabled: true
00:25:03.577 [FXGL Background Thread 3 ] DEBUG Engine               - isExperimentalTiledLargeMap: false
00:25:03.577 [FXGL Background Thread 3 ] DEBUG Engine               - isFileSystemWriteAllowed: true
00:25:03.577 [FXGL Background Thread 3 ] DEBUG Engine               - isFullScreenAllowed: false
00:25:03.577 [FXGL Background Thread 3 ] DEBUG Engine               - isFullScreenFromStart: false
00:25:03.577 [FXGL Background Thread 3 ] DEBUG Engine               - isGameMenuEnabled: true
00:25:03.577 [FXGL Background Thread 3 ] DEBUG Engine               - isIOS: false
00:25:03.577 [FXGL Background Thread 3 ] DEBUG Engine               - isIntroEnabled: false
00:25:03.577 [FXGL Background Thread 3 ] DEBUG Engine               - isLinux: false
00:25:03.577 [FXGL Background Thread 3 ] DEBUG Engine               - isMac: false
00:25:03.577 [FXGL Background Thread 3 ] DEBUG Engine               - isMainMenuEnabled: true
00:25:03.578 [FXGL Background Thread 3 ] DEBUG Engine               - isManualResizeEnabled: false
00:25:03.578 [FXGL Background Thread 3 ] DEBUG Engine               - isMobile: false
00:25:03.578 [FXGL Background Thread 3 ] DEBUG Engine               - isNative: false
00:25:03.578 [FXGL Background Thread 3 ] DEBUG Engine               - isPauseMusicWhenMinimized: true
00:25:03.578 [FXGL Background Thread 3 ] DEBUG Engine               - isPreserveResizeRatio: false
00:25:03.578 [FXGL Background Thread 3 ] DEBUG Engine               - isProfilingEnabled: false
00:25:03.578 [FXGL Background Thread 3 ] DEBUG Engine               - isScaleAffectedOnResize: true
00:25:03.578 [FXGL Background Thread 3 ] DEBUG Engine               - isSingleStep: false
00:25:03.578 [FXGL Background Thread 3 ] DEBUG Engine               - isUserProfileEnabled: false
00:25:03.578 [FXGL Background Thread 3 ] DEBUG Engine               - isWindows: true
00:25:03.578 [FXGL Background Thread 3 ] DEBUG Engine               - language: ObjectProperty [value: ENGLISH]
00:25:03.578 [FXGL Background Thread 3 ] DEBUG Engine               - menuKey: ESCAPE
00:25:03.578 [FXGL Background Thread 3 ] DEBUG Engine               - mouseSensitivity: 0.2
00:25:03.578 [FXGL Background Thread 3 ] DEBUG Engine               - notificationViewClass: class com.almasb.fxgl.notification.view.XboxNotificationView
00:25:03.578 [FXGL Background Thread 3 ] DEBUG Engine               - pixelsPerMeter: 50.0
00:25:03.578 [FXGL Background Thread 3 ] DEBUG Engine               - platform: WINDOWS
00:25:03.578 [FXGL Background Thread 3 ] DEBUG Engine               - prefHeightProperty: ReadOnlyDoubleProperty [value: 560.0]
00:25:03.578 [FXGL Background Thread 3 ] DEBUG Engine               - prefWidthProperty: ReadOnlyDoubleProperty [value: 1053.0]
00:25:03.578 [FXGL Background Thread 3 ] DEBUG Engine               - profileDir: profiles/
00:25:03.579 [FXGL Background Thread 3 ] DEBUG Engine               - profileName: StringProperty [value: DEFAULT]
00:25:03.579 [FXGL Background Thread 3 ] DEBUG Engine               - randomSeed: -1
00:25:03.579 [FXGL Background Thread 3 ] DEBUG Engine               - runtimeInfo: RuntimeInfo(platform=WINDOWS, version=17.1, build=24.03.2022 17.34)
00:25:03.579 [FXGL Background Thread 3 ] DEBUG Engine               - saveFileExt: sav
00:25:03.579 [FXGL Background Thread 3 ] DEBUG Engine               - scaledHeightProp$fxgl: DoubleProperty [bound, value: 560.0]
00:25:03.579 [FXGL Background Thread 3 ] DEBUG Engine               - scaledWidthProp$fxgl: DoubleProperty [bound, value: 1053.0]
00:25:03.579 [FXGL Background Thread 3 ] DEBUG Engine               - sceneFactory: com.almasb.fxgl.app.scene.SceneFactory@45faeacd
00:25:03.579 [FXGL Background Thread 3 ] DEBUG Engine               - secondsIn24h: 60
00:25:03.579 [FXGL Background Thread 3 ] DEBUG Engine               - soundMenuBack: menu/back.wav
00:25:03.579 [FXGL Background Thread 3 ] DEBUG Engine               - soundMenuPress: menu/press.wav
00:25:03.579 [FXGL Background Thread 3 ] DEBUG Engine               - soundMenuSelect: menu/select.wav
00:25:03.579 [FXGL Background Thread 3 ] DEBUG Engine               - soundNotification: core/notification.wav
00:25:03.579 [FXGL Background Thread 3 ] DEBUG Engine               - stageStyle: DECORATED
00:25:03.579 [FXGL Background Thread 3 ] DEBUG Engine               - supportedLanguages: [ENGLISH, FRENCH, GERMAN, HUNGARIAN, RUSSIAN]
00:25:03.579 [FXGL Background Thread 3 ] DEBUG Engine               - ticksPerSecond: -1
00:25:03.579 [FXGL Background Thread 3 ] DEBUG Engine               - title: Restaurant Sayayin
00:25:03.580 [FXGL Background Thread 3 ] DEBUG Engine               - urlGithub: https://github.com/AlmasB/FXGL
00:25:03.580 [FXGL Background Thread 3 ] DEBUG Engine               - urlLeaderboard: http://fxgl-top.herokuapp.com/
00:25:03.580 [FXGL Background Thread 3 ] DEBUG Engine               - urlPOM: https://raw.githubusercontent.com/AlmasB/FXGL/release/README.md
00:25:03.580 [FXGL Background Thread 3 ] DEBUG Engine               - userAppClass: class org.example.restaurant.Main
00:25:03.580 [FXGL Background Thread 3 ] DEBUG Engine               - version: 0.0
00:25:03.580 [FXGL Background Thread 3 ] DEBUG Engine               - versionCheckDays: 7
00:25:03.580 [FXGL Background Thread 3 ] DEBUG Engine               - width: 1053
00:25:03.580 [FXGL Background Thread 3 ] DEBUG Engine               - Logging services
00:25:03.580 [FXGL Background Thread 3 ] DEBUG Engine               - class com.almasb.fxgl.app.services.FXGLAssetLoaderService
00:25:03.580 [FXGL Background Thread 3 ] DEBUG Engine               - class com.almasb.fxgl.app.FXGLApplication$GameApplicationService
00:25:03.580 [FXGL Background Thread 3 ] DEBUG Engine               - class com.almasb.fxgl.app.services.FXGLDialogService
00:25:03.580 [FXGL Background Thread 3 ] DEBUG Engine               - class com.almasb.fxgl.app.services.IOTaskExecutorService
00:25:03.580 [FXGL Background Thread 3 ] DEBUG Engine               - class com.almasb.fxgl.io.FileSystemService
00:25:03.580 [FXGL Background Thread 3 ] DEBUG Engine               - class com.almasb.fxgl.localization.LocalizationService
00:25:03.580 [FXGL Background Thread 3 ] DEBUG Engine               - class com.almasb.fxgl.app.services.SystemBundleService
00:25:03.580 [FXGL Background Thread 3 ] DEBUG Engine               - class com.almasb.fxgl.profile.SaveLoadService
00:25:03.580 [FXGL Background Thread 3 ] DEBUG Engine               - class com.almasb.fxgl.ui.FXGLUIFactoryServiceProvider
00:25:03.580 [FXGL Background Thread 3 ] DEBUG Engine               - class com.almasb.fxgl.ui.FXGLDialogFactoryServiceProvider
00:25:03.580 [FXGL Background Thread 3 ] DEBUG Engine               - class com.almasb.fxgl.audio.AudioPlayer
00:25:03.580 [FXGL Background Thread 3 ] DEBUG Engine               - class com.almasb.fxgl.notification.impl.NotificationServiceProvider
00:25:03.580 [FXGL Background Thread 3 ] DEBUG Engine               - class com.almasb.fxgl.achievement.AchievementService
00:25:03.580 [FXGL Background Thread 3 ] DEBUG Engine               - class com.almasb.fxgl.cutscene.CutsceneService
00:25:03.580 [FXGL Background Thread 3 ] DEBUG Engine               - class com.almasb.fxgl.minigames.MiniGameService
00:25:03.580 [FXGL Background Thread 3 ] DEBUG Engine               - class com.almasb.fxgl.net.NetService
00:25:03.580 [FXGL Background Thread 3 ] DEBUG Engine               - class com.almasb.fxgl.app.services.UpdaterService
00:25:03.580 [FXGL Background Thread 3 ] DEBUG Engine               - class com.almasb.fxgl.dev.DevService
00:25:05.854 [JavaFX Application Thread] DEBUG FXGLApplication      - Exiting FXGL
00:25:05.854 [JavaFX Application Thread] DEBUG Async                - Shutting down background threads
00:25:05.854 [JavaFX Application Thread] DEBUG PrimaryStageWindow   - Closing main window
00:25:05.870 [JavaFX Application Thread] DEBUG Logger               - Closing Logger
