18:35:47.714 [main                     ] DEBUG Logger               - Configured Logger
18:35:47.746 [main                     ] DEBUG GameApplication      - Logging settings
Title: Basic Game App
Version: 0.0
Width: 800
Height: 600
Fullscreen: false
Intro: false
Profiling: false
Single step:false
App Mode: DEVELOPER
Menu Key: ESCAPE
Stage Style: DECORATED
Scene Factory: class com.almasb.fxgl.app.scene.SceneFactory

18:35:48.411 [JavaFX Application Thread] DEBUG FXGLApplication      - Initializing FXGL
18:35:48.417 [JavaFX Application Thread] INFO  Engine               - FXGL-17.1 (24.03.2022 17.34) on WINDOWS (J:19.0.2 FX:18)
18:35:48.417 [JavaFX Application Thread] DEBUG Engine               - JRE Vendor Name: Oracle Corporation
18:35:48.418 [JavaFX Application Thread] DEBUG Engine               - Running on OS: Windows 11 version 10.0
18:35:48.418 [JavaFX Application Thread] DEBUG Engine               - Architecture: amd64
18:35:48.418 [JavaFX Application Thread] INFO  Engine               - Source code and latest versions at: https://github.com/AlmasB/FXGL
18:35:48.418 [JavaFX Application Thread] INFO  Engine               -       Ask questions and discuss at: https://github.com/AlmasB/FXGL/discussions
18:35:48.418 [JavaFX Application Thread] INFO  Engine               -              Join the FXGL chat at: https://gitter.im/AlmasB/FXGL
18:35:48.604 [JavaFX Application Thread] DEBUG PrimaryStageWindow   - Creating a JavaFX scene
18:35:48.665 [JavaFX Application Thread] DEBUG PrimaryStageWindow   - Target settings size: 800.0 x 600.0
18:35:48.666 [JavaFX Application Thread] DEBUG PrimaryStageWindow   - Scaled scene size:    800.0 x 600.0
18:35:48.666 [JavaFX Application Thread] DEBUG PrimaryStageWindow   - Scaled ratio: (1.0, 1.0)
18:35:48.668 [JavaFX Application Thread] DEBUG PrimaryStageWindow   - Set initial scene to FXGLStartupScene
18:35:48.678 [JavaFX Application Thread] DEBUG PrimaryStageWindow   - Opening main window
18:35:48.803 [JavaFX Application Thread] DEBUG PrimaryStageWindow   - Window border size: (14.4000244140625, 37.5999755859375)
18:35:48.803 [JavaFX Application Thread] DEBUG PrimaryStageWindow   - Scaled size: 800.0 x 600.0
18:35:48.804 [JavaFX Application Thread] DEBUG PrimaryStageWindow   - Scaled ratio: (1.0, 1.0)
18:35:48.804 [JavaFX Application Thread] DEBUG PrimaryStageWindow   - Scene size: 800.0 x 600.0
18:35:48.804 [JavaFX Application Thread] DEBUG PrimaryStageWindow   - Stage size: 814.4000244140625 x 637.5999755859375
18:35:48.816 [FXGL Background Thread 1 ] DEBUG Engine               - Initializing environment variables
18:35:48.873 [FXGL Background Thread 1 ] DEBUG FXGLAssetLoaderServi - User app class for loading assets: class org.example.restaurant.Main
18:35:48.873 [FXGL Background Thread 1 ] DEBUG GameApplicationServi - Applying CSS: fxgl_dark.css
18:35:48.875 [FXGL Background Thread 1 ] DEBUG FXGLAssetLoaderServi - Loading from file system: jar:file:/C:/Users/lucas/.m2/repository/com/github/almasb/fxgl/17.1/fxgl-17.1.jar!/fxglassets/ui/css/fxgl_dark.css
18:35:48.942 [FXGL Background Thread 1 ] DEBUG GameApplicationServi - Initializing application scenes
18:35:49.009 [FXGL Background Thread 1 ] DEBUG GameWorld            - Game world initialized
18:35:49.199 [FXGL Background Thread 1 ] DEBUG PhysicsWorld         - Physics world initialized: appHeight=600, physics.ppm=50.0
18:35:49.199 [FXGL Background Thread 1 ] DEBUG PhysicsWorld         - Using strategy: BRUTE_FORCE
18:35:49.205 [FXGL Background Thread 1 ] DEBUG GameScene            - Game scene initialized: 800x600
18:35:49.231 [FXGL Background Thread 1 ] DEBUG FXGL.DefaultMenu     - createMenuBodyGameMenu()
18:35:49.263 [FXGL Background Thread 1 ] DEBUG FXGL.DefaultMenu     - createOptionsMenu()
18:35:49.291 [FXGL Background Thread 1 ] DEBUG FXGLAssetLoaderServi - Loading from file system: jar:file:/C:/Users/lucas/.m2/repository/com/github/almasb/fxgl/17.1/fxgl-17.1.jar!/fxglassets/textures/particles/smoke.png
18:35:49.440 [FXGL Background Thread 1 ] DEBUG FXGLAssetLoaderServi - Loading from file system: jar:file:/C:/Users/lucas/.m2/repository/com/github/almasb/fxgl/17.1/fxgl-17.1.jar!/fxglassets/textures/particles/trace_horizontal.png
18:35:49.479 [FXGL Background Thread 1 ] DEBUG GameApplicationServi - Application scenes initialized
18:35:49.515 [FXGL Background Thread 1 ] DEBUG SystemBundleService  - Loading default FXGL system data
18:35:49.516 [FXGL Background Thread 1 ] DEBUG UpdaterService       - Checking for updates
18:35:49.527 [FXGL Background Thread 4 ] DEBUG FXGLApplication      - Loading fonts
18:35:49.528 [FXGL Background Thread 4 ] DEBUG FXGLAssetLoaderServi - Loading from file system: jar:file:/C:/Users/lucas/.m2/repository/com/github/almasb/fxgl/17.1/fxgl-17.1.jar!/fxglassets/ui/fonts/VarelaRound-Regular.ttf
18:35:49.528 [FXGL Background Thread 1 ] DEBUG FXGLApplication      - Loading default localization
18:35:49.529 [FXGL Background Thread 1 ] DEBUG FXGLAssetLoaderServi - Loading from file system: jar:file:/C:/Users/lucas/.m2/repository/com/github/almasb/fxgl/17.1/fxgl-17.1.jar!/fxglassets/languages/english.lang
18:35:49.543 [FXGL Background Thread 4 ] DEBUG FXGLAssetLoaderServi - Loading from file system: jar:file:/C:/Users/lucas/.m2/repository/com/github/almasb/fxgl/17.1/fxgl-17.1.jar!/fxglassets/ui/fonts/Abel-Regular.ttf
18:35:49.548 [FXGL Background Thread 4 ] DEBUG FXGLAssetLoaderServi - Loading from file system: jar:file:/C:/Users/lucas/.m2/repository/com/github/almasb/fxgl/17.1/fxgl-17.1.jar!/fxglassets/ui/fonts/TerminalLandMono-Regular.otf
18:35:49.553 [FXGL Background Thread 4 ] DEBUG FXGLAssetLoaderServi - Loading from file system: jar:file:/C:/Users/lucas/.m2/repository/com/github/almasb/fxgl/17.1/fxgl-17.1.jar!/fxglassets/ui/fonts/Courier-Prime.ttf
18:35:49.561 [FXGL Background Thread 1 ] INFO  FXGLApplication      - FXGL initialization took: 0.745 sec
18:35:49.563 [JavaFX Application Thread] DEBUG FXGLAssetLoaderServi - Loading from file system: jar:file:/C:/Users/lucas/.m2/repository/com/github/almasb/fxgl/17.1/fxgl-17.1.jar!/fxglassets/textures/fxgl_icon.png
18:35:49.602 [JavaFX Application Thread] DEBUG FXGLAssetLoaderServi - Loading from file system: jar:file:/C:/Users/lucas/.m2/repository/com/github/almasb/fxgl/17.1/fxgl-17.1.jar!/fxglassets/textures/fxgl_default_cursor.png
18:35:49.619 [JavaFX Application Thread] DEBUG Input                - Registered new binding: Screenshot - CTRL+8
18:35:49.619 [JavaFX Application Thread] DEBUG Input                - Registered new binding: System info dump - CTRL+9
18:35:49.620 [JavaFX Application Thread] DEBUG Input                - Registered new binding: Restart - CTRL+R
18:35:49.620 [JavaFX Application Thread] DEBUG Input                - Registered new binding: Toggle Debug Camera - CTRL+7
18:35:49.624 [JavaFX Application Thread] DEBUG LoopRunner           - Starting loop
18:35:49.624 [JavaFX Application Thread] DEBUG LoopRunner           - Initializing JavaFX AnimationTimerLoop
18:35:49.628 [JavaFX Application Thread] DEBUG GameApplicationServi - Starting new game
18:35:49.628 [JavaFX Application Thread] DEBUG Input                - Clearing active input actions
18:35:49.643 [JavaFX Application Thread] DEBUG GameApplicationServi - Removing overlay from FXGLStartupScene and adding to FXGLLoadingScene
18:35:49.643 [JavaFX Application Thread] DEBUG PrimaryStageWindow   - FXGLStartupScene -> FXGLLoadingScene
18:35:49.644 [JavaFX Application Thread] DEBUG GameApplicationServi - Clearing previous game
18:35:49.644 [JavaFX Application Thread] DEBUG GameScene            - Clearing game scene
18:35:49.644 [JavaFX Application Thread] DEBUG GameWorld            - Clearing game world
18:35:49.644 [JavaFX Application Thread] DEBUG PhysicsWorld         - Clearing physics world
18:35:49.645 [JavaFX Application Thread] DEBUG FXGLApplication      - Registering font factories with UI factory
18:35:49.646 [FXGL Background Thread 1 ] DEBUG FXGLApplication      - Initializing game
18:35:49.648 [FXGL Background Thread 1 ] INFO  FXGLApplication      - Game initialization took: 0.001 sec
18:35:49.714 [JavaFX Application Thread] DEBUG Input                - Clearing active input actions
18:35:49.726 [JavaFX Application Thread] DEBUG GameApplicationServi - Removing overlay from FXGLLoadingScene and adding to GameScene
18:35:49.726 [JavaFX Application Thread] DEBUG PrimaryStageWindow   - FXGLLoadingScene -> GameScene
18:35:50.197 [FXGL Background Thread 2 ] INFO  UpdaterService       - Your current version:  17.1
18:35:50.197 [FXGL Background Thread 2 ] INFO  UpdaterService       - Latest stable version: 21.1
18:35:50.964 [JavaFX Application Thread] DEBUG FXGLApplication      - Exiting FXGL
18:35:50.964 [JavaFX Application Thread] DEBUG LoopRunner           - Stopping loop
18:35:50.964 [JavaFX Application Thread] DEBUG SystemBundleService  - Saving FXGL system data
18:35:50.965 [JavaFX Application Thread] DEBUG FileSystemAccess     - Writing to: C:\Users\lucas\OneDrive\Escritorio\UP\7 CUATRI\PROGRAMACION CONCURRENTE\simulador-restaurant\system\fxgl.bundle
18:35:50.968 [JavaFX Application Thread] DEBUG Async                - Shutting down background threads
18:35:50.968 [JavaFX Application Thread] DEBUG PrimaryStageWindow   - Closing main window
18:35:50.996 [JavaFX Application Thread] DEBUG Logger               - Closing Logger
