00:26:01.902 [main                     ] DEBUG Logger               - Configured Logger
00:26:01.926 [main                     ] DEBUG GameApplication      - Logging settings
Title: Restaurant Sayayin
Version: 0.0
Width: 1053
Height: 560
Fullscreen: false
Intro: false
Profiling: false
Single step:false
App Mode: DEVELOPER
Menu Key: ESCAPE
Stage Style: DECORATED
Scene Factory: class com.almasb.fxgl.app.scene.SceneFactory

00:26:02.609 [JavaFX Application Thread] DEBUG FXGLApplication      - Initializing FXGL
00:26:02.616 [JavaFX Application Thread] INFO  Engine               - FXGL-17.1 (24.03.2022 17.34) on WINDOWS (J:19.0.2 FX:18)
00:26:02.616 [JavaFX Application Thread] DEBUG Engine               - JRE Vendor Name: Oracle Corporation
00:26:02.617 [JavaFX Application Thread] DEBUG Engine               - Running on OS: Windows 11 version 10.0
00:26:02.617 [JavaFX Application Thread] DEBUG Engine               - Architecture: amd64
00:26:02.617 [JavaFX Application Thread] INFO  Engine               - Source code and latest versions at: https://github.com/AlmasB/FXGL
00:26:02.617 [JavaFX Application Thread] INFO  Engine               -       Ask questions and discuss at: https://github.com/AlmasB/FXGL/discussions
00:26:02.617 [JavaFX Application Thread] INFO  Engine               -              Join the FXGL chat at: https://gitter.im/AlmasB/FXGL
00:26:02.794 [JavaFX Application Thread] DEBUG PrimaryStageWindow   - Creating a JavaFX scene
00:26:02.867 [JavaFX Application Thread] DEBUG PrimaryStageWindow   - Target settings size: 1053.0 x 560.0
00:26:02.867 [JavaFX Application Thread] DEBUG PrimaryStageWindow   - Scaled scene size:    1053.0 x 560.0
00:26:02.867 [JavaFX Application Thread] DEBUG PrimaryStageWindow   - Scaled ratio: (1.0, 1.0)
00:26:02.868 [JavaFX Application Thread] DEBUG PrimaryStageWindow   - Set initial scene to FXGLStartupScene
00:26:02.878 [JavaFX Application Thread] DEBUG PrimaryStageWindow   - Opening main window
00:26:02.987 [JavaFX Application Thread] DEBUG PrimaryStageWindow   - Window border size: (15.0, 37.5999755859375)
00:26:02.988 [JavaFX Application Thread] DEBUG PrimaryStageWindow   - Scaled size: 1053.0 x 560.0
00:26:02.988 [JavaFX Application Thread] DEBUG PrimaryStageWindow   - Scaled ratio: (1.0, 1.0)
00:26:02.988 [JavaFX Application Thread] DEBUG PrimaryStageWindow   - Scene size: 1053.0 x 560.0
00:26:02.988 [JavaFX Application Thread] DEBUG PrimaryStageWindow   - Stage size: 1068.0 x 597.5999755859375
00:26:02.996 [FXGL Background Thread 1 ] DEBUG Engine               - Initializing environment variables
00:26:03.052 [FXGL Background Thread 1 ] DEBUG FXGLAssetLoaderServi - User app class for loading assets: class org.example.restaurant.Main
00:26:03.052 [FXGL Background Thread 1 ] DEBUG GameApplicationServi - Applying CSS: fxgl_dark.css
00:26:03.054 [FXGL Background Thread 1 ] DEBUG FXGLAssetLoaderServi - Loading from file system: jar:file:/C:/Users/lucas/.m2/repository/com/github/almasb/fxgl/17.1/fxgl-17.1.jar!/fxglassets/ui/css/fxgl_dark.css
00:26:03.106 [FXGL Background Thread 1 ] DEBUG GameApplicationServi - Initializing application scenes
00:26:03.169 [FXGL Background Thread 1 ] DEBUG GameWorld            - Game world initialized
00:26:03.252 [FXGL Background Thread 1 ] DEBUG PhysicsWorld         - Physics world initialized: appHeight=560, physics.ppm=50.0
00:26:03.253 [FXGL Background Thread 1 ] DEBUG PhysicsWorld         - Using strategy: BRUTE_FORCE
00:26:03.258 [FXGL Background Thread 1 ] DEBUG GameScene            - Game scene initialized: 1053x560
00:26:03.282 [FXGL Background Thread 1 ] WARN  FXGL.DefaultMenu     - FXGLDefaultMenu is not designed for resolutions < 800x600
00:26:03.283 [FXGL Background Thread 1 ] DEBUG FXGL.DefaultMenu     - createMenuBodyMainMenu()
00:26:03.326 [FXGL Background Thread 1 ] DEBUG FXGL.DefaultMenu     - createOptionsMenu()
00:26:03.350 [FXGL Background Thread 1 ] DEBUG FXGLAssetLoaderServi - Loading from file system: jar:file:/C:/Users/lucas/.m2/repository/com/github/almasb/fxgl/17.1/fxgl-17.1.jar!/fxglassets/textures/particles/smoke.png
00:26:03.480 [FXGL Background Thread 1 ] DEBUG FXGLAssetLoaderServi - Loading from file system: jar:file:/C:/Users/lucas/.m2/repository/com/github/almasb/fxgl/17.1/fxgl-17.1.jar!/fxglassets/textures/particles/trace_horizontal.png
00:26:03.504 [FXGL Background Thread 1 ] WARN  FXGL.DefaultMenu     - FXGLDefaultMenu is not designed for resolutions < 800x600
00:26:03.504 [FXGL Background Thread 1 ] DEBUG FXGL.DefaultMenu     - createMenuBodyGameMenu()
00:26:03.505 [FXGL Background Thread 1 ] DEBUG FXGL.DefaultMenu     - createOptionsMenu()
00:26:03.520 [FXGL Background Thread 1 ] DEBUG GameApplicationServi - Application scenes initialized
00:26:03.538 [FXGL Background Thread 1 ] DEBUG SystemBundleService  - Loading FXGL system data
00:26:03.541 [FXGL Background Thread 1 ] DEBUG FileSystemAccess     - Reading from: C:\Users\lucas\OneDrive\Escritorio\UP\7 CUATRI\PROGRAMACION CONCURRENTE\simulador-restaurant\system\fxgl.bundle
00:26:03.544 [FXGL Background Thread 1 ] DEBUG SystemBundleService  - Bundle FXGL: {}
00:26:03.544 [FXGL Background Thread 1 ] DEBUG UpdaterService       - Checking for updates
00:26:03.549 [FXGL Background Thread 4 ] DEBUG FXGLApplication      - Loading fonts
00:26:03.550 [FXGL Background Thread 1 ] DEBUG FXGLApplication      - Loading default localization
00:26:03.551 [FXGL Background Thread 1 ] DEBUG FXGLAssetLoaderServi - Loading from file system: jar:file:/C:/Users/lucas/.m2/repository/com/github/almasb/fxgl/17.1/fxgl-17.1.jar!/fxglassets/languages/english.lang
00:26:03.559 [FXGL Background Thread 4 ] DEBUG FXGLAssetLoaderServi - Loading from file system: jar:file:/C:/Users/lucas/.m2/repository/com/github/almasb/fxgl/17.1/fxgl-17.1.jar!/fxglassets/ui/fonts/Abel-Regular.ttf
00:26:03.564 [FXGL Background Thread 4 ] DEBUG FXGLAssetLoaderServi - Loading from file system: jar:file:/C:/Users/lucas/.m2/repository/com/github/almasb/fxgl/17.1/fxgl-17.1.jar!/fxglassets/ui/fonts/TerminalLandMono-Regular.otf
00:26:03.568 [FXGL Background Thread 4 ] DEBUG FXGLAssetLoaderServi - Loading from file system: jar:file:/C:/Users/lucas/.m2/repository/com/github/almasb/fxgl/17.1/fxgl-17.1.jar!/fxglassets/ui/fonts/Courier-Prime.ttf
00:26:03.574 [JavaFX Application Thread] DEBUG FXGLApplication      - Registering font factories with UI factory
00:26:03.585 [FXGL Background Thread 1 ] INFO  FXGLApplication      - FXGL initialization took: 0.589 sec
00:26:03.587 [JavaFX Application Thread] DEBUG FXGLAssetLoaderServi - Loading from file system: jar:file:/C:/Users/lucas/.m2/repository/com/github/almasb/fxgl/17.1/fxgl-17.1.jar!/fxglassets/textures/fxgl_icon.png
00:26:03.614 [JavaFX Application Thread] DEBUG FXGLAssetLoaderServi - Loading from file system: jar:file:/C:/Users/lucas/.m2/repository/com/github/almasb/fxgl/17.1/fxgl-17.1.jar!/fxglassets/textures/fxgl_default_cursor.png
00:26:03.630 [JavaFX Application Thread] DEBUG Input                - Registered new binding: Screenshot - CTRL+8
00:26:03.631 [JavaFX Application Thread] DEBUG Input                - Registered new binding: System info dump - CTRL+9
00:26:03.632 [JavaFX Application Thread] DEBUG Input                - Registered new binding: Restart - CTRL+R
00:26:03.633 [JavaFX Application Thread] DEBUG Input                - Registered new binding: Toggle Debug Camera - CTRL+7
00:26:03.636 [JavaFX Application Thread] DEBUG LoopRunner           - Starting loop
00:26:03.636 [JavaFX Application Thread] DEBUG LoopRunner           - Initializing JavaFX AnimationTimerLoop
00:26:03.640 [JavaFX Application Thread] DEBUG Input                - Clearing active input actions
00:26:03.649 [JavaFX Application Thread] DEBUG GameApplicationServi - Removing overlay from FXGLStartupScene and adding to FXGLMainMenuDummyScene
00:26:03.650 [JavaFX Application Thread] DEBUG PrimaryStageWindow   - FXGLStartupScene -> FXGLMainMenuDummyScene
00:26:03.650 [JavaFX Application Thread] DEBUG PrimaryStageWindow   - Push state: FXGLDefaultMenu
00:26:03.659 [JavaFX Application Thread] DEBUG Input                - Clearing active input actions
00:26:03.673 [JavaFX Application Thread] DEBUG GameApplicationServi - Removing overlay from FXGLMainMenuDummyScene and adding to FXGLDefaultMenu
00:26:03.673 [JavaFX Application Thread] DEBUG PrimaryStageWindow   - FXGLMainMenuDummyScene -> FXGLDefaultMenu
00:26:04.177 [FXGL Background Thread 2 ] INFO  UpdaterService       - Your current version:  17.1
00:26:04.177 [FXGL Background Thread 2 ] INFO  UpdaterService       - Latest stable version: 21.1
00:26:04.745 [JavaFX Application Thread] DEBUG Menu                 - fireNewGame()
00:26:04.746 [JavaFX Application Thread] DEBUG GameApplicationServi - Starting new game
00:26:04.750 [JavaFX Application Thread] DEBUG PrimaryStageWindow   - Pop state: FXGLDefaultMenu
00:26:04.750 [JavaFX Application Thread] DEBUG Input                - Clearing active input actions
00:26:04.752 [JavaFX Application Thread] DEBUG GameApplicationServi - Removing overlay from FXGLDefaultMenu and adding to FXGLMainMenuDummyScene
00:26:04.753 [JavaFX Application Thread] DEBUG PrimaryStageWindow   - FXGLMainMenuDummyScene <- FXGLDefaultMenu
00:26:04.754 [JavaFX Application Thread] DEBUG Input                - Clearing active input actions
00:26:04.765 [JavaFX Application Thread] DEBUG GameApplicationServi - Removing overlay from FXGLMainMenuDummyScene and adding to FXGLLoadingScene
00:26:04.766 [JavaFX Application Thread] DEBUG PrimaryStageWindow   - FXGLMainMenuDummyScene -> FXGLLoadingScene
00:26:04.766 [JavaFX Application Thread] DEBUG GameApplicationServi - Clearing previous game
00:26:04.766 [JavaFX Application Thread] DEBUG GameScene            - Clearing game scene
00:26:04.766 [JavaFX Application Thread] DEBUG GameWorld            - Clearing game world
00:26:04.766 [JavaFX Application Thread] DEBUG PhysicsWorld         - Clearing physics world
00:26:04.769 [FXGL Background Thread 2 ] DEBUG FXGLApplication      - Initializing game
00:26:04.855 [FXGL Background Thread 2 ] DEBUG FXGLAssetLoaderServi - Loading from file system: file:/C:/Users/lucas/OneDrive/Escritorio/UP/7%20CUATRI/PROGRAMACION%20CONCURRENTE/simulador-restaurant/target/classes/assets/textures/Restaurante.png
00:26:04.904 [FXGL Background Thread 2 ] INFO  FXGLApplication      - Game initialization took: 0.135 sec
00:26:04.905 [JavaFX Application Thread] DEBUG Input                - Clearing active input actions
00:26:04.912 [JavaFX Application Thread] DEBUG GameApplicationServi - Removing overlay from FXGLLoadingScene and adding to GameScene
00:26:04.912 [JavaFX Application Thread] DEBUG PrimaryStageWindow   - FXGLLoadingScene -> GameScene
00:26:06.548 [FXGL Background Thread 3 ] DEBUG Engine               - Logging environment variables
00:26:06.548 [FXGL Background Thread 3 ] DEBUG Engine               - achievements: []
00:26:06.549 [FXGL Background Thread 3 ] DEBUG Engine               - actualHeight: 560.0
00:26:06.549 [FXGL Background Thread 3 ] DEBUG Engine               - actualHeightProperty: ReadOnlyDoubleProperty [value: 560.0]
00:26:06.549 [FXGL Background Thread 3 ] DEBUG Engine               - actualWidth: 1053.0
00:26:06.549 [FXGL Background Thread 3 ] DEBUG Engine               - actualWidthProperty: ReadOnlyDoubleProperty [value: 1053.0]
00:26:06.549 [FXGL Background Thread 3 ] DEBUG Engine               - appIcon: fxgl_icon.png
00:26:06.549 [FXGL Background Thread 3 ] DEBUG Engine               - applicationMode: DEVELOPER
00:26:06.549 [FXGL Background Thread 3 ] DEBUG Engine               - cSSList: [fxgl_dark.css]
00:26:06.549 [FXGL Background Thread 3 ] DEBUG Engine               - collisionDetectionStrategy: BRUTE_FORCE
00:26:06.549 [FXGL Background Thread 3 ] DEBUG Engine               - configClass: Optional.empty
00:26:06.549 [FXGL Background Thread 3 ] DEBUG Engine               - credits: []
00:26:06.549 [FXGL Background Thread 3 ] DEBUG Engine               - defaultCursor: CursorInfo(imageName=fxgl_default_cursor.png, hotspotX=7.0, hotspotY=6.0)
00:26:06.549 [FXGL Background Thread 3 ] DEBUG Engine               - devBBoxColorProperty: ObjectProperty [value: 0xff0000ff]
00:26:06.549 [FXGL Background Thread 3 ] DEBUG Engine               - devEnableDebugCameraProperty: BooleanProperty [value: false]
00:26:06.549 [FXGL Background Thread 3 ] DEBUG Engine               - devSensorColorProperty: ObjectProperty [value: 0xffff00ff]
00:26:06.549 [FXGL Background Thread 3 ] DEBUG Engine               - devShowBBoxProperty: BooleanProperty [value: false]
00:26:06.549 [FXGL Background Thread 3 ] DEBUG Engine               - devShowPositionProperty: BooleanProperty [value: false]
00:26:06.550 [FXGL Background Thread 3 ] DEBUG Engine               - enabledMenuItems: []
00:26:06.550 [FXGL Background Thread 3 ] DEBUG Engine               - engineServices: [class com.almasb.fxgl.app.services.FXGLAssetLoaderService, class com.almasb.fxgl.app.FXGLApplication$GameApplicationService, class com.almasb.fxgl.app.services.FXGLDialogService, class com.almasb.fxgl.app.services.IOTaskExecutorService, class com.almasb.fxgl.io.FileSystemService, class com.almasb.fxgl.localization.LocalizationService, class com.almasb.fxgl.app.services.SystemBundleService, class com.almasb.fxgl.profile.SaveLoadService, class com.almasb.fxgl.ui.FXGLUIFactoryServiceProvider, class com.almasb.fxgl.ui.FXGLDialogFactoryServiceProvider, class com.almasb.fxgl.audio.AudioPlayer, class com.almasb.fxgl.notification.impl.NotificationServiceProvider, class com.almasb.fxgl.achievement.AchievementService, class com.almasb.fxgl.cutscene.CutsceneService, class com.almasb.fxgl.minigames.MiniGameService, class com.almasb.fxgl.net.NetService, class com.almasb.fxgl.app.services.UpdaterService, class com.almasb.fxgl.dev.DevService]
00:26:06.550 [FXGL Background Thread 3 ] DEBUG Engine               - fontGame: Abel-Regular.ttf
00:26:06.550 [FXGL Background Thread 3 ] DEBUG Engine               - fontMono: TerminalLandMono-Regular.otf
00:26:06.550 [FXGL Background Thread 3 ] DEBUG Engine               - fontText: Courier-Prime.ttf
00:26:06.550 [FXGL Background Thread 3 ] DEBUG Engine               - fontUI: VarelaRound-Regular.ttf
00:26:06.550 [FXGL Background Thread 3 ] DEBUG Engine               - fullScreen: BooleanProperty [value: false]
00:26:06.550 [FXGL Background Thread 3 ] DEBUG Engine               - gameDifficulty: MEDIUM
00:26:06.550 [FXGL Background Thread 3 ] DEBUG Engine               - gameDifficultyProperty: ObjectProperty [value: MEDIUM]
00:26:06.550 [FXGL Background Thread 3 ] DEBUG Engine               - globalMusicVolume: 0.5
00:26:06.550 [FXGL Background Thread 3 ] DEBUG Engine               - globalMusicVolumeProperty: DoubleProperty [value: 0.5]
00:26:06.550 [FXGL Background Thread 3 ] DEBUG Engine               - globalSoundVolume: 0.5
00:26:06.550 [FXGL Background Thread 3 ] DEBUG Engine               - globalSoundVolumeProperty: DoubleProperty [value: 0.5]
00:26:06.550 [FXGL Background Thread 3 ] DEBUG Engine               - height: 560
00:26:06.550 [FXGL Background Thread 3 ] DEBUG Engine               - is3D: false
00:26:06.550 [FXGL Background Thread 3 ] DEBUG Engine               - isAndroid: false
00:26:06.550 [FXGL Background Thread 3 ] DEBUG Engine               - isBrowser: false
00:26:06.550 [FXGL Background Thread 3 ] DEBUG Engine               - isClickFeedbackEnabled: false
00:26:06.550 [FXGL Background Thread 3 ] DEBUG Engine               - isCloseConfirmation: false
00:26:06.550 [FXGL Background Thread 3 ] DEBUG Engine               - isDesktop: true
00:26:06.550 [FXGL Background Thread 3 ] DEBUG Engine               - isDeveloperMenuEnabled: false
00:26:06.550 [FXGL Background Thread 3 ] DEBUG Engine               - isEmbedded: false
00:26:06.550 [FXGL Background Thread 3 ] DEBUG Engine               - isEntityPreloadEnabled: true
00:26:06.550 [FXGL Background Thread 3 ] DEBUG Engine               - isExperimentalTiledLargeMap: false
00:26:06.550 [FXGL Background Thread 3 ] DEBUG Engine               - isFileSystemWriteAllowed: true
00:26:06.550 [FXGL Background Thread 3 ] DEBUG Engine               - isFullScreenAllowed: false
00:26:06.550 [FXGL Background Thread 3 ] DEBUG Engine               - isFullScreenFromStart: false
00:26:06.550 [FXGL Background Thread 3 ] DEBUG Engine               - isGameMenuEnabled: true
00:26:06.550 [FXGL Background Thread 3 ] DEBUG Engine               - isIOS: false
00:26:06.551 [FXGL Background Thread 3 ] DEBUG Engine               - isIntroEnabled: false
00:26:06.551 [FXGL Background Thread 3 ] DEBUG Engine               - isLinux: false
00:26:06.551 [FXGL Background Thread 3 ] DEBUG Engine               - isMac: false
00:26:06.551 [FXGL Background Thread 3 ] DEBUG Engine               - isMainMenuEnabled: true
00:26:06.551 [FXGL Background Thread 3 ] DEBUG Engine               - isManualResizeEnabled: false
00:26:06.551 [FXGL Background Thread 3 ] DEBUG Engine               - isMobile: false
00:26:06.551 [FXGL Background Thread 3 ] DEBUG Engine               - isNative: false
00:26:06.551 [FXGL Background Thread 3 ] DEBUG Engine               - isPauseMusicWhenMinimized: true
00:26:06.551 [FXGL Background Thread 3 ] DEBUG Engine               - isPreserveResizeRatio: false
00:26:06.551 [FXGL Background Thread 3 ] DEBUG Engine               - isProfilingEnabled: false
00:26:06.551 [FXGL Background Thread 3 ] DEBUG Engine               - isScaleAffectedOnResize: true
00:26:06.551 [FXGL Background Thread 3 ] DEBUG Engine               - isSingleStep: false
00:26:06.551 [FXGL Background Thread 3 ] DEBUG Engine               - isUserProfileEnabled: false
00:26:06.551 [FXGL Background Thread 3 ] DEBUG Engine               - isWindows: true
00:26:06.551 [FXGL Background Thread 3 ] DEBUG Engine               - language: ObjectProperty [value: ENGLISH]
00:26:06.551 [FXGL Background Thread 3 ] DEBUG Engine               - menuKey: ESCAPE
00:26:06.551 [FXGL Background Thread 3 ] DEBUG Engine               - mouseSensitivity: 0.2
00:26:06.551 [FXGL Background Thread 3 ] DEBUG Engine               - notificationViewClass: class com.almasb.fxgl.notification.view.XboxNotificationView
00:26:06.551 [FXGL Background Thread 3 ] DEBUG Engine               - pixelsPerMeter: 50.0
00:26:06.551 [FXGL Background Thread 3 ] DEBUG Engine               - platform: WINDOWS
00:26:06.551 [FXGL Background Thread 3 ] DEBUG Engine               - prefHeightProperty: ReadOnlyDoubleProperty [value: 560.0]
00:26:06.551 [FXGL Background Thread 3 ] DEBUG Engine               - prefWidthProperty: ReadOnlyDoubleProperty [value: 1053.0]
00:26:06.551 [FXGL Background Thread 3 ] DEBUG Engine               - profileDir: profiles/
00:26:06.551 [FXGL Background Thread 3 ] DEBUG Engine               - profileName: StringProperty [value: DEFAULT]
00:26:06.551 [FXGL Background Thread 3 ] DEBUG Engine               - randomSeed: -1
00:26:06.551 [FXGL Background Thread 3 ] DEBUG Engine               - runtimeInfo: RuntimeInfo(platform=WINDOWS, version=17.1, build=24.03.2022 17.34)
00:26:06.551 [FXGL Background Thread 3 ] DEBUG Engine               - saveFileExt: sav
00:26:06.551 [FXGL Background Thread 3 ] DEBUG Engine               - scaledHeightProp$fxgl: DoubleProperty [bound, value: 560.0]
00:26:06.551 [FXGL Background Thread 3 ] DEBUG Engine               - scaledWidthProp$fxgl: DoubleProperty [bound, value: 1053.0]
00:26:06.552 [FXGL Background Thread 3 ] DEBUG Engine               - sceneFactory: com.almasb.fxgl.app.scene.SceneFactory@7548c53f
00:26:06.552 [FXGL Background Thread 3 ] DEBUG Engine               - secondsIn24h: 60
00:26:06.552 [FXGL Background Thread 3 ] DEBUG Engine               - soundMenuBack: menu/back.wav
00:26:06.552 [FXGL Background Thread 3 ] DEBUG Engine               - soundMenuPress: menu/press.wav
00:26:06.552 [FXGL Background Thread 3 ] DEBUG Engine               - soundMenuSelect: menu/select.wav
00:26:06.552 [FXGL Background Thread 3 ] DEBUG Engine               - soundNotification: core/notification.wav
00:26:06.552 [FXGL Background Thread 3 ] DEBUG Engine               - stageStyle: DECORATED
00:26:06.552 [FXGL Background Thread 3 ] DEBUG Engine               - supportedLanguages: [ENGLISH, FRENCH, GERMAN, HUNGARIAN, RUSSIAN]
00:26:06.552 [FXGL Background Thread 3 ] DEBUG Engine               - ticksPerSecond: -1
00:26:06.552 [FXGL Background Thread 3 ] DEBUG Engine               - title: Restaurant Sayayin
00:26:06.552 [FXGL Background Thread 3 ] DEBUG Engine               - urlGithub: https://github.com/AlmasB/FXGL
00:26:06.552 [FXGL Background Thread 3 ] DEBUG Engine               - urlLeaderboard: http://fxgl-top.herokuapp.com/
00:26:06.552 [FXGL Background Thread 3 ] DEBUG Engine               - urlPOM: https://raw.githubusercontent.com/AlmasB/FXGL/release/README.md
00:26:06.552 [FXGL Background Thread 3 ] DEBUG Engine               - userAppClass: class org.example.restaurant.Main
00:26:06.552 [FXGL Background Thread 3 ] DEBUG Engine               - version: 0.0
00:26:06.552 [FXGL Background Thread 3 ] DEBUG Engine               - versionCheckDays: 7
00:26:06.552 [FXGL Background Thread 3 ] DEBUG Engine               - width: 1053
00:26:06.552 [FXGL Background Thread 3 ] DEBUG Engine               - Logging services
00:26:06.552 [FXGL Background Thread 3 ] DEBUG Engine               - class com.almasb.fxgl.app.services.FXGLAssetLoaderService
00:26:06.552 [FXGL Background Thread 3 ] DEBUG Engine               - class com.almasb.fxgl.app.FXGLApplication$GameApplicationService
00:26:06.552 [FXGL Background Thread 3 ] DEBUG Engine               - class com.almasb.fxgl.app.services.FXGLDialogService
00:26:06.552 [FXGL Background Thread 3 ] DEBUG Engine               - class com.almasb.fxgl.app.services.IOTaskExecutorService
00:26:06.552 [FXGL Background Thread 3 ] DEBUG Engine               - class com.almasb.fxgl.io.FileSystemService
00:26:06.552 [FXGL Background Thread 3 ] DEBUG Engine               - class com.almasb.fxgl.localization.LocalizationService
00:26:06.552 [FXGL Background Thread 3 ] DEBUG Engine               - class com.almasb.fxgl.app.services.SystemBundleService
00:26:06.552 [FXGL Background Thread 3 ] DEBUG Engine               - class com.almasb.fxgl.profile.SaveLoadService
00:26:06.552 [FXGL Background Thread 3 ] DEBUG Engine               - class com.almasb.fxgl.ui.FXGLUIFactoryServiceProvider
00:26:06.552 [FXGL Background Thread 3 ] DEBUG Engine               - class com.almasb.fxgl.ui.FXGLDialogFactoryServiceProvider
00:26:06.552 [FXGL Background Thread 3 ] DEBUG Engine               - class com.almasb.fxgl.audio.AudioPlayer
00:26:06.552 [FXGL Background Thread 3 ] DEBUG Engine               - class com.almasb.fxgl.notification.impl.NotificationServiceProvider
00:26:06.552 [FXGL Background Thread 3 ] DEBUG Engine               - class com.almasb.fxgl.achievement.AchievementService
00:26:06.552 [FXGL Background Thread 3 ] DEBUG Engine               - class com.almasb.fxgl.cutscene.CutsceneService
00:26:06.552 [FXGL Background Thread 3 ] DEBUG Engine               - class com.almasb.fxgl.minigames.MiniGameService
00:26:06.552 [FXGL Background Thread 3 ] DEBUG Engine               - class com.almasb.fxgl.net.NetService
00:26:06.552 [FXGL Background Thread 3 ] DEBUG Engine               - class com.almasb.fxgl.app.services.UpdaterService
00:26:06.552 [FXGL Background Thread 3 ] DEBUG Engine               - class com.almasb.fxgl.dev.DevService
00:26:07.566 [JavaFX Application Thread] DEBUG FXGLAssetLoaderServi - Loading from file system: file:/C:/Users/lucas/OneDrive/Escritorio/UP/7%20CUATRI/PROGRAMACION%20CONCURRENTE/simulador-restaurant/target/classes/assets/textures/cliente.png
00:26:07.574 [JavaFX Application Thread] WARN  GameWorld            - Entity is already attached to world
00:26:07.580 [JavaFX Application Thread] DEBUG FXGLAssetLoaderServi - Loading from file system: file:/C:/Users/lucas/OneDrive/Escritorio/UP/7%20CUATRI/PROGRAMACION%20CONCURRENTE/simulador-restaurant/target/classes/assets/textures/mesero.png
00:26:07.584 [JavaFX Application Thread] WARN  GameWorld            - Entity is already attached to world
00:26:07.584 [JavaFX Application Thread] WARN  GameWorld            - Entity is already attached to world
00:26:10.537 [JavaFX Application Thread] WARN  GameWorld            - Entity is already attached to world
00:26:10.538 [JavaFX Application Thread] WARN  GameWorld            - Entity is already attached to world
00:26:10.539 [JavaFX Application Thread] WARN  GameWorld            - Entity is already attached to world
00:26:13.546 [JavaFX Application Thread] WARN  GameWorld            - Entity is already attached to world
00:26:16.569 [JavaFX Application Thread] WARN  GameWorld            - Entity is already attached to world
00:26:19.593 [JavaFX Application Thread] WARN  GameWorld            - Entity is already attached to world
00:26:22.618 [JavaFX Application Thread] WARN  GameWorld            - Entity is already attached to world
00:26:24.023 [JavaFX Application Thread] DEBUG FXGLApplication      - Exiting FXGL
00:26:24.023 [JavaFX Application Thread] DEBUG LoopRunner           - Stopping loop
00:26:24.024 [JavaFX Application Thread] DEBUG SystemBundleService  - Saving FXGL system data
00:26:24.025 [JavaFX Application Thread] DEBUG FileSystemAccess     - Writing to: C:\Users\lucas\OneDrive\Escritorio\UP\7 CUATRI\PROGRAMACION CONCURRENTE\simulador-restaurant\system\fxgl.bundle
00:26:24.026 [JavaFX Application Thread] DEBUG Async                - Shutting down background threads
00:26:24.026 [JavaFX Application Thread] DEBUG PrimaryStageWindow   - Closing main window
00:26:24.038 [JavaFX Application Thread] DEBUG Logger               - Closing Logger
