18:11:44.369 [main                     ] DEBUG Logger               - Configured Logger
18:11:44.382 [main                     ] DEBUG GameApplication      - Logging settings
Title: Restaurant Sayayin
Version: 0.0
Width: 1053
Height: 560
Fullscreen: false
Intro: false
Profiling: false
Single step:false
App Mode: DEVELOPER
Menu Key: ESCAPE
Stage Style: DECORATED
Scene Factory: class com.almasb.fxgl.app.scene.SceneFactory

18:11:44.816 [JavaFX Application Thread] DEBUG FXGLApplication      - Initializing FXGL
18:11:44.819 [JavaFX Application Thread] INFO  Engine               - FXGL-17.1 (24.03.2022 17.34) on WINDOWS (J:19.0.2 FX:18)
18:11:44.820 [JavaFX Application Thread] DEBUG Engine               - JRE Vendor Name: Oracle Corporation
18:11:44.820 [JavaFX Application Thread] DEBUG Engine               - Running on OS: Windows 11 version 10.0
18:11:44.820 [JavaFX Application Thread] DEBUG Engine               - Architecture: amd64
18:11:44.820 [JavaFX Application Thread] INFO  Engine               - Source code and latest versions at: https://github.com/AlmasB/FXGL
18:11:44.820 [JavaFX Application Thread] INFO  Engine               -       Ask questions and discuss at: https://github.com/AlmasB/FXGL/discussions
18:11:44.820 [JavaFX Application Thread] INFO  Engine               -              Join the FXGL chat at: https://gitter.im/AlmasB/FXGL
18:11:44.935 [JavaFX Application Thread] DEBUG PrimaryStageWindow   - Creating a JavaFX scene
18:11:44.979 [JavaFX Application Thread] DEBUG PrimaryStageWindow   - Target settings size: 1053.0 x 560.0
18:11:44.980 [JavaFX Application Thread] DEBUG PrimaryStageWindow   - Scaled scene size:    1053.0 x 560.0
18:11:44.980 [JavaFX Application Thread] DEBUG PrimaryStageWindow   - Scaled ratio: (1.0, 1.0)
18:11:44.981 [JavaFX Application Thread] DEBUG PrimaryStageWindow   - Set initial scene to FXGLStartupScene
18:11:44.987 [JavaFX Application Thread] DEBUG PrimaryStageWindow   - Opening main window
18:11:45.082 [JavaFX Application Thread] DEBUG PrimaryStageWindow   - Window border size: (15.0, 37.5999755859375)
18:11:45.082 [JavaFX Application Thread] DEBUG PrimaryStageWindow   - Scaled size: 1053.0 x 560.0
18:11:45.082 [JavaFX Application Thread] DEBUG PrimaryStageWindow   - Scaled ratio: (1.0, 1.0)
18:11:45.083 [JavaFX Application Thread] DEBUG PrimaryStageWindow   - Scene size: 1053.0 x 560.0
18:11:45.083 [JavaFX Application Thread] DEBUG PrimaryStageWindow   - Stage size: 1068.0 x 597.5999755859375
18:11:45.091 [FXGL Background Thread 1 ] DEBUG Engine               - Initializing environment variables
18:11:45.129 [FXGL Background Thread 1 ] DEBUG FXGLAssetLoaderServi - User app class for loading assets: class org.example.restaurant.Main
18:11:45.130 [FXGL Background Thread 1 ] DEBUG GameApplicationServi - Applying CSS: fxgl_dark.css
18:11:45.130 [FXGL Background Thread 1 ] DEBUG FXGLAssetLoaderServi - Loading from file system: jar:file:/C:/Users/lucas/.m2/repository/com/github/almasb/fxgl/17.1/fxgl-17.1.jar!/fxglassets/ui/css/fxgl_dark.css
18:11:45.173 [FXGL Background Thread 1 ] DEBUG GameApplicationServi - Initializing application scenes
18:11:45.209 [FXGL Background Thread 1 ] DEBUG GameWorld            - Game world initialized
18:11:45.267 [FXGL Background Thread 1 ] DEBUG PhysicsWorld         - Physics world initialized: appHeight=560, physics.ppm=50.0
18:11:45.267 [FXGL Background Thread 1 ] DEBUG PhysicsWorld         - Using strategy: BRUTE_FORCE
18:11:45.272 [FXGL Background Thread 1 ] DEBUG GameScene            - Game scene initialized: 1053x560
18:11:45.283 [FXGL Background Thread 1 ] WARN  FXGL.DefaultMenu     - FXGLDefaultMenu is not designed for resolutions < 800x600
18:11:45.284 [FXGL Background Thread 1 ] DEBUG FXGL.DefaultMenu     - createMenuBodyMainMenu()
18:11:45.299 [FXGL Background Thread 1 ] DEBUG FXGL.DefaultMenu     - createOptionsMenu()
18:11:45.310 [FXGL Background Thread 1 ] DEBUG FXGLAssetLoaderServi - Loading from file system: jar:file:/C:/Users/lucas/.m2/repository/com/github/almasb/fxgl/17.1/fxgl-17.1.jar!/fxglassets/textures/particles/smoke.png
18:11:45.419 [FXGL Background Thread 1 ] DEBUG FXGLAssetLoaderServi - Loading from file system: jar:file:/C:/Users/lucas/.m2/repository/com/github/almasb/fxgl/17.1/fxgl-17.1.jar!/fxglassets/textures/particles/trace_horizontal.png
18:11:45.454 [FXGL Background Thread 1 ] WARN  FXGL.DefaultMenu     - FXGLDefaultMenu is not designed for resolutions < 800x600
18:11:45.454 [FXGL Background Thread 1 ] DEBUG FXGL.DefaultMenu     - createMenuBodyGameMenu()
18:11:45.455 [FXGL Background Thread 1 ] DEBUG FXGL.DefaultMenu     - createOptionsMenu()
18:11:45.465 [FXGL Background Thread 1 ] DEBUG GameApplicationServi - Application scenes initialized
18:11:45.478 [FXGL Background Thread 1 ] DEBUG SystemBundleService  - Loading FXGL system data
18:11:45.480 [FXGL Background Thread 1 ] DEBUG FileSystemAccess     - Reading from: C:\Users\lucas\OneDrive\Escritorio\UP\7 CUATRI\PROGRAMACION CONCURRENTE\simulador-restaurant\system\fxgl.bundle
18:11:45.484 [FXGL Background Thread 1 ] DEBUG SystemBundleService  - Bundle FXGL: {}
18:11:45.484 [FXGL Background Thread 1 ] DEBUG UpdaterService       - Checking for updates
18:11:45.489 [FXGL Background Thread 4 ] DEBUG FXGLApplication      - Loading fonts
18:11:45.489 [FXGL Background Thread 1 ] DEBUG FXGLApplication      - Loading default localization
18:11:45.489 [FXGL Background Thread 4 ] DEBUG FXGLAssetLoaderServi - Loading from file system: jar:file:/C:/Users/lucas/.m2/repository/com/github/almasb/fxgl/17.1/fxgl-17.1.jar!/fxglassets/ui/fonts/VarelaRound-Regular.ttf
18:11:45.490 [FXGL Background Thread 1 ] DEBUG FXGLAssetLoaderServi - Loading from file system: jar:file:/C:/Users/lucas/.m2/repository/com/github/almasb/fxgl/17.1/fxgl-17.1.jar!/fxglassets/languages/english.lang
18:11:45.499 [FXGL Background Thread 4 ] DEBUG FXGLAssetLoaderServi - Loading from file system: jar:file:/C:/Users/lucas/.m2/repository/com/github/almasb/fxgl/17.1/fxgl-17.1.jar!/fxglassets/ui/fonts/Abel-Regular.ttf
18:11:45.504 [FXGL Background Thread 4 ] DEBUG FXGLAssetLoaderServi - Loading from file system: jar:file:/C:/Users/lucas/.m2/repository/com/github/almasb/fxgl/17.1/fxgl-17.1.jar!/fxglassets/ui/fonts/TerminalLandMono-Regular.otf
18:11:45.508 [FXGL Background Thread 4 ] DEBUG FXGLAssetLoaderServi - Loading from file system: jar:file:/C:/Users/lucas/.m2/repository/com/github/almasb/fxgl/17.1/fxgl-17.1.jar!/fxglassets/ui/fonts/Courier-Prime.ttf
18:11:45.510 [FXGL Background Thread 1 ] INFO  FXGLApplication      - FXGL initialization took: 0.420 sec
18:11:45.511 [JavaFX Application Thread] DEBUG FXGLAssetLoaderServi - Loading from file system: jar:file:/C:/Users/lucas/.m2/repository/com/github/almasb/fxgl/17.1/fxgl-17.1.jar!/fxglassets/textures/fxgl_icon.png
18:11:45.543 [JavaFX Application Thread] DEBUG FXGLAssetLoaderServi - Loading from file system: jar:file:/C:/Users/lucas/.m2/repository/com/github/almasb/fxgl/17.1/fxgl-17.1.jar!/fxglassets/textures/fxgl_default_cursor.png
18:11:45.559 [JavaFX Application Thread] DEBUG Input                - Registered new binding: Screenshot - CTRL+8
18:11:45.559 [JavaFX Application Thread] DEBUG Input                - Registered new binding: System info dump - CTRL+9
18:11:45.560 [JavaFX Application Thread] DEBUG Input                - Registered new binding: Restart - CTRL+R
18:11:45.561 [JavaFX Application Thread] DEBUG Input                - Registered new binding: Toggle Debug Camera - CTRL+7
18:11:45.564 [JavaFX Application Thread] DEBUG LoopRunner           - Starting loop
18:11:45.564 [JavaFX Application Thread] DEBUG LoopRunner           - Initializing JavaFX AnimationTimerLoop
18:11:45.570 [JavaFX Application Thread] DEBUG Input                - Clearing active input actions
18:11:45.578 [JavaFX Application Thread] DEBUG GameApplicationServi - Removing overlay from FXGLStartupScene and adding to FXGLMainMenuDummyScene
18:11:45.578 [JavaFX Application Thread] DEBUG PrimaryStageWindow   - FXGLStartupScene -> FXGLMainMenuDummyScene
18:11:45.578 [JavaFX Application Thread] DEBUG PrimaryStageWindow   - Push state: FXGLDefaultMenu
18:11:45.586 [JavaFX Application Thread] DEBUG Input                - Clearing active input actions
18:11:45.601 [JavaFX Application Thread] DEBUG GameApplicationServi - Removing overlay from FXGLMainMenuDummyScene and adding to FXGLDefaultMenu
18:11:45.602 [JavaFX Application Thread] DEBUG PrimaryStageWindow   - FXGLMainMenuDummyScene -> FXGLDefaultMenu
18:11:45.602 [JavaFX Application Thread] DEBUG FXGLApplication      - Registering font factories with UI factory
18:11:45.969 [FXGL Background Thread 2 ] INFO  UpdaterService       - Your current version:  17.1
18:11:45.971 [FXGL Background Thread 2 ] INFO  UpdaterService       - Latest stable version: 21.1
18:11:47.089 [JavaFX Application Thread] DEBUG Menu                 - fireNewGame()
18:11:47.089 [JavaFX Application Thread] DEBUG GameApplicationServi - Starting new game
18:11:47.091 [JavaFX Application Thread] DEBUG PrimaryStageWindow   - Pop state: FXGLDefaultMenu
18:11:47.091 [JavaFX Application Thread] DEBUG Input                - Clearing active input actions
18:11:47.091 [JavaFX Application Thread] DEBUG GameApplicationServi - Removing overlay from FXGLDefaultMenu and adding to FXGLMainMenuDummyScene
18:11:47.092 [JavaFX Application Thread] DEBUG PrimaryStageWindow   - FXGLMainMenuDummyScene <- FXGLDefaultMenu
18:11:47.092 [JavaFX Application Thread] DEBUG Input                - Clearing active input actions
18:11:47.102 [JavaFX Application Thread] DEBUG GameApplicationServi - Removing overlay from FXGLMainMenuDummyScene and adding to FXGLLoadingScene
18:11:47.102 [JavaFX Application Thread] DEBUG PrimaryStageWindow   - FXGLMainMenuDummyScene -> FXGLLoadingScene
18:11:47.102 [JavaFX Application Thread] DEBUG GameApplicationServi - Clearing previous game
18:11:47.103 [JavaFX Application Thread] DEBUG GameScene            - Clearing game scene
18:11:47.103 [JavaFX Application Thread] DEBUG GameWorld            - Clearing game world
18:11:47.103 [JavaFX Application Thread] DEBUG PhysicsWorld         - Clearing physics world
18:11:47.105 [FXGL Background Thread 2 ] DEBUG FXGLApplication      - Initializing game
18:11:47.161 [FXGL Background Thread 2 ] DEBUG FXGLAssetLoaderServi - Loading from file system: file:/C:/Users/lucas/OneDrive/Escritorio/UP/7%20CUATRI/PROGRAMACION%20CONCURRENTE/simulador-restaurant/target/classes/assets/textures/Restaurante.png
18:11:47.193 [FXGL Background Thread 2 ] INFO  FXGLApplication      - Game initialization took: 0.088 sec
18:11:47.194 [JavaFX Application Thread] DEBUG Input                - Clearing active input actions
18:11:47.200 [JavaFX Application Thread] DEBUG GameApplicationServi - Removing overlay from FXGLLoadingScene and adding to GameScene
18:11:47.201 [JavaFX Application Thread] DEBUG PrimaryStageWindow   - FXGLLoadingScene -> GameScene
18:11:48.488 [FXGL Background Thread 3 ] DEBUG Engine               - Logging environment variables
18:11:48.488 [FXGL Background Thread 3 ] DEBUG Engine               - achievements: []
18:11:48.488 [FXGL Background Thread 3 ] DEBUG Engine               - actualHeight: 560.0
18:11:48.488 [FXGL Background Thread 3 ] DEBUG Engine               - actualHeightProperty: ReadOnlyDoubleProperty [value: 560.0]
18:11:48.488 [FXGL Background Thread 3 ] DEBUG Engine               - actualWidth: 1053.0
18:11:48.488 [FXGL Background Thread 3 ] DEBUG Engine               - actualWidthProperty: ReadOnlyDoubleProperty [value: 1053.0]
18:11:48.488 [FXGL Background Thread 3 ] DEBUG Engine               - appIcon: fxgl_icon.png
18:11:48.488 [FXGL Background Thread 3 ] DEBUG Engine               - applicationMode: DEVELOPER
18:11:48.489 [FXGL Background Thread 3 ] DEBUG Engine               - cSSList: [fxgl_dark.css]
18:11:48.489 [FXGL Background Thread 3 ] DEBUG Engine               - collisionDetectionStrategy: BRUTE_FORCE
18:11:48.489 [FXGL Background Thread 3 ] DEBUG Engine               - configClass: Optional.empty
18:11:48.489 [FXGL Background Thread 3 ] DEBUG Engine               - credits: []
18:11:48.489 [FXGL Background Thread 3 ] DEBUG Engine               - defaultCursor: CursorInfo(imageName=fxgl_default_cursor.png, hotspotX=7.0, hotspotY=6.0)
18:11:48.489 [FXGL Background Thread 3 ] DEBUG Engine               - devBBoxColorProperty: ObjectProperty [value: 0xff0000ff]
18:11:48.489 [FXGL Background Thread 3 ] DEBUG Engine               - devEnableDebugCameraProperty: BooleanProperty [value: false]
18:11:48.489 [FXGL Background Thread 3 ] DEBUG Engine               - devSensorColorProperty: ObjectProperty [value: 0xffff00ff]
18:11:48.489 [FXGL Background Thread 3 ] DEBUG Engine               - devShowBBoxProperty: BooleanProperty [value: false]
18:11:48.489 [FXGL Background Thread 3 ] DEBUG Engine               - devShowPositionProperty: BooleanProperty [value: false]
18:11:48.489 [FXGL Background Thread 3 ] DEBUG Engine               - enabledMenuItems: []
18:11:48.489 [FXGL Background Thread 3 ] DEBUG Engine               - engineServices: [class com.almasb.fxgl.app.services.FXGLAssetLoaderService, class com.almasb.fxgl.app.FXGLApplication$GameApplicationService, class com.almasb.fxgl.app.services.FXGLDialogService, class com.almasb.fxgl.app.services.IOTaskExecutorService, class com.almasb.fxgl.io.FileSystemService, class com.almasb.fxgl.localization.LocalizationService, class com.almasb.fxgl.app.services.SystemBundleService, class com.almasb.fxgl.profile.SaveLoadService, class com.almasb.fxgl.ui.FXGLUIFactoryServiceProvider, class com.almasb.fxgl.ui.FXGLDialogFactoryServiceProvider, class com.almasb.fxgl.audio.AudioPlayer, class com.almasb.fxgl.notification.impl.NotificationServiceProvider, class com.almasb.fxgl.achievement.AchievementService, class com.almasb.fxgl.cutscene.CutsceneService, class com.almasb.fxgl.minigames.MiniGameService, class com.almasb.fxgl.net.NetService, class com.almasb.fxgl.app.services.UpdaterService, class com.almasb.fxgl.dev.DevService]
18:11:48.489 [FXGL Background Thread 3 ] DEBUG Engine               - fontGame: Abel-Regular.ttf
18:11:48.489 [FXGL Background Thread 3 ] DEBUG Engine               - fontMono: TerminalLandMono-Regular.otf
18:11:48.489 [FXGL Background Thread 3 ] DEBUG Engine               - fontText: Courier-Prime.ttf
18:11:48.490 [FXGL Background Thread 3 ] DEBUG Engine               - fontUI: VarelaRound-Regular.ttf
18:11:48.490 [FXGL Background Thread 3 ] DEBUG Engine               - fullScreen: BooleanProperty [value: false]
18:11:48.490 [FXGL Background Thread 3 ] DEBUG Engine               - gameDifficulty: MEDIUM
18:11:48.490 [FXGL Background Thread 3 ] DEBUG Engine               - gameDifficultyProperty: ObjectProperty [value: MEDIUM]
18:11:48.490 [FXGL Background Thread 3 ] DEBUG Engine               - globalMusicVolume: 0.5
18:11:48.490 [FXGL Background Thread 3 ] DEBUG Engine               - globalMusicVolumeProperty: DoubleProperty [value: 0.5]
18:11:48.490 [FXGL Background Thread 3 ] DEBUG Engine               - globalSoundVolume: 0.5
18:11:48.490 [FXGL Background Thread 3 ] DEBUG Engine               - globalSoundVolumeProperty: DoubleProperty [value: 0.5]
18:11:48.490 [FXGL Background Thread 3 ] DEBUG Engine               - height: 560
18:11:48.490 [FXGL Background Thread 3 ] DEBUG Engine               - is3D: false
18:11:48.490 [FXGL Background Thread 3 ] DEBUG Engine               - isAndroid: false
18:11:48.490 [FXGL Background Thread 3 ] DEBUG Engine               - isBrowser: false
18:11:48.490 [FXGL Background Thread 3 ] DEBUG Engine               - isClickFeedbackEnabled: false
18:11:48.490 [FXGL Background Thread 3 ] DEBUG Engine               - isCloseConfirmation: false
18:11:48.490 [FXGL Background Thread 3 ] DEBUG Engine               - isDesktop: true
18:11:48.490 [FXGL Background Thread 3 ] DEBUG Engine               - isDeveloperMenuEnabled: false
18:11:48.490 [FXGL Background Thread 3 ] DEBUG Engine               - isEmbedded: false
18:11:48.490 [FXGL Background Thread 3 ] DEBUG Engine               - isEntityPreloadEnabled: true
18:11:48.490 [FXGL Background Thread 3 ] DEBUG Engine               - isExperimentalTiledLargeMap: false
18:11:48.490 [FXGL Background Thread 3 ] DEBUG Engine               - isFileSystemWriteAllowed: true
18:11:48.490 [FXGL Background Thread 3 ] DEBUG Engine               - isFullScreenAllowed: false
18:11:48.490 [FXGL Background Thread 3 ] DEBUG Engine               - isFullScreenFromStart: false
18:11:48.490 [FXGL Background Thread 3 ] DEBUG Engine               - isGameMenuEnabled: true
18:11:48.490 [FXGL Background Thread 3 ] DEBUG Engine               - isIOS: false
18:11:48.490 [FXGL Background Thread 3 ] DEBUG Engine               - isIntroEnabled: false
18:11:48.490 [FXGL Background Thread 3 ] DEBUG Engine               - isLinux: false
18:11:48.490 [FXGL Background Thread 3 ] DEBUG Engine               - isMac: false
18:11:48.491 [FXGL Background Thread 3 ] DEBUG Engine               - isMainMenuEnabled: true
18:11:48.491 [FXGL Background Thread 3 ] DEBUG Engine               - isManualResizeEnabled: false
18:11:48.491 [FXGL Background Thread 3 ] DEBUG Engine               - isMobile: false
18:11:48.491 [FXGL Background Thread 3 ] DEBUG Engine               - isNative: false
18:11:48.491 [FXGL Background Thread 3 ] DEBUG Engine               - isPauseMusicWhenMinimized: true
18:11:48.491 [FXGL Background Thread 3 ] DEBUG Engine               - isPreserveResizeRatio: false
18:11:48.491 [FXGL Background Thread 3 ] DEBUG Engine               - isProfilingEnabled: false
18:11:48.491 [FXGL Background Thread 3 ] DEBUG Engine               - isScaleAffectedOnResize: true
18:11:48.491 [FXGL Background Thread 3 ] DEBUG Engine               - isSingleStep: false
18:11:48.491 [FXGL Background Thread 3 ] DEBUG Engine               - isUserProfileEnabled: false
18:11:48.491 [FXGL Background Thread 3 ] DEBUG Engine               - isWindows: true
18:11:48.491 [FXGL Background Thread 3 ] DEBUG Engine               - language: ObjectProperty [value: ENGLISH]
18:11:48.491 [FXGL Background Thread 3 ] DEBUG Engine               - menuKey: ESCAPE
18:11:48.491 [FXGL Background Thread 3 ] DEBUG Engine               - mouseSensitivity: 0.2
18:11:48.491 [FXGL Background Thread 3 ] DEBUG Engine               - notificationViewClass: class com.almasb.fxgl.notification.view.XboxNotificationView
18:11:48.491 [FXGL Background Thread 3 ] DEBUG Engine               - pixelsPerMeter: 50.0
18:11:48.491 [FXGL Background Thread 3 ] DEBUG Engine               - platform: WINDOWS
18:11:48.491 [FXGL Background Thread 3 ] DEBUG Engine               - prefHeightProperty: ReadOnlyDoubleProperty [value: 560.0]
18:11:48.491 [FXGL Background Thread 3 ] DEBUG Engine               - prefWidthProperty: ReadOnlyDoubleProperty [value: 1053.0]
18:11:48.491 [FXGL Background Thread 3 ] DEBUG Engine               - profileDir: profiles/
18:11:48.491 [FXGL Background Thread 3 ] DEBUG Engine               - profileName: StringProperty [value: DEFAULT]
18:11:48.491 [FXGL Background Thread 3 ] DEBUG Engine               - randomSeed: -1
18:11:48.491 [FXGL Background Thread 3 ] DEBUG Engine               - runtimeInfo: RuntimeInfo(platform=WINDOWS, version=17.1, build=24.03.2022 17.34)
18:11:48.491 [FXGL Background Thread 3 ] DEBUG Engine               - saveFileExt: sav
18:11:48.491 [FXGL Background Thread 3 ] DEBUG Engine               - scaledHeightProp$fxgl: DoubleProperty [bound, value: 560.0]
18:11:48.492 [FXGL Background Thread 3 ] DEBUG Engine               - scaledWidthProp$fxgl: DoubleProperty [bound, value: 1053.0]
18:11:48.492 [FXGL Background Thread 3 ] DEBUG Engine               - sceneFactory: com.almasb.fxgl.app.scene.SceneFactory@61e12c9
18:11:48.492 [FXGL Background Thread 3 ] DEBUG Engine               - secondsIn24h: 60
18:11:48.492 [FXGL Background Thread 3 ] DEBUG Engine               - soundMenuBack: menu/back.wav
18:11:48.492 [FXGL Background Thread 3 ] DEBUG Engine               - soundMenuPress: menu/press.wav
18:11:48.492 [FXGL Background Thread 3 ] DEBUG Engine               - soundMenuSelect: menu/select.wav
18:11:48.492 [FXGL Background Thread 3 ] DEBUG Engine               - soundNotification: core/notification.wav
18:11:48.492 [FXGL Background Thread 3 ] DEBUG Engine               - stageStyle: DECORATED
18:11:48.492 [FXGL Background Thread 3 ] DEBUG Engine               - supportedLanguages: [ENGLISH, FRENCH, GERMAN, HUNGARIAN, RUSSIAN]
18:11:48.492 [FXGL Background Thread 3 ] DEBUG Engine               - ticksPerSecond: -1
18:11:48.492 [FXGL Background Thread 3 ] DEBUG Engine               - title: Restaurant Sayayin
18:11:48.492 [FXGL Background Thread 3 ] DEBUG Engine               - urlGithub: https://github.com/AlmasB/FXGL
18:11:48.492 [FXGL Background Thread 3 ] DEBUG Engine               - urlLeaderboard: http://fxgl-top.herokuapp.com/
18:11:48.492 [FXGL Background Thread 3 ] DEBUG Engine               - urlPOM: https://raw.githubusercontent.com/AlmasB/FXGL/release/README.md
18:11:48.492 [FXGL Background Thread 3 ] DEBUG Engine               - userAppClass: class org.example.restaurant.Main
18:11:48.492 [FXGL Background Thread 3 ] DEBUG Engine               - version: 0.0
18:11:48.492 [FXGL Background Thread 3 ] DEBUG Engine               - versionCheckDays: 7
18:11:48.492 [FXGL Background Thread 3 ] DEBUG Engine               - width: 1053
18:11:48.492 [FXGL Background Thread 3 ] DEBUG Engine               - Logging services
18:11:48.492 [FXGL Background Thread 3 ] DEBUG Engine               - class com.almasb.fxgl.app.services.FXGLAssetLoaderService
18:11:48.492 [FXGL Background Thread 3 ] DEBUG Engine               - class com.almasb.fxgl.app.FXGLApplication$GameApplicationService
18:11:48.492 [FXGL Background Thread 3 ] DEBUG Engine               - class com.almasb.fxgl.app.services.FXGLDialogService
18:11:48.492 [FXGL Background Thread 3 ] DEBUG Engine               - class com.almasb.fxgl.app.services.IOTaskExecutorService
18:11:48.492 [FXGL Background Thread 3 ] DEBUG Engine               - class com.almasb.fxgl.io.FileSystemService
18:11:48.492 [FXGL Background Thread 3 ] DEBUG Engine               - class com.almasb.fxgl.localization.LocalizationService
18:11:48.492 [FXGL Background Thread 3 ] DEBUG Engine               - class com.almasb.fxgl.app.services.SystemBundleService
18:11:48.492 [FXGL Background Thread 3 ] DEBUG Engine               - class com.almasb.fxgl.profile.SaveLoadService
18:11:48.492 [FXGL Background Thread 3 ] DEBUG Engine               - class com.almasb.fxgl.ui.FXGLUIFactoryServiceProvider
18:11:48.492 [FXGL Background Thread 3 ] DEBUG Engine               - class com.almasb.fxgl.ui.FXGLDialogFactoryServiceProvider
18:11:48.492 [FXGL Background Thread 3 ] DEBUG Engine               - class com.almasb.fxgl.audio.AudioPlayer
18:11:48.492 [FXGL Background Thread 3 ] DEBUG Engine               - class com.almasb.fxgl.notification.impl.NotificationServiceProvider
18:11:48.492 [FXGL Background Thread 3 ] DEBUG Engine               - class com.almasb.fxgl.achievement.AchievementService
18:11:48.493 [FXGL Background Thread 3 ] DEBUG Engine               - class com.almasb.fxgl.cutscene.CutsceneService
18:11:48.493 [FXGL Background Thread 3 ] DEBUG Engine               - class com.almasb.fxgl.minigames.MiniGameService
18:11:48.493 [FXGL Background Thread 3 ] DEBUG Engine               - class com.almasb.fxgl.net.NetService
18:11:48.493 [FXGL Background Thread 3 ] DEBUG Engine               - class com.almasb.fxgl.app.services.UpdaterService
18:11:48.493 [FXGL Background Thread 3 ] DEBUG Engine               - class com.almasb.fxgl.dev.DevService
18:11:49.894 [JavaFX Application Thread] DEBUG FXGLAssetLoaderServi - Loading from file system: file:/C:/Users/lucas/OneDrive/Escritorio/UP/7%20CUATRI/PROGRAMACION%20CONCURRENTE/simulador-restaurant/target/classes/assets/textures/cliente.png
18:11:49.900 [JavaFX Application Thread] WARN  GameWorld            - Entity is already attached to world
18:11:52.881 [JavaFX Application Thread] WARN  GameWorld            - Entity is already attached to world
18:11:55.907 [JavaFX Application Thread] WARN  GameWorld            - Entity is already attached to world
18:11:58.930 [JavaFX Application Thread] WARN  GameWorld            - Entity is already attached to world
18:12:01.939 [JavaFX Application Thread] WARN  GameWorld            - Entity is already attached to world
18:12:04.929 [JavaFX Application Thread] WARN  GameWorld            - Entity is already attached to world
18:12:07.954 [JavaFX Application Thread] WARN  GameWorld            - Entity is already attached to world
18:12:07.957 [JavaFX Application Thread] WARN  GameWorld            - Entity is already attached to world
18:12:07.957 [JavaFX Application Thread] WARN  GameWorld            - Entity is already attached to world
18:12:10.977 [JavaFX Application Thread] WARN  GameWorld            - Entity is already attached to world
18:12:10.980 [JavaFX Application Thread] WARN  GameWorld            - Entity is already attached to world
18:12:10.980 [JavaFX Application Thread] WARN  GameWorld            - Entity is already attached to world
18:12:10.980 [JavaFX Application Thread] WARN  GameWorld            - Entity is already attached to world
18:12:10.980 [JavaFX Application Thread] WARN  GameWorld            - Entity is already attached to world
18:12:11.932 [JavaFX Application Thread] DEBUG FXGLApplication      - Exiting FXGL
18:12:11.932 [JavaFX Application Thread] DEBUG LoopRunner           - Stopping loop
18:12:11.932 [JavaFX Application Thread] DEBUG SystemBundleService  - Saving FXGL system data
18:12:11.934 [JavaFX Application Thread] DEBUG FileSystemAccess     - Writing to: C:\Users\lucas\OneDrive\Escritorio\UP\7 CUATRI\PROGRAMACION CONCURRENTE\simulador-restaurant\system\fxgl.bundle
18:12:11.935 [JavaFX Application Thread] DEBUG Async                - Shutting down background threads
18:12:11.935 [JavaFX Application Thread] DEBUG PrimaryStageWindow   - Closing main window
18:12:11.956 [JavaFX Application Thread] DEBUG Logger               - Closing Logger
