18:10:53.344 [main                     ] DEBUG Logger               - Configured Logger
18:10:53.361 [main                     ] DEBUG GameApplication      - Logging settings
Title: Restaurant Sayayin
Version: 0.0
Width: 1053
Height: 560
Fullscreen: false
Intro: false
Profiling: false
Single step:false
App Mode: DEVELOPER
Menu Key: ESCAPE
Stage Style: DECORATED
Scene Factory: class com.almasb.fxgl.app.scene.SceneFactory

18:10:53.895 [JavaFX Application Thread] DEBUG FXGLApplication      - Initializing FXGL
18:10:53.899 [JavaFX Application Thread] INFO  Engine               - FXGL-17.1 (24.03.2022 17.34) on WINDOWS (J:19.0.2 FX:18)
18:10:53.899 [JavaFX Application Thread] DEBUG Engine               - JRE Vendor Name: Oracle Corporation
18:10:53.899 [JavaFX Application Thread] DEBUG Engine               - Running on OS: Windows 11 version 10.0
18:10:53.899 [JavaFX Application Thread] DEBUG Engine               - Architecture: amd64
18:10:53.899 [JavaFX Application Thread] INFO  Engine               - Source code and latest versions at: https://github.com/AlmasB/FXGL
18:10:53.900 [JavaFX Application Thread] INFO  Engine               -       Ask questions and discuss at: https://github.com/AlmasB/FXGL/discussions
18:10:53.900 [JavaFX Application Thread] INFO  Engine               -              Join the FXGL chat at: https://gitter.im/AlmasB/FXGL
18:10:54.024 [JavaFX Application Thread] DEBUG PrimaryStageWindow   - Creating a JavaFX scene
18:10:54.079 [JavaFX Application Thread] DEBUG PrimaryStageWindow   - Target settings size: 1053.0 x 560.0
18:10:54.079 [JavaFX Application Thread] DEBUG PrimaryStageWindow   - Scaled scene size:    1053.0 x 560.0
18:10:54.079 [JavaFX Application Thread] DEBUG PrimaryStageWindow   - Scaled ratio: (1.0, 1.0)
18:10:54.080 [JavaFX Application Thread] DEBUG PrimaryStageWindow   - Set initial scene to FXGLStartupScene
18:10:54.089 [JavaFX Application Thread] DEBUG PrimaryStageWindow   - Opening main window
18:10:54.203 [JavaFX Application Thread] DEBUG PrimaryStageWindow   - Window border size: (15.0, 37.5999755859375)
18:10:54.203 [JavaFX Application Thread] DEBUG PrimaryStageWindow   - Scaled size: 1053.0 x 560.0
18:10:54.203 [JavaFX Application Thread] DEBUG PrimaryStageWindow   - Scaled ratio: (1.0, 1.0)
18:10:54.203 [JavaFX Application Thread] DEBUG PrimaryStageWindow   - Scene size: 1053.0 x 560.0
18:10:54.203 [JavaFX Application Thread] DEBUG PrimaryStageWindow   - Stage size: 1068.0 x 597.5999755859375
18:10:54.214 [FXGL Background Thread 1 ] DEBUG Engine               - Initializing environment variables
18:10:54.261 [FXGL Background Thread 1 ] DEBUG FXGLAssetLoaderServi - User app class for loading assets: class org.example.restaurant.Main
18:10:54.261 [FXGL Background Thread 1 ] DEBUG GameApplicationServi - Applying CSS: fxgl_dark.css
18:10:54.263 [FXGL Background Thread 1 ] DEBUG FXGLAssetLoaderServi - Loading from file system: jar:file:/C:/Users/lucas/.m2/repository/com/github/almasb/fxgl/17.1/fxgl-17.1.jar!/fxglassets/ui/css/fxgl_dark.css
18:10:54.305 [FXGL Background Thread 1 ] DEBUG GameApplicationServi - Initializing application scenes
18:10:54.345 [FXGL Background Thread 1 ] DEBUG GameWorld            - Game world initialized
18:10:54.412 [FXGL Background Thread 1 ] DEBUG PhysicsWorld         - Physics world initialized: appHeight=560, physics.ppm=50.0
18:10:54.412 [FXGL Background Thread 1 ] DEBUG PhysicsWorld         - Using strategy: BRUTE_FORCE
18:10:54.415 [FXGL Background Thread 1 ] DEBUG GameScene            - Game scene initialized: 1053x560
18:10:54.429 [FXGL Background Thread 1 ] WARN  FXGL.DefaultMenu     - FXGLDefaultMenu is not designed for resolutions < 800x600
18:10:54.429 [FXGL Background Thread 1 ] DEBUG FXGL.DefaultMenu     - createMenuBodyMainMenu()
18:10:54.455 [FXGL Background Thread 1 ] DEBUG FXGL.DefaultMenu     - createOptionsMenu()
18:10:54.465 [FXGL Background Thread 1 ] DEBUG FXGLAssetLoaderServi - Loading from file system: jar:file:/C:/Users/lucas/.m2/repository/com/github/almasb/fxgl/17.1/fxgl-17.1.jar!/fxglassets/textures/particles/smoke.png
18:10:54.556 [FXGL Background Thread 1 ] DEBUG FXGLAssetLoaderServi - Loading from file system: jar:file:/C:/Users/lucas/.m2/repository/com/github/almasb/fxgl/17.1/fxgl-17.1.jar!/fxglassets/textures/particles/trace_horizontal.png
18:10:54.585 [FXGL Background Thread 1 ] WARN  FXGL.DefaultMenu     - FXGLDefaultMenu is not designed for resolutions < 800x600
18:10:54.585 [FXGL Background Thread 1 ] DEBUG FXGL.DefaultMenu     - createMenuBodyGameMenu()
18:10:54.586 [FXGL Background Thread 1 ] DEBUG FXGL.DefaultMenu     - createOptionsMenu()
18:10:54.600 [FXGL Background Thread 1 ] DEBUG GameApplicationServi - Application scenes initialized
18:10:54.617 [FXGL Background Thread 1 ] DEBUG SystemBundleService  - Loading FXGL system data
18:10:54.618 [FXGL Background Thread 1 ] DEBUG FileSystemAccess     - Reading from: C:\Users\lucas\OneDrive\Escritorio\UP\7 CUATRI\PROGRAMACION CONCURRENTE\simulador-restaurant\system\fxgl.bundle
18:10:54.623 [FXGL Background Thread 1 ] DEBUG SystemBundleService  - Bundle FXGL: {}
18:10:54.624 [FXGL Background Thread 1 ] DEBUG UpdaterService       - Checking for updates
18:10:54.630 [FXGL Background Thread 4 ] DEBUG FXGLApplication      - Loading fonts
18:10:54.630 [FXGL Background Thread 1 ] DEBUG FXGLApplication      - Loading default localization
18:10:54.630 [FXGL Background Thread 4 ] DEBUG FXGLAssetLoaderServi - Loading from file system: jar:file:/C:/Users/lucas/.m2/repository/com/github/almasb/fxgl/17.1/fxgl-17.1.jar!/fxglassets/ui/fonts/VarelaRound-Regular.ttf
18:10:54.631 [FXGL Background Thread 1 ] DEBUG FXGLAssetLoaderServi - Loading from file system: jar:file:/C:/Users/lucas/.m2/repository/com/github/almasb/fxgl/17.1/fxgl-17.1.jar!/fxglassets/languages/english.lang
18:10:54.643 [FXGL Background Thread 4 ] DEBUG FXGLAssetLoaderServi - Loading from file system: jar:file:/C:/Users/lucas/.m2/repository/com/github/almasb/fxgl/17.1/fxgl-17.1.jar!/fxglassets/ui/fonts/Abel-Regular.ttf
18:10:54.649 [FXGL Background Thread 4 ] DEBUG FXGLAssetLoaderServi - Loading from file system: jar:file:/C:/Users/lucas/.m2/repository/com/github/almasb/fxgl/17.1/fxgl-17.1.jar!/fxglassets/ui/fonts/TerminalLandMono-Regular.otf
18:10:54.654 [FXGL Background Thread 4 ] DEBUG FXGLAssetLoaderServi - Loading from file system: jar:file:/C:/Users/lucas/.m2/repository/com/github/almasb/fxgl/17.1/fxgl-17.1.jar!/fxglassets/ui/fonts/Courier-Prime.ttf
18:10:54.657 [FXGL Background Thread 1 ] INFO  FXGLApplication      - FXGL initialization took: 0.443 sec
18:10:54.659 [JavaFX Application Thread] DEBUG FXGLAssetLoaderServi - Loading from file system: jar:file:/C:/Users/lucas/.m2/repository/com/github/almasb/fxgl/17.1/fxgl-17.1.jar!/fxglassets/textures/fxgl_icon.png
18:10:54.692 [JavaFX Application Thread] DEBUG FXGLAssetLoaderServi - Loading from file system: jar:file:/C:/Users/lucas/.m2/repository/com/github/almasb/fxgl/17.1/fxgl-17.1.jar!/fxglassets/textures/fxgl_default_cursor.png
18:10:54.706 [JavaFX Application Thread] DEBUG Input                - Registered new binding: Screenshot - CTRL+8
18:10:54.707 [JavaFX Application Thread] DEBUG Input                - Registered new binding: System info dump - CTRL+9
18:10:54.707 [JavaFX Application Thread] DEBUG Input                - Registered new binding: Restart - CTRL+R
18:10:54.708 [JavaFX Application Thread] DEBUG Input                - Registered new binding: Toggle Debug Camera - CTRL+7
18:10:54.711 [JavaFX Application Thread] DEBUG LoopRunner           - Starting loop
18:10:54.711 [JavaFX Application Thread] DEBUG LoopRunner           - Initializing JavaFX AnimationTimerLoop
18:10:54.716 [JavaFX Application Thread] DEBUG Input                - Clearing active input actions
18:10:54.723 [JavaFX Application Thread] DEBUG GameApplicationServi - Removing overlay from FXGLStartupScene and adding to FXGLMainMenuDummyScene
18:10:54.724 [JavaFX Application Thread] DEBUG PrimaryStageWindow   - FXGLStartupScene -> FXGLMainMenuDummyScene
18:10:54.724 [JavaFX Application Thread] DEBUG PrimaryStageWindow   - Push state: FXGLDefaultMenu
18:10:54.731 [JavaFX Application Thread] DEBUG Input                - Clearing active input actions
18:10:54.742 [JavaFX Application Thread] DEBUG GameApplicationServi - Removing overlay from FXGLMainMenuDummyScene and adding to FXGLDefaultMenu
18:10:54.743 [JavaFX Application Thread] DEBUG PrimaryStageWindow   - FXGLMainMenuDummyScene -> FXGLDefaultMenu
18:10:54.743 [JavaFX Application Thread] DEBUG FXGLApplication      - Registering font factories with UI factory
18:10:55.125 [FXGL Background Thread 2 ] INFO  UpdaterService       - Your current version:  17.1
18:10:55.125 [FXGL Background Thread 2 ] INFO  UpdaterService       - Latest stable version: 21.1
18:10:57.629 [FXGL Background Thread 3 ] DEBUG Engine               - Logging environment variables
18:10:57.629 [FXGL Background Thread 3 ] DEBUG Engine               - achievements: []
18:10:57.629 [FXGL Background Thread 3 ] DEBUG Engine               - actualHeight: 560.0
18:10:57.629 [FXGL Background Thread 3 ] DEBUG Engine               - actualHeightProperty: ReadOnlyDoubleProperty [value: 560.0]
18:10:57.629 [FXGL Background Thread 3 ] DEBUG Engine               - actualWidth: 1053.0
18:10:57.629 [FXGL Background Thread 3 ] DEBUG Engine               - actualWidthProperty: ReadOnlyDoubleProperty [value: 1053.0]
18:10:57.629 [FXGL Background Thread 3 ] DEBUG Engine               - appIcon: fxgl_icon.png
18:10:57.629 [FXGL Background Thread 3 ] DEBUG Engine               - applicationMode: DEVELOPER
18:10:57.629 [FXGL Background Thread 3 ] DEBUG Engine               - cSSList: [fxgl_dark.css]
18:10:57.629 [FXGL Background Thread 3 ] DEBUG Engine               - collisionDetectionStrategy: BRUTE_FORCE
18:10:57.629 [FXGL Background Thread 3 ] DEBUG Engine               - configClass: Optional.empty
18:10:57.629 [FXGL Background Thread 3 ] DEBUG Engine               - credits: []
18:10:57.630 [FXGL Background Thread 3 ] DEBUG Engine               - defaultCursor: CursorInfo(imageName=fxgl_default_cursor.png, hotspotX=7.0, hotspotY=6.0)
18:10:57.630 [FXGL Background Thread 3 ] DEBUG Engine               - devBBoxColorProperty: ObjectProperty [value: 0xff0000ff]
18:10:57.630 [FXGL Background Thread 3 ] DEBUG Engine               - devEnableDebugCameraProperty: BooleanProperty [value: false]
18:10:57.630 [FXGL Background Thread 3 ] DEBUG Engine               - devSensorColorProperty: ObjectProperty [value: 0xffff00ff]
18:10:57.630 [FXGL Background Thread 3 ] DEBUG Engine               - devShowBBoxProperty: BooleanProperty [value: false]
18:10:57.630 [FXGL Background Thread 3 ] DEBUG Engine               - devShowPositionProperty: BooleanProperty [value: false]
18:10:57.630 [FXGL Background Thread 3 ] DEBUG Engine               - enabledMenuItems: []
18:10:57.630 [FXGL Background Thread 3 ] DEBUG Engine               - engineServices: [class com.almasb.fxgl.app.services.FXGLAssetLoaderService, class com.almasb.fxgl.app.FXGLApplication$GameApplicationService, class com.almasb.fxgl.app.services.FXGLDialogService, class com.almasb.fxgl.app.services.IOTaskExecutorService, class com.almasb.fxgl.io.FileSystemService, class com.almasb.fxgl.localization.LocalizationService, class com.almasb.fxgl.app.services.SystemBundleService, class com.almasb.fxgl.profile.SaveLoadService, class com.almasb.fxgl.ui.FXGLUIFactoryServiceProvider, class com.almasb.fxgl.ui.FXGLDialogFactoryServiceProvider, class com.almasb.fxgl.audio.AudioPlayer, class com.almasb.fxgl.notification.impl.NotificationServiceProvider, class com.almasb.fxgl.achievement.AchievementService, class com.almasb.fxgl.cutscene.CutsceneService, class com.almasb.fxgl.minigames.MiniGameService, class com.almasb.fxgl.net.NetService, class com.almasb.fxgl.app.services.UpdaterService, class com.almasb.fxgl.dev.DevService]
18:10:57.630 [FXGL Background Thread 3 ] DEBUG Engine               - fontGame: Abel-Regular.ttf
18:10:57.630 [FXGL Background Thread 3 ] DEBUG Engine               - fontMono: TerminalLandMono-Regular.otf
18:10:57.630 [FXGL Background Thread 3 ] DEBUG Engine               - fontText: Courier-Prime.ttf
18:10:57.630 [FXGL Background Thread 3 ] DEBUG Engine               - fontUI: VarelaRound-Regular.ttf
18:10:57.630 [FXGL Background Thread 3 ] DEBUG Engine               - fullScreen: BooleanProperty [value: false]
18:10:57.630 [FXGL Background Thread 3 ] DEBUG Engine               - gameDifficulty: MEDIUM
18:10:57.630 [FXGL Background Thread 3 ] DEBUG Engine               - gameDifficultyProperty: ObjectProperty [value: MEDIUM]
18:10:57.630 [FXGL Background Thread 3 ] DEBUG Engine               - globalMusicVolume: 0.5
18:10:57.630 [FXGL Background Thread 3 ] DEBUG Engine               - globalMusicVolumeProperty: DoubleProperty [value: 0.5]
18:10:57.630 [FXGL Background Thread 3 ] DEBUG Engine               - globalSoundVolume: 0.5
18:10:57.631 [FXGL Background Thread 3 ] DEBUG Engine               - globalSoundVolumeProperty: DoubleProperty [value: 0.5]
18:10:57.631 [FXGL Background Thread 3 ] DEBUG Engine               - height: 560
18:10:57.631 [FXGL Background Thread 3 ] DEBUG Engine               - is3D: false
18:10:57.631 [FXGL Background Thread 3 ] DEBUG Engine               - isAndroid: false
18:10:57.631 [FXGL Background Thread 3 ] DEBUG Engine               - isBrowser: false
18:10:57.631 [FXGL Background Thread 3 ] DEBUG Engine               - isClickFeedbackEnabled: false
18:10:57.631 [FXGL Background Thread 3 ] DEBUG Engine               - isCloseConfirmation: false
18:10:57.631 [FXGL Background Thread 3 ] DEBUG Engine               - isDesktop: true
18:10:57.631 [FXGL Background Thread 3 ] DEBUG Engine               - isDeveloperMenuEnabled: false
18:10:57.631 [FXGL Background Thread 3 ] DEBUG Engine               - isEmbedded: false
18:10:57.631 [FXGL Background Thread 3 ] DEBUG Engine               - isEntityPreloadEnabled: true
18:10:57.631 [FXGL Background Thread 3 ] DEBUG Engine               - isExperimentalTiledLargeMap: false
18:10:57.631 [FXGL Background Thread 3 ] DEBUG Engine               - isFileSystemWriteAllowed: true
18:10:57.631 [FXGL Background Thread 3 ] DEBUG Engine               - isFullScreenAllowed: false
18:10:57.631 [FXGL Background Thread 3 ] DEBUG Engine               - isFullScreenFromStart: false
18:10:57.631 [FXGL Background Thread 3 ] DEBUG Engine               - isGameMenuEnabled: true
18:10:57.631 [FXGL Background Thread 3 ] DEBUG Engine               - isIOS: false
18:10:57.631 [FXGL Background Thread 3 ] DEBUG Engine               - isIntroEnabled: false
18:10:57.631 [FXGL Background Thread 3 ] DEBUG Engine               - isLinux: false
18:10:57.631 [FXGL Background Thread 3 ] DEBUG Engine               - isMac: false
18:10:57.631 [FXGL Background Thread 3 ] DEBUG Engine               - isMainMenuEnabled: true
18:10:57.631 [FXGL Background Thread 3 ] DEBUG Engine               - isManualResizeEnabled: false
18:10:57.631 [FXGL Background Thread 3 ] DEBUG Engine               - isMobile: false
18:10:57.631 [FXGL Background Thread 3 ] DEBUG Engine               - isNative: false
18:10:57.631 [FXGL Background Thread 3 ] DEBUG Engine               - isPauseMusicWhenMinimized: true
18:10:57.631 [FXGL Background Thread 3 ] DEBUG Engine               - isPreserveResizeRatio: false
18:10:57.631 [FXGL Background Thread 3 ] DEBUG Engine               - isProfilingEnabled: false
18:10:57.631 [FXGL Background Thread 3 ] DEBUG Engine               - isScaleAffectedOnResize: true
18:10:57.631 [FXGL Background Thread 3 ] DEBUG Engine               - isSingleStep: false
18:10:57.631 [FXGL Background Thread 3 ] DEBUG Engine               - isUserProfileEnabled: false
18:10:57.631 [FXGL Background Thread 3 ] DEBUG Engine               - isWindows: true
18:10:57.631 [FXGL Background Thread 3 ] DEBUG Engine               - language: ObjectProperty [value: ENGLISH]
18:10:57.631 [FXGL Background Thread 3 ] DEBUG Engine               - menuKey: ESCAPE
18:10:57.631 [FXGL Background Thread 3 ] DEBUG Engine               - mouseSensitivity: 0.2
18:10:57.631 [FXGL Background Thread 3 ] DEBUG Engine               - notificationViewClass: class com.almasb.fxgl.notification.view.XboxNotificationView
18:10:57.631 [FXGL Background Thread 3 ] DEBUG Engine               - pixelsPerMeter: 50.0
18:10:57.631 [FXGL Background Thread 3 ] DEBUG Engine               - platform: WINDOWS
18:10:57.632 [FXGL Background Thread 3 ] DEBUG Engine               - prefHeightProperty: ReadOnlyDoubleProperty [value: 560.0]
18:10:57.632 [FXGL Background Thread 3 ] DEBUG Engine               - prefWidthProperty: ReadOnlyDoubleProperty [value: 1053.0]
18:10:57.632 [FXGL Background Thread 3 ] DEBUG Engine               - profileDir: profiles/
18:10:57.632 [FXGL Background Thread 3 ] DEBUG Engine               - profileName: StringProperty [value: DEFAULT]
18:10:57.632 [FXGL Background Thread 3 ] DEBUG Engine               - randomSeed: -1
18:10:57.632 [FXGL Background Thread 3 ] DEBUG Engine               - runtimeInfo: RuntimeInfo(platform=WINDOWS, version=17.1, build=24.03.2022 17.34)
18:10:57.632 [FXGL Background Thread 3 ] DEBUG Engine               - saveFileExt: sav
18:10:57.632 [FXGL Background Thread 3 ] DEBUG Engine               - scaledHeightProp$fxgl: DoubleProperty [bound, value: 560.0]
18:10:57.632 [FXGL Background Thread 3 ] DEBUG Engine               - scaledWidthProp$fxgl: DoubleProperty [bound, value: 1053.0]
18:10:57.632 [FXGL Background Thread 3 ] DEBUG Engine               - sceneFactory: com.almasb.fxgl.app.scene.SceneFactory@26389a68
18:10:57.632 [FXGL Background Thread 3 ] DEBUG Engine               - secondsIn24h: 60
18:10:57.632 [FXGL Background Thread 3 ] DEBUG Engine               - soundMenuBack: menu/back.wav
18:10:57.632 [FXGL Background Thread 3 ] DEBUG Engine               - soundMenuPress: menu/press.wav
18:10:57.632 [FXGL Background Thread 3 ] DEBUG Engine               - soundMenuSelect: menu/select.wav
18:10:57.632 [FXGL Background Thread 3 ] DEBUG Engine               - soundNotification: core/notification.wav
18:10:57.632 [FXGL Background Thread 3 ] DEBUG Engine               - stageStyle: DECORATED
18:10:57.632 [FXGL Background Thread 3 ] DEBUG Engine               - supportedLanguages: [ENGLISH, FRENCH, GERMAN, HUNGARIAN, RUSSIAN]
18:10:57.632 [FXGL Background Thread 3 ] DEBUG Engine               - ticksPerSecond: -1
18:10:57.632 [FXGL Background Thread 3 ] DEBUG Engine               - title: Restaurant Sayayin
18:10:57.632 [FXGL Background Thread 3 ] DEBUG Engine               - urlGithub: https://github.com/AlmasB/FXGL
18:10:57.632 [FXGL Background Thread 3 ] DEBUG Engine               - urlLeaderboard: http://fxgl-top.herokuapp.com/
18:10:57.632 [FXGL Background Thread 3 ] DEBUG Engine               - urlPOM: https://raw.githubusercontent.com/AlmasB/FXGL/release/README.md
18:10:57.632 [FXGL Background Thread 3 ] DEBUG Engine               - userAppClass: class org.example.restaurant.Main
18:10:57.632 [FXGL Background Thread 3 ] DEBUG Engine               - version: 0.0
18:10:57.632 [FXGL Background Thread 3 ] DEBUG Engine               - versionCheckDays: 7
18:10:57.632 [FXGL Background Thread 3 ] DEBUG Engine               - width: 1053
18:10:57.632 [FXGL Background Thread 3 ] DEBUG Engine               - Logging services
18:10:57.632 [FXGL Background Thread 3 ] DEBUG Engine               - class com.almasb.fxgl.app.services.FXGLAssetLoaderService
18:10:57.632 [FXGL Background Thread 3 ] DEBUG Engine               - class com.almasb.fxgl.app.FXGLApplication$GameApplicationService
18:10:57.632 [FXGL Background Thread 3 ] DEBUG Engine               - class com.almasb.fxgl.app.services.FXGLDialogService
18:10:57.632 [FXGL Background Thread 3 ] DEBUG Engine               - class com.almasb.fxgl.app.services.IOTaskExecutorService
18:10:57.632 [FXGL Background Thread 3 ] DEBUG Engine               - class com.almasb.fxgl.io.FileSystemService
18:10:57.632 [FXGL Background Thread 3 ] DEBUG Engine               - class com.almasb.fxgl.localization.LocalizationService
18:10:57.632 [FXGL Background Thread 3 ] DEBUG Engine               - class com.almasb.fxgl.app.services.SystemBundleService
18:10:57.632 [FXGL Background Thread 3 ] DEBUG Engine               - class com.almasb.fxgl.profile.SaveLoadService
18:10:57.632 [FXGL Background Thread 3 ] DEBUG Engine               - class com.almasb.fxgl.ui.FXGLUIFactoryServiceProvider
18:10:57.632 [FXGL Background Thread 3 ] DEBUG Engine               - class com.almasb.fxgl.ui.FXGLDialogFactoryServiceProvider
18:10:57.632 [FXGL Background Thread 3 ] DEBUG Engine               - class com.almasb.fxgl.audio.AudioPlayer
18:10:57.632 [FXGL Background Thread 3 ] DEBUG Engine               - class com.almasb.fxgl.notification.impl.NotificationServiceProvider
18:10:57.632 [FXGL Background Thread 3 ] DEBUG Engine               - class com.almasb.fxgl.achievement.AchievementService
18:10:57.632 [FXGL Background Thread 3 ] DEBUG Engine               - class com.almasb.fxgl.cutscene.CutsceneService
18:10:57.632 [FXGL Background Thread 3 ] DEBUG Engine               - class com.almasb.fxgl.minigames.MiniGameService
18:10:57.632 [FXGL Background Thread 3 ] DEBUG Engine               - class com.almasb.fxgl.net.NetService
18:10:57.632 [FXGL Background Thread 3 ] DEBUG Engine               - class com.almasb.fxgl.app.services.UpdaterService
18:10:57.632 [FXGL Background Thread 3 ] DEBUG Engine               - class com.almasb.fxgl.dev.DevService
18:11:08.289 [JavaFX Application Thread] DEBUG Menu                 - fireNewGame()
18:11:08.290 [JavaFX Application Thread] DEBUG GameApplicationServi - Starting new game
18:11:08.292 [JavaFX Application Thread] DEBUG PrimaryStageWindow   - Pop state: FXGLDefaultMenu
18:11:08.292 [JavaFX Application Thread] DEBUG Input                - Clearing active input actions
18:11:08.293 [JavaFX Application Thread] DEBUG GameApplicationServi - Removing overlay from FXGLDefaultMenu and adding to FXGLMainMenuDummyScene
18:11:08.294 [JavaFX Application Thread] DEBUG PrimaryStageWindow   - FXGLMainMenuDummyScene <- FXGLDefaultMenu
18:11:08.294 [JavaFX Application Thread] DEBUG Input                - Clearing active input actions
18:11:08.300 [JavaFX Application Thread] DEBUG GameApplicationServi - Removing overlay from FXGLMainMenuDummyScene and adding to FXGLLoadingScene
18:11:08.300 [JavaFX Application Thread] DEBUG PrimaryStageWindow   - FXGLMainMenuDummyScene -> FXGLLoadingScene
18:11:08.300 [JavaFX Application Thread] DEBUG GameApplicationServi - Clearing previous game
18:11:08.300 [JavaFX Application Thread] DEBUG GameScene            - Clearing game scene
18:11:08.300 [JavaFX Application Thread] DEBUG GameWorld            - Clearing game world
18:11:08.300 [JavaFX Application Thread] DEBUG PhysicsWorld         - Clearing physics world
18:11:08.302 [FXGL Background Thread 2 ] DEBUG FXGLApplication      - Initializing game
18:11:08.361 [FXGL Background Thread 2 ] DEBUG FXGLAssetLoaderServi - Loading from file system: file:/C:/Users/lucas/OneDrive/Escritorio/UP/7%20CUATRI/PROGRAMACION%20CONCURRENTE/simulador-restaurant/target/classes/assets/textures/Restaurante.png
18:11:08.393 [FXGL Background Thread 2 ] INFO  FXGLApplication      - Game initialization took: 0.090 sec
18:11:08.393 [JavaFX Application Thread] DEBUG Input                - Clearing active input actions
18:11:08.397 [JavaFX Application Thread] DEBUG GameApplicationServi - Removing overlay from FXGLLoadingScene and adding to GameScene
18:11:08.397 [JavaFX Application Thread] DEBUG PrimaryStageWindow   - FXGLLoadingScene -> GameScene
18:11:11.276 [JavaFX Application Thread] DEBUG FXGLAssetLoaderServi - Loading from file system: file:/C:/Users/lucas/OneDrive/Escritorio/UP/7%20CUATRI/PROGRAMACION%20CONCURRENTE/simulador-restaurant/target/classes/assets/textures/cliente.png
18:11:11.282 [JavaFX Application Thread] WARN  GameWorld            - Entity is already attached to world
18:11:14.279 [JavaFX Application Thread] WARN  GameWorld            - Entity is already attached to world
18:11:17.272 [JavaFX Application Thread] WARN  GameWorld            - Entity is already attached to world
18:11:20.262 [JavaFX Application Thread] WARN  GameWorld            - Entity is already attached to world
18:11:22.914 [JavaFX Application Thread] DEBUG FXGLApplication      - Exiting FXGL
18:11:22.914 [JavaFX Application Thread] DEBUG LoopRunner           - Stopping loop
18:11:22.914 [JavaFX Application Thread] DEBUG SystemBundleService  - Saving FXGL system data
18:11:22.916 [JavaFX Application Thread] DEBUG FileSystemAccess     - Writing to: C:\Users\lucas\OneDrive\Escritorio\UP\7 CUATRI\PROGRAMACION CONCURRENTE\simulador-restaurant\system\fxgl.bundle
18:11:22.916 [JavaFX Application Thread] DEBUG Async                - Shutting down background threads
18:11:22.917 [JavaFX Application Thread] DEBUG PrimaryStageWindow   - Closing main window
18:11:22.943 [JavaFX Application Thread] DEBUG Logger               - Closing Logger
