20:17:43.225 [main                     ] DEBUG Logger               - Configured Logger
20:17:43.282 [main                     ] DEBUG GameApplication      - Logging settings
Title: Restaurant Sayayin
Version: 0.0
Width: 1053
Height: 560
Fullscreen: false
Intro: false
Profiling: false
Single step:false
App Mode: DEVELOPER
Menu Key: ESCAPE
Stage Style: DECORATED
Scene Factory: class com.almasb.fxgl.app.scene.SceneFactory

20:17:44.637 [JavaFX Application Thread] DEBUG FXGLApplication      - Initializing FXGL
20:17:44.654 [JavaFX Application Thread] INFO  Engine               - FXGL-17.1 (24.03.2022 17.34) on WINDOWS (J:20.0.1 FX:18)
20:17:44.655 [JavaFX Application Thread] DEBUG Engine               - JRE Vendor Name: Oracle Corporation
20:17:44.657 [JavaFX Application Thread] DEBUG Engine               - Running on OS: Windows 11 version 10.0
20:17:44.657 [JavaFX Application Thread] DEBUG Engine               - Architecture: amd64
20:17:44.658 [JavaFX Application Thread] INFO  Engine               - Source code and latest versions at: https://github.com/AlmasB/FXGL
20:17:44.658 [JavaFX Application Thread] INFO  Engine               -       Ask questions and discuss at: https://github.com/AlmasB/FXGL/discussions
20:17:44.658 [JavaFX Application Thread] INFO  Engine               -              Join the FXGL chat at: https://gitter.im/AlmasB/FXGL
20:17:45.083 [JavaFX Application Thread] DEBUG PrimaryStageWindow   - Creating a JavaFX scene
20:17:45.209 [JavaFX Application Thread] DEBUG PrimaryStageWindow   - Target settings size: 1053.0 x 560.0
20:17:45.210 [JavaFX Application Thread] DEBUG PrimaryStageWindow   - Scaled scene size:    1053.0 x 560.0
20:17:45.211 [JavaFX Application Thread] DEBUG PrimaryStageWindow   - Scaled ratio: (1.0, 1.0)
20:17:45.217 [JavaFX Application Thread] DEBUG PrimaryStageWindow   - Set initial scene to FXGLStartupScene
20:17:45.234 [JavaFX Application Thread] DEBUG PrimaryStageWindow   - Opening main window
20:17:45.500 [JavaFX Application Thread] DEBUG PrimaryStageWindow   - Window border size: (15.0, 37.33331298828125)
20:17:45.501 [JavaFX Application Thread] DEBUG PrimaryStageWindow   - Scaled size: 1053.0 x 560.0
20:17:45.502 [JavaFX Application Thread] DEBUG PrimaryStageWindow   - Scaled ratio: (1.0, 1.0)
20:17:45.503 [JavaFX Application Thread] DEBUG PrimaryStageWindow   - Scene size: 1053.0 x 560.0
20:17:45.504 [JavaFX Application Thread] DEBUG PrimaryStageWindow   - Stage size: 1068.0 x 597.3333129882812
20:17:45.532 [FXGL Background Thread 1 ] DEBUG Engine               - Initializing environment variables
20:17:45.715 [FXGL Background Thread 1 ] DEBUG FXGLAssetLoaderServi - User app class for loading assets: class org.example.restaurant.Main
20:17:45.717 [FXGL Background Thread 1 ] DEBUG GameApplicationServi - Applying CSS: fxgl_dark.css
20:17:45.720 [FXGL Background Thread 1 ] DEBUG FXGLAssetLoaderServi - Loading from file system: jar:file:/C:/Users/emili/.m2/repository/com/github/almasb/fxgl/17.1/fxgl-17.1.jar!/fxglassets/ui/css/fxgl_dark.css
20:17:45.870 [FXGL Background Thread 1 ] DEBUG GameApplicationServi - Initializing application scenes
20:17:45.982 [FXGL Background Thread 1 ] DEBUG GameWorld            - Game world initialized
20:17:46.134 [FXGL Background Thread 1 ] DEBUG PhysicsWorld         - Physics world initialized: appHeight=560, physics.ppm=50.0
20:17:46.135 [FXGL Background Thread 1 ] DEBUG PhysicsWorld         - Using strategy: BRUTE_FORCE
20:17:46.152 [FXGL Background Thread 1 ] DEBUG GameScene            - Game scene initialized: 1053x560
20:17:46.188 [FXGL Background Thread 1 ] WARN  FXGL.DefaultMenu     - FXGLDefaultMenu is not designed for resolutions < 800x600
20:17:46.189 [FXGL Background Thread 1 ] DEBUG FXGL.DefaultMenu     - createMenuBodyMainMenu()
20:17:46.227 [FXGL Background Thread 1 ] DEBUG FXGL.DefaultMenu     - createOptionsMenu()
20:17:46.259 [FXGL Background Thread 1 ] DEBUG FXGLAssetLoaderServi - Loading from file system: jar:file:/C:/Users/emili/.m2/repository/com/github/almasb/fxgl/17.1/fxgl-17.1.jar!/fxglassets/textures/particles/smoke.png
20:17:46.505 [FXGL Background Thread 1 ] DEBUG FXGLAssetLoaderServi - Loading from file system: jar:file:/C:/Users/emili/.m2/repository/com/github/almasb/fxgl/17.1/fxgl-17.1.jar!/fxglassets/textures/particles/trace_horizontal.png
20:17:46.566 [FXGL Background Thread 1 ] WARN  FXGL.DefaultMenu     - FXGLDefaultMenu is not designed for resolutions < 800x600
20:17:46.567 [FXGL Background Thread 1 ] DEBUG FXGL.DefaultMenu     - createMenuBodyGameMenu()
20:17:46.573 [FXGL Background Thread 1 ] DEBUG FXGL.DefaultMenu     - createOptionsMenu()
20:17:46.596 [FXGL Background Thread 1 ] DEBUG GameApplicationServi - Application scenes initialized
20:17:46.646 [FXGL Background Thread 1 ] DEBUG SystemBundleService  - Loading FXGL system data
20:17:46.665 [FXGL Background Thread 1 ] DEBUG FileSystemAccess     - Reading from: C:\Users\emili\Documents\7mo Cuatrimestre\Programación Concurrente\restaurant-simulador\system\fxgl.bundle
20:17:46.693 [FXGL Background Thread 1 ] DEBUG SystemBundleService  - Bundle FXGL: {}
20:17:46.693 [FXGL Background Thread 1 ] DEBUG UpdaterService       - Checking for updates
20:17:46.707 [FXGL Background Thread 1 ] DEBUG FXGLApplication      - Loading default localization
20:17:46.709 [FXGL Background Thread 4 ] DEBUG FXGLApplication      - Loading fonts
20:17:46.709 [FXGL Background Thread 1 ] DEBUG FXGLAssetLoaderServi - Loading from file system: jar:file:/C:/Users/emili/.m2/repository/com/github/almasb/fxgl/17.1/fxgl-17.1.jar!/fxglassets/languages/english.lang
20:17:46.709 [FXGL Background Thread 4 ] DEBUG FXGLAssetLoaderServi - Loading from file system: jar:file:/C:/Users/emili/.m2/repository/com/github/almasb/fxgl/17.1/fxgl-17.1.jar!/fxglassets/ui/fonts/VarelaRound-Regular.ttf
20:17:46.752 [FXGL Background Thread 1 ] INFO  FXGLApplication      - FXGL initialization took: 1.220 sec
20:17:46.758 [JavaFX Application Thread] DEBUG FXGLAssetLoaderServi - Loading from file system: jar:file:/C:/Users/emili/.m2/repository/com/github/almasb/fxgl/17.1/fxgl-17.1.jar!/fxglassets/textures/fxgl_icon.png
20:17:46.794 [JavaFX Application Thread] DEBUG FXGLAssetLoaderServi - Loading from file system: jar:file:/C:/Users/emili/.m2/repository/com/github/almasb/fxgl/17.1/fxgl-17.1.jar!/fxglassets/textures/fxgl_default_cursor.png
20:17:46.819 [JavaFX Application Thread] DEBUG Input                - Registered new binding: Screenshot - CTRL+8
20:17:46.821 [JavaFX Application Thread] DEBUG Input                - Registered new binding: System info dump - CTRL+9
20:17:46.822 [JavaFX Application Thread] DEBUG Input                - Registered new binding: Restart - CTRL+R
20:17:46.825 [JavaFX Application Thread] DEBUG Input                - Registered new binding: Toggle Debug Camera - CTRL+7
20:17:46.833 [JavaFX Application Thread] DEBUG LoopRunner           - Starting loop
20:17:46.834 [JavaFX Application Thread] DEBUG LoopRunner           - Initializing JavaFX AnimationTimerLoop
20:17:46.841 [JavaFX Application Thread] DEBUG Input                - Clearing active input actions
20:17:46.855 [JavaFX Application Thread] DEBUG GameApplicationServi - Removing overlay from FXGLStartupScene and adding to FXGLMainMenuDummyScene
20:17:46.857 [JavaFX Application Thread] DEBUG PrimaryStageWindow   - FXGLStartupScene -> FXGLMainMenuDummyScene
20:17:46.858 [JavaFX Application Thread] DEBUG PrimaryStageWindow   - Push state: FXGLDefaultMenu
20:17:46.868 [FXGL Background Thread 4 ] DEBUG FXGLAssetLoaderServi - Loading from file system: jar:file:/C:/Users/emili/.m2/repository/com/github/almasb/fxgl/17.1/fxgl-17.1.jar!/fxglassets/ui/fonts/Abel-Regular.ttf
20:17:46.877 [JavaFX Application Thread] DEBUG Input                - Clearing active input actions
20:17:46.886 [FXGL Background Thread 4 ] DEBUG FXGLAssetLoaderServi - Loading from file system: jar:file:/C:/Users/emili/.m2/repository/com/github/almasb/fxgl/17.1/fxgl-17.1.jar!/fxglassets/ui/fonts/TerminalLandMono-Regular.otf
20:17:46.902 [FXGL Background Thread 4 ] DEBUG FXGLAssetLoaderServi - Loading from file system: jar:file:/C:/Users/emili/.m2/repository/com/github/almasb/fxgl/17.1/fxgl-17.1.jar!/fxglassets/ui/fonts/Courier-Prime.ttf
20:17:46.916 [JavaFX Application Thread] DEBUG GameApplicationServi - Removing overlay from FXGLMainMenuDummyScene and adding to FXGLDefaultMenu
20:17:46.917 [JavaFX Application Thread] DEBUG PrimaryStageWindow   - FXGLMainMenuDummyScene -> FXGLDefaultMenu
20:17:47.136 [JavaFX Application Thread] DEBUG FXGLApplication      - Registering font factories with UI factory
20:17:47.952 [FXGL Background Thread 2 ] INFO  UpdaterService       - Your current version:  17.1
20:17:47.952 [FXGL Background Thread 2 ] INFO  UpdaterService       - Latest stable version: 21.1
20:17:49.700 [FXGL Background Thread 3 ] DEBUG Engine               - Logging environment variables
20:17:49.702 [FXGL Background Thread 3 ] DEBUG Engine               - achievements: []
20:17:49.702 [FXGL Background Thread 3 ] DEBUG Engine               - actualHeight: 560.0
20:17:49.702 [FXGL Background Thread 3 ] DEBUG Engine               - actualHeightProperty: ReadOnlyDoubleProperty [value: 560.0]
20:17:49.702 [FXGL Background Thread 3 ] DEBUG Engine               - actualWidth: 1053.0
20:17:49.702 [FXGL Background Thread 3 ] DEBUG Engine               - actualWidthProperty: ReadOnlyDoubleProperty [value: 1053.0]
20:17:49.702 [FXGL Background Thread 3 ] DEBUG Engine               - appIcon: fxgl_icon.png
20:17:49.703 [FXGL Background Thread 3 ] DEBUG Engine               - applicationMode: DEVELOPER
20:17:49.703 [FXGL Background Thread 3 ] DEBUG Engine               - cSSList: [fxgl_dark.css]
20:17:49.703 [FXGL Background Thread 3 ] DEBUG Engine               - collisionDetectionStrategy: BRUTE_FORCE
20:17:49.703 [FXGL Background Thread 3 ] DEBUG Engine               - configClass: Optional.empty
20:17:49.703 [FXGL Background Thread 3 ] DEBUG Engine               - credits: []
20:17:49.704 [FXGL Background Thread 3 ] DEBUG Engine               - defaultCursor: CursorInfo(imageName=fxgl_default_cursor.png, hotspotX=7.0, hotspotY=6.0)
20:17:49.704 [FXGL Background Thread 3 ] DEBUG Engine               - devBBoxColorProperty: ObjectProperty [value: 0xff0000ff]
20:17:49.704 [FXGL Background Thread 3 ] DEBUG Engine               - devEnableDebugCameraProperty: BooleanProperty [value: false]
20:17:49.704 [FXGL Background Thread 3 ] DEBUG Engine               - devSensorColorProperty: ObjectProperty [value: 0xffff00ff]
20:17:49.704 [FXGL Background Thread 3 ] DEBUG Engine               - devShowBBoxProperty: BooleanProperty [value: false]
20:17:49.704 [FXGL Background Thread 3 ] DEBUG Engine               - devShowPositionProperty: BooleanProperty [value: false]
20:17:49.705 [FXGL Background Thread 3 ] DEBUG Engine               - enabledMenuItems: []
20:17:49.705 [FXGL Background Thread 3 ] DEBUG Engine               - engineServices: [class com.almasb.fxgl.app.services.FXGLAssetLoaderService, class com.almasb.fxgl.app.FXGLApplication$GameApplicationService, class com.almasb.fxgl.app.services.FXGLDialogService, class com.almasb.fxgl.app.services.IOTaskExecutorService, class com.almasb.fxgl.io.FileSystemService, class com.almasb.fxgl.localization.LocalizationService, class com.almasb.fxgl.app.services.SystemBundleService, class com.almasb.fxgl.profile.SaveLoadService, class com.almasb.fxgl.ui.FXGLUIFactoryServiceProvider, class com.almasb.fxgl.ui.FXGLDialogFactoryServiceProvider, class com.almasb.fxgl.audio.AudioPlayer, class com.almasb.fxgl.notification.impl.NotificationServiceProvider, class com.almasb.fxgl.achievement.AchievementService, class com.almasb.fxgl.cutscene.CutsceneService, class com.almasb.fxgl.minigames.MiniGameService, class com.almasb.fxgl.net.NetService, class com.almasb.fxgl.app.services.UpdaterService, class com.almasb.fxgl.dev.DevService]
20:17:49.705 [FXGL Background Thread 3 ] DEBUG Engine               - fontGame: Abel-Regular.ttf
20:17:49.705 [FXGL Background Thread 3 ] DEBUG Engine               - fontMono: TerminalLandMono-Regular.otf
20:17:49.705 [FXGL Background Thread 3 ] DEBUG Engine               - fontText: Courier-Prime.ttf
20:17:49.705 [FXGL Background Thread 3 ] DEBUG Engine               - fontUI: VarelaRound-Regular.ttf
20:17:49.705 [FXGL Background Thread 3 ] DEBUG Engine               - fullScreen: BooleanProperty [value: false]
20:17:49.705 [FXGL Background Thread 3 ] DEBUG Engine               - gameDifficulty: MEDIUM
20:17:49.705 [FXGL Background Thread 3 ] DEBUG Engine               - gameDifficultyProperty: ObjectProperty [value: MEDIUM]
20:17:49.705 [FXGL Background Thread 3 ] DEBUG Engine               - globalMusicVolume: 0.5
20:17:49.705 [FXGL Background Thread 3 ] DEBUG Engine               - globalMusicVolumeProperty: DoubleProperty [value: 0.5]
20:17:49.705 [FXGL Background Thread 3 ] DEBUG Engine               - globalSoundVolume: 0.5
20:17:49.705 [FXGL Background Thread 3 ] DEBUG Engine               - globalSoundVolumeProperty: DoubleProperty [value: 0.5]
20:17:49.705 [FXGL Background Thread 3 ] DEBUG Engine               - height: 560
20:17:49.705 [FXGL Background Thread 3 ] DEBUG Engine               - is3D: false
20:17:49.706 [FXGL Background Thread 3 ] DEBUG Engine               - isAndroid: false
20:17:49.706 [FXGL Background Thread 3 ] DEBUG Engine               - isBrowser: false
20:17:49.706 [FXGL Background Thread 3 ] DEBUG Engine               - isClickFeedbackEnabled: false
20:17:49.706 [FXGL Background Thread 3 ] DEBUG Engine               - isCloseConfirmation: false
20:17:49.706 [FXGL Background Thread 3 ] DEBUG Engine               - isDesktop: true
20:17:49.706 [FXGL Background Thread 3 ] DEBUG Engine               - isDeveloperMenuEnabled: false
20:17:49.706 [FXGL Background Thread 3 ] DEBUG Engine               - isEmbedded: false
20:17:49.706 [FXGL Background Thread 3 ] DEBUG Engine               - isEntityPreloadEnabled: true
20:17:49.706 [FXGL Background Thread 3 ] DEBUG Engine               - isExperimentalTiledLargeMap: false
20:17:49.706 [FXGL Background Thread 3 ] DEBUG Engine               - isFileSystemWriteAllowed: true
20:17:49.706 [FXGL Background Thread 3 ] DEBUG Engine               - isFullScreenAllowed: false
20:17:49.706 [FXGL Background Thread 3 ] DEBUG Engine               - isFullScreenFromStart: false
20:17:49.706 [FXGL Background Thread 3 ] DEBUG Engine               - isGameMenuEnabled: true
20:17:49.706 [FXGL Background Thread 3 ] DEBUG Engine               - isIOS: false
20:17:49.706 [FXGL Background Thread 3 ] DEBUG Engine               - isIntroEnabled: false
20:17:49.706 [FXGL Background Thread 3 ] DEBUG Engine               - isLinux: false
20:17:49.706 [FXGL Background Thread 3 ] DEBUG Engine               - isMac: false
20:17:49.706 [FXGL Background Thread 3 ] DEBUG Engine               - isMainMenuEnabled: true
20:17:49.706 [FXGL Background Thread 3 ] DEBUG Engine               - isManualResizeEnabled: false
20:17:49.707 [FXGL Background Thread 3 ] DEBUG Engine               - isMobile: false
20:17:49.707 [FXGL Background Thread 3 ] DEBUG Engine               - isNative: false
20:17:49.707 [FXGL Background Thread 3 ] DEBUG Engine               - isPauseMusicWhenMinimized: true
20:17:49.707 [FXGL Background Thread 3 ] DEBUG Engine               - isPreserveResizeRatio: false
20:17:49.707 [FXGL Background Thread 3 ] DEBUG Engine               - isProfilingEnabled: false
20:17:49.707 [FXGL Background Thread 3 ] DEBUG Engine               - isScaleAffectedOnResize: true
20:17:49.707 [FXGL Background Thread 3 ] DEBUG Engine               - isSingleStep: false
20:17:49.707 [FXGL Background Thread 3 ] DEBUG Engine               - isUserProfileEnabled: false
20:17:49.707 [FXGL Background Thread 3 ] DEBUG Engine               - isWindows: true
20:17:49.707 [FXGL Background Thread 3 ] DEBUG Engine               - language: ObjectProperty [value: ENGLISH]
20:17:49.707 [FXGL Background Thread 3 ] DEBUG Engine               - menuKey: ESCAPE
20:17:49.708 [FXGL Background Thread 3 ] DEBUG Engine               - mouseSensitivity: 0.2
20:17:49.708 [FXGL Background Thread 3 ] DEBUG Engine               - notificationViewClass: class com.almasb.fxgl.notification.view.XboxNotificationView
20:17:49.708 [FXGL Background Thread 3 ] DEBUG Engine               - pixelsPerMeter: 50.0
20:17:49.708 [FXGL Background Thread 3 ] DEBUG Engine               - platform: WINDOWS
20:17:49.708 [FXGL Background Thread 3 ] DEBUG Engine               - prefHeightProperty: ReadOnlyDoubleProperty [value: 560.0]
20:17:49.708 [FXGL Background Thread 3 ] DEBUG Engine               - prefWidthProperty: ReadOnlyDoubleProperty [value: 1053.0]
20:17:49.708 [FXGL Background Thread 3 ] DEBUG Engine               - profileDir: profiles/
20:17:49.708 [FXGL Background Thread 3 ] DEBUG Engine               - profileName: StringProperty [value: DEFAULT]
20:17:49.708 [FXGL Background Thread 3 ] DEBUG Engine               - randomSeed: -1
20:17:49.711 [FXGL Background Thread 3 ] DEBUG Engine               - runtimeInfo: RuntimeInfo(platform=WINDOWS, version=17.1, build=24.03.2022 17.34)
20:17:49.713 [FXGL Background Thread 3 ] DEBUG Engine               - saveFileExt: sav
20:17:49.713 [FXGL Background Thread 3 ] DEBUG Engine               - scaledHeightProp$fxgl: DoubleProperty [bound, value: 560.0]
20:17:49.713 [FXGL Background Thread 3 ] DEBUG Engine               - scaledWidthProp$fxgl: DoubleProperty [bound, value: 1053.0]
20:17:49.713 [FXGL Background Thread 3 ] DEBUG Engine               - sceneFactory: com.almasb.fxgl.app.scene.SceneFactory@280ee8c8
20:17:49.713 [FXGL Background Thread 3 ] DEBUG Engine               - secondsIn24h: 60
20:17:49.713 [FXGL Background Thread 3 ] DEBUG Engine               - soundMenuBack: menu/back.wav
20:17:49.713 [FXGL Background Thread 3 ] DEBUG Engine               - soundMenuPress: menu/press.wav
20:17:49.713 [FXGL Background Thread 3 ] DEBUG Engine               - soundMenuSelect: menu/select.wav
20:17:49.713 [FXGL Background Thread 3 ] DEBUG Engine               - soundNotification: core/notification.wav
20:17:49.713 [FXGL Background Thread 3 ] DEBUG Engine               - stageStyle: DECORATED
20:17:49.713 [FXGL Background Thread 3 ] DEBUG Engine               - supportedLanguages: [ENGLISH, FRENCH, GERMAN, HUNGARIAN, RUSSIAN]
20:17:49.713 [FXGL Background Thread 3 ] DEBUG Engine               - ticksPerSecond: -1
20:17:49.713 [FXGL Background Thread 3 ] DEBUG Engine               - title: Restaurant Sayayin
20:17:49.713 [FXGL Background Thread 3 ] DEBUG Engine               - urlGithub: https://github.com/AlmasB/FXGL
20:17:49.714 [FXGL Background Thread 3 ] DEBUG Engine               - urlLeaderboard: http://fxgl-top.herokuapp.com/
20:17:49.714 [FXGL Background Thread 3 ] DEBUG Engine               - urlPOM: https://raw.githubusercontent.com/AlmasB/FXGL/release/README.md
20:17:49.714 [FXGL Background Thread 3 ] DEBUG Engine               - userAppClass: class org.example.restaurant.Main
20:17:49.714 [FXGL Background Thread 3 ] DEBUG Engine               - version: 0.0
20:17:49.714 [FXGL Background Thread 3 ] DEBUG Engine               - versionCheckDays: 7
20:17:49.714 [FXGL Background Thread 3 ] DEBUG Engine               - width: 1053
20:17:49.714 [FXGL Background Thread 3 ] DEBUG Engine               - Logging services
20:17:49.714 [FXGL Background Thread 3 ] DEBUG Engine               - class com.almasb.fxgl.app.services.FXGLAssetLoaderService
20:17:49.714 [FXGL Background Thread 3 ] DEBUG Engine               - class com.almasb.fxgl.app.FXGLApplication$GameApplicationService
20:17:49.714 [FXGL Background Thread 3 ] DEBUG Engine               - class com.almasb.fxgl.app.services.FXGLDialogService
20:17:49.714 [FXGL Background Thread 3 ] DEBUG Engine               - class com.almasb.fxgl.app.services.IOTaskExecutorService
20:17:49.714 [FXGL Background Thread 3 ] DEBUG Engine               - class com.almasb.fxgl.io.FileSystemService
20:17:49.714 [FXGL Background Thread 3 ] DEBUG Engine               - class com.almasb.fxgl.localization.LocalizationService
20:17:49.715 [FXGL Background Thread 3 ] DEBUG Engine               - class com.almasb.fxgl.app.services.SystemBundleService
20:17:49.715 [FXGL Background Thread 3 ] DEBUG Engine               - class com.almasb.fxgl.profile.SaveLoadService
20:17:49.715 [FXGL Background Thread 3 ] DEBUG Engine               - class com.almasb.fxgl.ui.FXGLUIFactoryServiceProvider
20:17:49.715 [FXGL Background Thread 3 ] DEBUG Engine               - class com.almasb.fxgl.ui.FXGLDialogFactoryServiceProvider
20:17:49.715 [FXGL Background Thread 3 ] DEBUG Engine               - class com.almasb.fxgl.audio.AudioPlayer
20:17:49.715 [FXGL Background Thread 3 ] DEBUG Engine               - class com.almasb.fxgl.notification.impl.NotificationServiceProvider
20:17:49.715 [FXGL Background Thread 3 ] DEBUG Engine               - class com.almasb.fxgl.achievement.AchievementService
20:17:49.715 [FXGL Background Thread 3 ] DEBUG Engine               - class com.almasb.fxgl.cutscene.CutsceneService
20:17:49.715 [FXGL Background Thread 3 ] DEBUG Engine               - class com.almasb.fxgl.minigames.MiniGameService
20:17:49.715 [FXGL Background Thread 3 ] DEBUG Engine               - class com.almasb.fxgl.net.NetService
20:17:49.715 [FXGL Background Thread 3 ] DEBUG Engine               - class com.almasb.fxgl.app.services.UpdaterService
20:17:49.715 [FXGL Background Thread 3 ] DEBUG Engine               - class com.almasb.fxgl.dev.DevService
20:19:05.484 [JavaFX Application Thread] DEBUG Menu                 - fireNewGame()
20:19:05.486 [JavaFX Application Thread] DEBUG GameApplicationServi - Starting new game
20:19:05.496 [JavaFX Application Thread] DEBUG PrimaryStageWindow   - Pop state: FXGLDefaultMenu
20:19:05.496 [JavaFX Application Thread] DEBUG Input                - Clearing active input actions
20:19:05.497 [JavaFX Application Thread] DEBUG GameApplicationServi - Removing overlay from FXGLDefaultMenu and adding to FXGLMainMenuDummyScene
20:19:05.497 [JavaFX Application Thread] DEBUG PrimaryStageWindow   - FXGLMainMenuDummyScene <- FXGLDefaultMenu
20:19:05.499 [JavaFX Application Thread] DEBUG Input                - Clearing active input actions
20:19:05.521 [JavaFX Application Thread] DEBUG GameApplicationServi - Removing overlay from FXGLMainMenuDummyScene and adding to FXGLLoadingScene
20:19:05.523 [JavaFX Application Thread] DEBUG PrimaryStageWindow   - FXGLMainMenuDummyScene -> FXGLLoadingScene
20:19:05.523 [JavaFX Application Thread] DEBUG GameApplicationServi - Clearing previous game
20:19:05.524 [JavaFX Application Thread] DEBUG GameScene            - Clearing game scene
20:19:05.526 [JavaFX Application Thread] DEBUG GameWorld            - Clearing game world
20:19:05.526 [JavaFX Application Thread] DEBUG PhysicsWorld         - Clearing physics world
20:19:05.533 [FXGL Background Thread 5 ] DEBUG FXGLApplication      - Initializing game
20:19:05.970 [FXGL Background Thread 5 ] DEBUG FXGLAssetLoaderServi - Loading from file system: file:/C:/Users/emili/Documents/7mo%20Cuatrimestre/Programaci%c3%b3n%20Concurrente/restaurant-simulador/target/classes/assets/textures/Restaurante.png
20:19:06.031 [FXGL Background Thread 5 ] INFO  FXGLApplication      - Game initialization took: 0.499 sec
20:19:06.046 [JavaFX Application Thread] DEBUG Input                - Clearing active input actions
20:19:06.063 [JavaFX Application Thread] DEBUG GameApplicationServi - Removing overlay from FXGLLoadingScene and adding to GameScene
20:19:06.064 [JavaFX Application Thread] DEBUG PrimaryStageWindow   - FXGLLoadingScene -> GameScene
20:19:08.598 [JavaFX Application Thread] DEBUG FXGLAssetLoaderServi - Loading from file system: file:/C:/Users/emili/Documents/7mo%20Cuatrimestre/Programaci%c3%b3n%20Concurrente/restaurant-simulador/target/classes/assets/textures/cliente.png
20:19:08.622 [JavaFX Application Thread] WARN  GameWorld            - Entity is already attached to world
20:19:10.645 [JavaFX Application Thread] DEBUG FXGLAssetLoaderServi - Loading from file system: file:/C:/Users/emili/Documents/7mo%20Cuatrimestre/Programaci%c3%b3n%20Concurrente/restaurant-simulador/target/classes/assets/textures/mesero.png
20:19:10.650 [JavaFX Application Thread] WARN  GameWorld            - Entity is already attached to world
20:19:10.650 [JavaFX Application Thread] WARN  GameWorld            - Entity is already attached to world
20:19:11.367 [JavaFX Application Thread] WARN  GameWorld            - Entity is already attached to world
20:19:12.640 [JavaFX Application Thread] DEBUG FXGLAssetLoaderServi - Loading from file system: file:/C:/Users/emili/Documents/7mo%20Cuatrimestre/Programaci%c3%b3n%20Concurrente/restaurant-simulador/target/classes/assets/textures/comida.png
20:19:12.646 [JavaFX Application Thread] WARN  GameWorld            - Entity is already attached to world
20:19:12.646 [JavaFX Application Thread] WARN  GameWorld            - Entity is already attached to world
20:19:12.649 [JavaFX Application Thread] WARN  GameWorld            - Entity is already attached to world
20:19:12.649 [JavaFX Application Thread] WARN  GameWorld            - Entity is already attached to world
20:19:13.369 [JavaFX Application Thread] WARN  GameWorld            - Entity is already attached to world
20:19:13.369 [JavaFX Application Thread] WARN  GameWorld            - Entity is already attached to world
20:19:14.358 [JavaFX Application Thread] WARN  GameWorld            - Entity is already attached to world
20:19:15.370 [JavaFX Application Thread] WARN  GameWorld            - Entity is already attached to world
20:19:15.372 [JavaFX Application Thread] WARN  GameWorld            - Entity is already attached to world
20:19:15.373 [JavaFX Application Thread] WARN  GameWorld            - Entity is already attached to world
20:19:15.373 [JavaFX Application Thread] WARN  GameWorld            - Entity is already attached to world
20:19:16.360 [JavaFX Application Thread] WARN  GameWorld            - Entity is already attached to world
20:19:16.362 [JavaFX Application Thread] WARN  GameWorld            - Entity is already attached to world
20:19:17.352 [JavaFX Application Thread] WARN  GameWorld            - Entity is already attached to world
20:19:18.476 [JavaFX Application Thread] WARN  GameWorld            - Entity is already attached to world
20:19:18.476 [JavaFX Application Thread] WARN  GameWorld            - Entity is already attached to world
20:19:18.478 [JavaFX Application Thread] WARN  GameWorld            - Entity is already attached to world
20:19:18.479 [JavaFX Application Thread] WARN  GameWorld            - Entity is already attached to world
20:19:19.356 [JavaFX Application Thread] WARN  GameWorld            - Entity is already attached to world
20:19:19.356 [JavaFX Application Thread] WARN  GameWorld            - Entity is already attached to world
20:19:20.422 [JavaFX Application Thread] WARN  GameWorld            - Entity is already attached to world
20:19:21.357 [JavaFX Application Thread] WARN  GameWorld            - Entity is already attached to world
20:19:21.357 [JavaFX Application Thread] WARN  GameWorld            - Entity is already attached to world
20:19:21.359 [JavaFX Application Thread] WARN  GameWorld            - Entity is already attached to world
20:19:21.359 [JavaFX Application Thread] WARN  GameWorld            - Entity is already attached to world
20:19:22.426 [JavaFX Application Thread] WARN  GameWorld            - Entity is already attached to world
20:19:22.426 [JavaFX Application Thread] WARN  GameWorld            - Entity is already attached to world
20:19:23.350 [JavaFX Application Thread] WARN  GameWorld            - Entity is already attached to world
20:19:24.427 [JavaFX Application Thread] WARN  GameWorld            - Entity is already attached to world
20:19:24.427 [JavaFX Application Thread] WARN  GameWorld            - Entity is already attached to world
20:19:24.430 [JavaFX Application Thread] WARN  GameWorld            - Entity is already attached to world
20:19:24.430 [JavaFX Application Thread] WARN  GameWorld            - Entity is already attached to world
20:19:25.355 [JavaFX Application Thread] WARN  GameWorld            - Entity is already attached to world
20:19:25.355 [JavaFX Application Thread] WARN  GameWorld            - Entity is already attached to world
20:19:26.359 [JavaFX Application Thread] WARN  GameWorld            - Entity is already attached to world
20:19:27.355 [JavaFX Application Thread] WARN  GameWorld            - Entity is already attached to world
20:19:27.355 [JavaFX Application Thread] WARN  GameWorld            - Entity is already attached to world
20:19:27.356 [JavaFX Application Thread] WARN  GameWorld            - Entity is already attached to world
20:19:27.356 [JavaFX Application Thread] WARN  GameWorld            - Entity is already attached to world
20:19:28.361 [JavaFX Application Thread] WARN  GameWorld            - Entity is already attached to world
20:19:28.363 [JavaFX Application Thread] WARN  GameWorld            - Entity is already attached to world
20:19:29.382 [JavaFX Application Thread] WARN  GameWorld            - Entity is already attached to world
20:19:30.363 [JavaFX Application Thread] WARN  GameWorld            - Entity is already attached to world
20:19:30.363 [JavaFX Application Thread] WARN  GameWorld            - Entity is already attached to world
20:19:30.365 [JavaFX Application Thread] WARN  GameWorld            - Entity is already attached to world
20:19:30.365 [JavaFX Application Thread] WARN  GameWorld            - Entity is already attached to world
20:19:31.387 [JavaFX Application Thread] WARN  GameWorld            - Entity is already attached to world
20:19:31.388 [JavaFX Application Thread] WARN  GameWorld            - Entity is already attached to world
20:19:32.389 [JavaFX Application Thread] WARN  GameWorld            - Entity is already attached to world
20:19:33.388 [JavaFX Application Thread] WARN  GameWorld            - Entity is already attached to world
20:19:33.388 [JavaFX Application Thread] WARN  GameWorld            - Entity is already attached to world
20:19:33.389 [JavaFX Application Thread] WARN  GameWorld            - Entity is already attached to world
20:19:33.389 [JavaFX Application Thread] WARN  GameWorld            - Entity is already attached to world
20:19:34.393 [JavaFX Application Thread] WARN  GameWorld            - Entity is already attached to world
20:19:34.393 [JavaFX Application Thread] WARN  GameWorld            - Entity is already attached to world
20:19:35.350 [JavaFX Application Thread] WARN  GameWorld            - Entity is already attached to world
20:19:36.393 [JavaFX Application Thread] WARN  GameWorld            - Entity is already attached to world
20:19:36.394 [JavaFX Application Thread] WARN  GameWorld            - Entity is already attached to world
20:19:36.397 [JavaFX Application Thread] WARN  GameWorld            - Entity is already attached to world
20:19:36.397 [JavaFX Application Thread] WARN  GameWorld            - Entity is already attached to world
20:19:37.354 [JavaFX Application Thread] WARN  GameWorld            - Entity is already attached to world
20:19:37.355 [JavaFX Application Thread] WARN  GameWorld            - Entity is already attached to world
20:19:38.406 [JavaFX Application Thread] WARN  GameWorld            - Entity is already attached to world
20:19:39.353 [JavaFX Application Thread] WARN  GameWorld            - Entity is already attached to world
20:19:39.353 [JavaFX Application Thread] WARN  GameWorld            - Entity is already attached to world
20:19:39.355 [JavaFX Application Thread] WARN  GameWorld            - Entity is already attached to world
20:19:39.355 [JavaFX Application Thread] WARN  GameWorld            - Entity is already attached to world
20:19:40.416 [JavaFX Application Thread] WARN  GameWorld            - Entity is already attached to world
20:19:40.416 [JavaFX Application Thread] WARN  GameWorld            - Entity is already attached to world
20:19:41.366 [JavaFX Application Thread] WARN  GameWorld            - Entity is already attached to world
20:19:42.417 [JavaFX Application Thread] WARN  GameWorld            - Entity is already attached to world
20:19:42.417 [JavaFX Application Thread] WARN  GameWorld            - Entity is already attached to world
20:19:42.418 [JavaFX Application Thread] WARN  GameWorld            - Entity is already attached to world
20:19:42.420 [JavaFX Application Thread] WARN  GameWorld            - Entity is already attached to world
20:19:43.369 [JavaFX Application Thread] WARN  GameWorld            - Entity is already attached to world
20:19:43.369 [JavaFX Application Thread] WARN  GameWorld            - Entity is already attached to world
20:19:44.375 [JavaFX Application Thread] WARN  GameWorld            - Entity is already attached to world
20:19:45.370 [JavaFX Application Thread] WARN  GameWorld            - Entity is already attached to world
20:19:45.370 [JavaFX Application Thread] WARN  GameWorld            - Entity is already attached to world
20:19:45.371 [JavaFX Application Thread] WARN  GameWorld            - Entity is already attached to world
20:19:45.371 [JavaFX Application Thread] WARN  GameWorld            - Entity is already attached to world
20:19:46.382 [JavaFX Application Thread] WARN  GameWorld            - Entity is already attached to world
20:19:46.383 [JavaFX Application Thread] WARN  GameWorld            - Entity is already attached to world
20:19:47.383 [JavaFX Application Thread] WARN  GameWorld            - Entity is already attached to world
20:19:48.383 [JavaFX Application Thread] WARN  GameWorld            - Entity is already attached to world
20:19:48.384 [JavaFX Application Thread] WARN  GameWorld            - Entity is already attached to world
20:19:48.385 [JavaFX Application Thread] WARN  GameWorld            - Entity is already attached to world
20:19:48.385 [JavaFX Application Thread] WARN  GameWorld            - Entity is already attached to world
20:19:49.386 [JavaFX Application Thread] WARN  GameWorld            - Entity is already attached to world
20:19:49.387 [JavaFX Application Thread] WARN  GameWorld            - Entity is already attached to world
20:19:50.406 [JavaFX Application Thread] WARN  GameWorld            - Entity is already attached to world
20:19:51.388 [JavaFX Application Thread] WARN  GameWorld            - Entity is already attached to world
20:19:51.388 [JavaFX Application Thread] WARN  GameWorld            - Entity is already attached to world
20:19:51.389 [JavaFX Application Thread] WARN  GameWorld            - Entity is already attached to world
20:19:51.389 [JavaFX Application Thread] WARN  GameWorld            - Entity is already attached to world
20:19:52.414 [JavaFX Application Thread] WARN  GameWorld            - Entity is already attached to world
20:19:52.414 [JavaFX Application Thread] WARN  GameWorld            - Entity is already attached to world
20:19:53.382 [JavaFX Application Thread] WARN  GameWorld            - Entity is already attached to world
20:19:54.426 [JavaFX Application Thread] WARN  GameWorld            - Entity is already attached to world
20:19:54.426 [JavaFX Application Thread] WARN  GameWorld            - Entity is already attached to world
20:19:54.427 [JavaFX Application Thread] WARN  GameWorld            - Entity is already attached to world
20:19:54.427 [JavaFX Application Thread] WARN  GameWorld            - Entity is already attached to world
20:19:55.386 [JavaFX Application Thread] WARN  GameWorld            - Entity is already attached to world
20:19:55.386 [JavaFX Application Thread] WARN  GameWorld            - Entity is already attached to world
20:19:56.390 [JavaFX Application Thread] WARN  GameWorld            - Entity is already attached to world
20:19:57.386 [JavaFX Application Thread] WARN  GameWorld            - Entity is already attached to world
20:19:57.386 [JavaFX Application Thread] WARN  GameWorld            - Entity is already attached to world
20:19:57.387 [JavaFX Application Thread] WARN  GameWorld            - Entity is already attached to world
20:19:57.389 [JavaFX Application Thread] WARN  GameWorld            - Entity is already attached to world
20:19:58.392 [JavaFX Application Thread] WARN  GameWorld            - Entity is already attached to world
20:19:58.394 [JavaFX Application Thread] WARN  GameWorld            - Entity is already attached to world
20:19:59.383 [JavaFX Application Thread] WARN  GameWorld            - Entity is already attached to world
20:20:00.393 [JavaFX Application Thread] WARN  GameWorld            - Entity is already attached to world
20:20:00.394 [JavaFX Application Thread] WARN  GameWorld            - Entity is already attached to world
20:20:00.395 [JavaFX Application Thread] WARN  GameWorld            - Entity is already attached to world
20:20:00.396 [JavaFX Application Thread] WARN  GameWorld            - Entity is already attached to world
20:20:01.387 [JavaFX Application Thread] WARN  GameWorld            - Entity is already attached to world
20:20:01.387 [JavaFX Application Thread] WARN  GameWorld            - Entity is already attached to world
20:20:02.389 [JavaFX Application Thread] WARN  GameWorld            - Entity is already attached to world
20:20:03.388 [JavaFX Application Thread] WARN  GameWorld            - Entity is already attached to world
20:20:03.388 [JavaFX Application Thread] WARN  GameWorld            - Entity is already attached to world
20:20:03.389 [JavaFX Application Thread] WARN  GameWorld            - Entity is already attached to world
20:20:03.389 [JavaFX Application Thread] WARN  GameWorld            - Entity is already attached to world
20:20:04.394 [JavaFX Application Thread] WARN  GameWorld            - Entity is already attached to world
20:20:04.394 [JavaFX Application Thread] WARN  GameWorld            - Entity is already attached to world
20:20:05.416 [JavaFX Application Thread] WARN  GameWorld            - Entity is already attached to world
20:20:06.394 [JavaFX Application Thread] WARN  GameWorld            - Entity is already attached to world
20:20:06.394 [JavaFX Application Thread] WARN  GameWorld            - Entity is already attached to world
20:20:06.395 [JavaFX Application Thread] WARN  GameWorld            - Entity is already attached to world
20:20:06.395 [JavaFX Application Thread] WARN  GameWorld            - Entity is already attached to world
20:20:07.419 [JavaFX Application Thread] WARN  GameWorld            - Entity is already attached to world
20:20:07.419 [JavaFX Application Thread] WARN  GameWorld            - Entity is already attached to world
20:20:08.438 [JavaFX Application Thread] WARN  GameWorld            - Entity is already attached to world
20:20:09.419 [JavaFX Application Thread] WARN  GameWorld            - Entity is already attached to world
20:20:09.420 [JavaFX Application Thread] WARN  GameWorld            - Entity is already attached to world
20:20:09.421 [JavaFX Application Thread] WARN  GameWorld            - Entity is already attached to world
20:20:09.421 [JavaFX Application Thread] WARN  GameWorld            - Entity is already attached to world
20:20:10.441 [JavaFX Application Thread] WARN  GameWorld            - Entity is already attached to world
20:20:10.441 [JavaFX Application Thread] WARN  GameWorld            - Entity is already attached to world
20:20:11.447 [JavaFX Application Thread] WARN  GameWorld            - Entity is already attached to world
20:20:12.444 [JavaFX Application Thread] WARN  GameWorld            - Entity is already attached to world
20:20:12.444 [JavaFX Application Thread] WARN  GameWorld            - Entity is already attached to world
20:20:12.446 [JavaFX Application Thread] WARN  GameWorld            - Entity is already attached to world
20:20:12.447 [JavaFX Application Thread] WARN  GameWorld            - Entity is already attached to world
20:20:13.451 [JavaFX Application Thread] WARN  GameWorld            - Entity is already attached to world
20:20:13.451 [JavaFX Application Thread] WARN  GameWorld            - Entity is already attached to world
20:20:14.455 [JavaFX Application Thread] WARN  GameWorld            - Entity is already attached to world
20:20:15.450 [JavaFX Application Thread] WARN  GameWorld            - Entity is already attached to world
20:20:15.450 [JavaFX Application Thread] WARN  GameWorld            - Entity is already attached to world
20:20:15.452 [JavaFX Application Thread] WARN  GameWorld            - Entity is already attached to world
20:20:15.452 [JavaFX Application Thread] WARN  GameWorld            - Entity is already attached to world
20:20:16.458 [JavaFX Application Thread] WARN  GameWorld            - Entity is already attached to world
20:20:16.458 [JavaFX Application Thread] WARN  GameWorld            - Entity is already attached to world
20:20:17.440 [JavaFX Application Thread] WARN  GameWorld            - Entity is already attached to world
20:20:18.102 [JavaFX Application Thread] DEBUG FXGLApplication      - Exiting FXGL
20:20:18.104 [JavaFX Application Thread] DEBUG LoopRunner           - Stopping loop
20:20:18.104 [JavaFX Application Thread] DEBUG SystemBundleService  - Saving FXGL system data
20:20:18.113 [JavaFX Application Thread] DEBUG FileSystemAccess     - Writing to: C:\Users\emili\Documents\7mo Cuatrimestre\Programación Concurrente\restaurant-simulador\system\fxgl.bundle
20:20:18.119 [JavaFX Application Thread] DEBUG Async                - Shutting down background threads
20:20:18.119 [JavaFX Application Thread] DEBUG PrimaryStageWindow   - Closing main window
20:20:18.156 [JavaFX Application Thread] DEBUG Logger               - Closing Logger
