17:59:23.568 [main                     ] DEBUG Logger               - Configured Logger
17:59:23.587 [main                     ] DEBUG GameApplication      - Logging settings
Title: Restaurant Sayayin
Version: 0.0
Width: 1053
Height: 560
Fullscreen: false
Intro: false
Profiling: false
Single step:false
App Mode: DEVELOPER
Menu Key: ESCAPE
Stage Style: DECORATED
Scene Factory: class com.almasb.fxgl.app.scene.SceneFactory

17:59:24.070 [JavaFX Application Thread] DEBUG FXGLApplication      - Initializing FXGL
17:59:24.074 [JavaFX Application Thread] INFO  Engine               - FXGL-17.1 (24.03.2022 17.34) on WINDOWS (J:19.0.2 FX:18)
17:59:24.074 [JavaFX Application Thread] DEBUG Engine               - JRE Vendor Name: Oracle Corporation
17:59:24.075 [JavaFX Application Thread] DEBUG Engine               - Running on OS: Windows 11 version 10.0
17:59:24.075 [JavaFX Application Thread] DEBUG Engine               - Architecture: amd64
17:59:24.075 [JavaFX Application Thread] INFO  Engine               - Source code and latest versions at: https://github.com/AlmasB/FXGL
17:59:24.075 [JavaFX Application Thread] INFO  Engine               -       Ask questions and discuss at: https://github.com/AlmasB/FXGL/discussions
17:59:24.075 [JavaFX Application Thread] INFO  Engine               -              Join the FXGL chat at: https://gitter.im/AlmasB/FXGL
17:59:24.195 [JavaFX Application Thread] DEBUG PrimaryStageWindow   - Creating a JavaFX scene
17:59:24.244 [JavaFX Application Thread] DEBUG PrimaryStageWindow   - Target settings size: 1053.0 x 560.0
17:59:24.244 [JavaFX Application Thread] DEBUG PrimaryStageWindow   - Scaled scene size:    1053.0 x 560.0
17:59:24.244 [JavaFX Application Thread] DEBUG PrimaryStageWindow   - Scaled ratio: (1.0, 1.0)
17:59:24.246 [JavaFX Application Thread] DEBUG PrimaryStageWindow   - Set initial scene to FXGLStartupScene
17:59:24.254 [JavaFX Application Thread] DEBUG PrimaryStageWindow   - Opening main window
17:59:24.361 [JavaFX Application Thread] DEBUG PrimaryStageWindow   - Window border size: (15.0, 37.5999755859375)
17:59:24.362 [JavaFX Application Thread] DEBUG PrimaryStageWindow   - Scaled size: 1053.0 x 560.0
17:59:24.362 [JavaFX Application Thread] DEBUG PrimaryStageWindow   - Scaled ratio: (1.0, 1.0)
17:59:24.362 [JavaFX Application Thread] DEBUG PrimaryStageWindow   - Scene size: 1053.0 x 560.0
17:59:24.362 [JavaFX Application Thread] DEBUG PrimaryStageWindow   - Stage size: 1068.0 x 597.5999755859375
17:59:24.371 [FXGL Background Thread 1 ] DEBUG Engine               - Initializing environment variables
17:59:24.420 [FXGL Background Thread 1 ] DEBUG FXGLAssetLoaderServi - User app class for loading assets: class org.example.restaurant.Main
17:59:24.420 [FXGL Background Thread 1 ] DEBUG GameApplicationServi - Applying CSS: fxgl_dark.css
17:59:24.421 [FXGL Background Thread 1 ] DEBUG FXGLAssetLoaderServi - Loading from file system: jar:file:/C:/Users/lucas/.m2/repository/com/github/almasb/fxgl/17.1/fxgl-17.1.jar!/fxglassets/ui/css/fxgl_dark.css
17:59:24.468 [FXGL Background Thread 1 ] DEBUG GameApplicationServi - Initializing application scenes
17:59:24.513 [FXGL Background Thread 1 ] DEBUG GameWorld            - Game world initialized
17:59:24.585 [FXGL Background Thread 1 ] DEBUG PhysicsWorld         - Physics world initialized: appHeight=560, physics.ppm=50.0
17:59:24.586 [FXGL Background Thread 1 ] DEBUG PhysicsWorld         - Using strategy: BRUTE_FORCE
17:59:24.591 [FXGL Background Thread 1 ] DEBUG GameScene            - Game scene initialized: 1053x560
17:59:24.608 [FXGL Background Thread 1 ] WARN  FXGL.DefaultMenu     - FXGLDefaultMenu is not designed for resolutions < 800x600
17:59:24.608 [FXGL Background Thread 1 ] DEBUG FXGL.DefaultMenu     - createMenuBodyMainMenu()
17:59:24.635 [FXGL Background Thread 1 ] DEBUG FXGL.DefaultMenu     - createOptionsMenu()
17:59:24.647 [FXGL Background Thread 1 ] DEBUG FXGLAssetLoaderServi - Loading from file system: jar:file:/C:/Users/lucas/.m2/repository/com/github/almasb/fxgl/17.1/fxgl-17.1.jar!/fxglassets/textures/particles/smoke.png
17:59:24.771 [FXGL Background Thread 1 ] DEBUG FXGLAssetLoaderServi - Loading from file system: jar:file:/C:/Users/lucas/.m2/repository/com/github/almasb/fxgl/17.1/fxgl-17.1.jar!/fxglassets/textures/particles/trace_horizontal.png
17:59:24.804 [FXGL Background Thread 1 ] WARN  FXGL.DefaultMenu     - FXGLDefaultMenu is not designed for resolutions < 800x600
17:59:24.805 [FXGL Background Thread 1 ] DEBUG FXGL.DefaultMenu     - createMenuBodyGameMenu()
17:59:24.805 [FXGL Background Thread 1 ] DEBUG FXGL.DefaultMenu     - createOptionsMenu()
17:59:24.818 [FXGL Background Thread 1 ] DEBUG GameApplicationServi - Application scenes initialized
17:59:24.831 [FXGL Background Thread 1 ] DEBUG SystemBundleService  - Loading FXGL system data
17:59:24.833 [FXGL Background Thread 1 ] DEBUG FileSystemAccess     - Reading from: C:\Users\lucas\OneDrive\Escritorio\UP\7 CUATRI\PROGRAMACION CONCURRENTE\simulador-restaurant\system\fxgl.bundle
17:59:24.835 [FXGL Background Thread 1 ] DEBUG SystemBundleService  - Bundle FXGL: {}
17:59:24.835 [FXGL Background Thread 1 ] DEBUG UpdaterService       - Checking for updates
17:59:24.838 [FXGL Background Thread 4 ] DEBUG FXGLApplication      - Loading fonts
17:59:24.839 [FXGL Background Thread 1 ] DEBUG FXGLApplication      - Loading default localization
17:59:24.839 [FXGL Background Thread 4 ] DEBUG FXGLAssetLoaderServi - Loading from file system: jar:file:/C:/Users/lucas/.m2/repository/com/github/almasb/fxgl/17.1/fxgl-17.1.jar!/fxglassets/ui/fonts/VarelaRound-Regular.ttf
17:59:24.839 [FXGL Background Thread 1 ] DEBUG FXGLAssetLoaderServi - Loading from file system: jar:file:/C:/Users/lucas/.m2/repository/com/github/almasb/fxgl/17.1/fxgl-17.1.jar!/fxglassets/languages/english.lang
17:59:24.847 [FXGL Background Thread 4 ] DEBUG FXGLAssetLoaderServi - Loading from file system: jar:file:/C:/Users/lucas/.m2/repository/com/github/almasb/fxgl/17.1/fxgl-17.1.jar!/fxglassets/ui/fonts/Abel-Regular.ttf
17:59:24.850 [FXGL Background Thread 4 ] DEBUG FXGLAssetLoaderServi - Loading from file system: jar:file:/C:/Users/lucas/.m2/repository/com/github/almasb/fxgl/17.1/fxgl-17.1.jar!/fxglassets/ui/fonts/TerminalLandMono-Regular.otf
17:59:24.854 [FXGL Background Thread 4 ] DEBUG FXGLAssetLoaderServi - Loading from file system: jar:file:/C:/Users/lucas/.m2/repository/com/github/almasb/fxgl/17.1/fxgl-17.1.jar!/fxglassets/ui/fonts/Courier-Prime.ttf
17:59:24.861 [JavaFX Application Thread] DEBUG FXGLApplication      - Registering font factories with UI factory
17:59:24.862 [FXGL Background Thread 1 ] INFO  FXGLApplication      - FXGL initialization took: 0.491 sec
17:59:24.865 [JavaFX Application Thread] DEBUG FXGLAssetLoaderServi - Loading from file system: jar:file:/C:/Users/lucas/.m2/repository/com/github/almasb/fxgl/17.1/fxgl-17.1.jar!/fxglassets/textures/fxgl_icon.png
17:59:24.894 [JavaFX Application Thread] DEBUG FXGLAssetLoaderServi - Loading from file system: jar:file:/C:/Users/lucas/.m2/repository/com/github/almasb/fxgl/17.1/fxgl-17.1.jar!/fxglassets/textures/fxgl_default_cursor.png
17:59:24.908 [JavaFX Application Thread] DEBUG Input                - Registered new binding: Screenshot - CTRL+8
17:59:24.909 [JavaFX Application Thread] DEBUG Input                - Registered new binding: System info dump - CTRL+9
17:59:24.909 [JavaFX Application Thread] DEBUG Input                - Registered new binding: Restart - CTRL+R
17:59:24.911 [JavaFX Application Thread] DEBUG Input                - Registered new binding: Toggle Debug Camera - CTRL+7
17:59:24.914 [JavaFX Application Thread] DEBUG LoopRunner           - Starting loop
17:59:24.915 [JavaFX Application Thread] DEBUG LoopRunner           - Initializing JavaFX AnimationTimerLoop
17:59:24.918 [JavaFX Application Thread] DEBUG Input                - Clearing active input actions
17:59:24.924 [JavaFX Application Thread] DEBUG GameApplicationServi - Removing overlay from FXGLStartupScene and adding to FXGLMainMenuDummyScene
17:59:24.924 [JavaFX Application Thread] DEBUG PrimaryStageWindow   - FXGLStartupScene -> FXGLMainMenuDummyScene
17:59:24.924 [JavaFX Application Thread] DEBUG PrimaryStageWindow   - Push state: FXGLDefaultMenu
17:59:24.932 [JavaFX Application Thread] DEBUG Input                - Clearing active input actions
17:59:24.945 [JavaFX Application Thread] DEBUG GameApplicationServi - Removing overlay from FXGLMainMenuDummyScene and adding to FXGLDefaultMenu
17:59:24.947 [JavaFX Application Thread] DEBUG PrimaryStageWindow   - FXGLMainMenuDummyScene -> FXGLDefaultMenu
17:59:25.313 [FXGL Background Thread 2 ] INFO  UpdaterService       - Your current version:  17.1
17:59:25.313 [FXGL Background Thread 2 ] INFO  UpdaterService       - Latest stable version: 21.1
17:59:26.254 [JavaFX Application Thread] DEBUG Menu                 - fireNewGame()
17:59:26.255 [JavaFX Application Thread] DEBUG GameApplicationServi - Starting new game
17:59:26.257 [JavaFX Application Thread] DEBUG PrimaryStageWindow   - Pop state: FXGLDefaultMenu
17:59:26.257 [JavaFX Application Thread] DEBUG Input                - Clearing active input actions
17:59:26.258 [JavaFX Application Thread] DEBUG GameApplicationServi - Removing overlay from FXGLDefaultMenu and adding to FXGLMainMenuDummyScene
17:59:26.259 [JavaFX Application Thread] DEBUG PrimaryStageWindow   - FXGLMainMenuDummyScene <- FXGLDefaultMenu
17:59:26.259 [JavaFX Application Thread] DEBUG Input                - Clearing active input actions
17:59:26.269 [JavaFX Application Thread] DEBUG GameApplicationServi - Removing overlay from FXGLMainMenuDummyScene and adding to FXGLLoadingScene
17:59:26.269 [JavaFX Application Thread] DEBUG PrimaryStageWindow   - FXGLMainMenuDummyScene -> FXGLLoadingScene
17:59:26.269 [JavaFX Application Thread] DEBUG GameApplicationServi - Clearing previous game
17:59:26.269 [JavaFX Application Thread] DEBUG GameScene            - Clearing game scene
17:59:26.269 [JavaFX Application Thread] DEBUG GameWorld            - Clearing game world
17:59:26.269 [JavaFX Application Thread] DEBUG PhysicsWorld         - Clearing physics world
17:59:26.271 [FXGL Background Thread 2 ] DEBUG FXGLApplication      - Initializing game
17:59:26.324 [Thread-4                 ] DEBUG LoopRunner           - Stopping loop
17:59:26.326 [Thread-4                 ] FATAL FXGLApplication      - Uncaught Exception:
java.lang.NullPointerException: Cannot enter synchronized block because "this.bufferOrdenes" is null
	at org.example.restaurant.threads.CocineroThread.run(CocineroThread.java:22)

17:59:26.326 [Thread-4                 ] FATAL FXGLApplication      - Application will now exit
17:59:26.328 [FXGL Background Thread 2 ] DEBUG FXGLAssetLoaderServi - Loading from file system: file:/C:/Users/lucas/OneDrive/Escritorio/UP/7%20CUATRI/PROGRAMACION%20CONCURRENTE/simulador-restaurant/target/classes/assets/textures/Restaurante.png
17:59:26.340 [Thread-4                 ] DEBUG PrimaryStageWindow   - Push state: ErrorSubScene
17:59:26.341 [Thread-4                 ] DEBUG Input                - Clearing active input actions
17:59:26.359 [FXGL Background Thread 2 ] INFO  FXGLApplication      - Game initialization took: 0.087 sec
17:59:26.371 [JavaFX Application Thread] WARN  PrimaryStageWindow   - Cannot set to GameScene. Probably because subscenes are present.
17:59:27.838 [FXGL Background Thread 3 ] DEBUG Engine               - Logging environment variables
17:59:27.838 [FXGL Background Thread 3 ] DEBUG Engine               - achievements: []
17:59:27.838 [FXGL Background Thread 3 ] DEBUG Engine               - actualHeight: 560.0
17:59:27.838 [FXGL Background Thread 3 ] DEBUG Engine               - actualHeightProperty: ReadOnlyDoubleProperty [value: 560.0]
17:59:27.838 [FXGL Background Thread 3 ] DEBUG Engine               - actualWidth: 1053.0
17:59:27.838 [FXGL Background Thread 3 ] DEBUG Engine               - actualWidthProperty: ReadOnlyDoubleProperty [value: 1053.0]
17:59:27.838 [FXGL Background Thread 3 ] DEBUG Engine               - appIcon: fxgl_icon.png
17:59:27.838 [FXGL Background Thread 3 ] DEBUG Engine               - applicationMode: DEVELOPER
17:59:27.839 [FXGL Background Thread 3 ] DEBUG Engine               - cSSList: [fxgl_dark.css]
17:59:27.839 [FXGL Background Thread 3 ] DEBUG Engine               - collisionDetectionStrategy: BRUTE_FORCE
17:59:27.839 [FXGL Background Thread 3 ] DEBUG Engine               - configClass: Optional.empty
17:59:27.839 [FXGL Background Thread 3 ] DEBUG Engine               - credits: []
17:59:27.839 [FXGL Background Thread 3 ] DEBUG Engine               - defaultCursor: CursorInfo(imageName=fxgl_default_cursor.png, hotspotX=7.0, hotspotY=6.0)
17:59:27.839 [FXGL Background Thread 3 ] DEBUG Engine               - devBBoxColorProperty: ObjectProperty [value: 0xff0000ff]
17:59:27.839 [FXGL Background Thread 3 ] DEBUG Engine               - devEnableDebugCameraProperty: BooleanProperty [value: false]
17:59:27.839 [FXGL Background Thread 3 ] DEBUG Engine               - devSensorColorProperty: ObjectProperty [value: 0xffff00ff]
17:59:27.839 [FXGL Background Thread 3 ] DEBUG Engine               - devShowBBoxProperty: BooleanProperty [value: false]
17:59:27.839 [FXGL Background Thread 3 ] DEBUG Engine               - devShowPositionProperty: BooleanProperty [value: false]
17:59:27.839 [FXGL Background Thread 3 ] DEBUG Engine               - enabledMenuItems: []
17:59:27.839 [FXGL Background Thread 3 ] DEBUG Engine               - engineServices: [class com.almasb.fxgl.app.services.FXGLAssetLoaderService, class com.almasb.fxgl.app.FXGLApplication$GameApplicationService, class com.almasb.fxgl.app.services.FXGLDialogService, class com.almasb.fxgl.app.services.IOTaskExecutorService, class com.almasb.fxgl.io.FileSystemService, class com.almasb.fxgl.localization.LocalizationService, class com.almasb.fxgl.app.services.SystemBundleService, class com.almasb.fxgl.profile.SaveLoadService, class com.almasb.fxgl.ui.FXGLUIFactoryServiceProvider, class com.almasb.fxgl.ui.FXGLDialogFactoryServiceProvider, class com.almasb.fxgl.audio.AudioPlayer, class com.almasb.fxgl.notification.impl.NotificationServiceProvider, class com.almasb.fxgl.achievement.AchievementService, class com.almasb.fxgl.cutscene.CutsceneService, class com.almasb.fxgl.minigames.MiniGameService, class com.almasb.fxgl.net.NetService, class com.almasb.fxgl.app.services.UpdaterService, class com.almasb.fxgl.dev.DevService]
17:59:27.839 [FXGL Background Thread 3 ] DEBUG Engine               - fontGame: Abel-Regular.ttf
17:59:27.839 [FXGL Background Thread 3 ] DEBUG Engine               - fontMono: TerminalLandMono-Regular.otf
17:59:27.840 [FXGL Background Thread 3 ] DEBUG Engine               - fontText: Courier-Prime.ttf
17:59:27.840 [FXGL Background Thread 3 ] DEBUG Engine               - fontUI: VarelaRound-Regular.ttf
17:59:27.840 [FXGL Background Thread 3 ] DEBUG Engine               - fullScreen: BooleanProperty [value: false]
17:59:27.840 [FXGL Background Thread 3 ] DEBUG Engine               - gameDifficulty: MEDIUM
17:59:27.840 [FXGL Background Thread 3 ] DEBUG Engine               - gameDifficultyProperty: ObjectProperty [value: MEDIUM]
17:59:27.840 [FXGL Background Thread 3 ] DEBUG Engine               - globalMusicVolume: 0.5
17:59:27.840 [FXGL Background Thread 3 ] DEBUG Engine               - globalMusicVolumeProperty: DoubleProperty [value: 0.5]
17:59:27.840 [FXGL Background Thread 3 ] DEBUG Engine               - globalSoundVolume: 0.5
17:59:27.840 [FXGL Background Thread 3 ] DEBUG Engine               - globalSoundVolumeProperty: DoubleProperty [value: 0.5]
17:59:27.840 [FXGL Background Thread 3 ] DEBUG Engine               - height: 560
17:59:27.840 [FXGL Background Thread 3 ] DEBUG Engine               - is3D: false
17:59:27.840 [FXGL Background Thread 3 ] DEBUG Engine               - isAndroid: false
17:59:27.840 [FXGL Background Thread 3 ] DEBUG Engine               - isBrowser: false
17:59:27.840 [FXGL Background Thread 3 ] DEBUG Engine               - isClickFeedbackEnabled: false
17:59:27.840 [FXGL Background Thread 3 ] DEBUG Engine               - isCloseConfirmation: false
17:59:27.840 [FXGL Background Thread 3 ] DEBUG Engine               - isDesktop: true
17:59:27.840 [FXGL Background Thread 3 ] DEBUG Engine               - isDeveloperMenuEnabled: false
17:59:27.840 [FXGL Background Thread 3 ] DEBUG Engine               - isEmbedded: false
17:59:27.840 [FXGL Background Thread 3 ] DEBUG Engine               - isEntityPreloadEnabled: true
17:59:27.840 [FXGL Background Thread 3 ] DEBUG Engine               - isExperimentalTiledLargeMap: false
17:59:27.840 [FXGL Background Thread 3 ] DEBUG Engine               - isFileSystemWriteAllowed: true
17:59:27.841 [FXGL Background Thread 3 ] DEBUG Engine               - isFullScreenAllowed: false
17:59:27.841 [FXGL Background Thread 3 ] DEBUG Engine               - isFullScreenFromStart: false
17:59:27.841 [FXGL Background Thread 3 ] DEBUG Engine               - isGameMenuEnabled: true
17:59:27.841 [FXGL Background Thread 3 ] DEBUG Engine               - isIOS: false
17:59:27.841 [FXGL Background Thread 3 ] DEBUG Engine               - isIntroEnabled: false
17:59:27.841 [FXGL Background Thread 3 ] DEBUG Engine               - isLinux: false
17:59:27.841 [FXGL Background Thread 3 ] DEBUG Engine               - isMac: false
17:59:27.841 [FXGL Background Thread 3 ] DEBUG Engine               - isMainMenuEnabled: true
17:59:27.841 [FXGL Background Thread 3 ] DEBUG Engine               - isManualResizeEnabled: false
17:59:27.841 [FXGL Background Thread 3 ] DEBUG Engine               - isMobile: false
17:59:27.841 [FXGL Background Thread 3 ] DEBUG Engine               - isNative: false
17:59:27.841 [FXGL Background Thread 3 ] DEBUG Engine               - isPauseMusicWhenMinimized: true
17:59:27.841 [FXGL Background Thread 3 ] DEBUG Engine               - isPreserveResizeRatio: false
17:59:27.841 [FXGL Background Thread 3 ] DEBUG Engine               - isProfilingEnabled: false
17:59:27.841 [FXGL Background Thread 3 ] DEBUG Engine               - isScaleAffectedOnResize: true
17:59:27.841 [FXGL Background Thread 3 ] DEBUG Engine               - isSingleStep: false
17:59:27.841 [FXGL Background Thread 3 ] DEBUG Engine               - isUserProfileEnabled: false
17:59:27.841 [FXGL Background Thread 3 ] DEBUG Engine               - isWindows: true
17:59:27.841 [FXGL Background Thread 3 ] DEBUG Engine               - language: ObjectProperty [value: ENGLISH]
17:59:27.841 [FXGL Background Thread 3 ] DEBUG Engine               - menuKey: ESCAPE
17:59:27.841 [FXGL Background Thread 3 ] DEBUG Engine               - mouseSensitivity: 0.2
17:59:27.841 [FXGL Background Thread 3 ] DEBUG Engine               - notificationViewClass: class com.almasb.fxgl.notification.view.XboxNotificationView
17:59:27.841 [FXGL Background Thread 3 ] DEBUG Engine               - pixelsPerMeter: 50.0
17:59:27.841 [FXGL Background Thread 3 ] DEBUG Engine               - platform: WINDOWS
17:59:27.841 [FXGL Background Thread 3 ] DEBUG Engine               - prefHeightProperty: ReadOnlyDoubleProperty [value: 560.0]
17:59:27.841 [FXGL Background Thread 3 ] DEBUG Engine               - prefWidthProperty: ReadOnlyDoubleProperty [value: 1053.0]
17:59:27.841 [FXGL Background Thread 3 ] DEBUG Engine               - profileDir: profiles/
17:59:27.841 [FXGL Background Thread 3 ] DEBUG Engine               - profileName: StringProperty [value: DEFAULT]
17:59:27.841 [FXGL Background Thread 3 ] DEBUG Engine               - randomSeed: -1
17:59:27.841 [FXGL Background Thread 3 ] DEBUG Engine               - runtimeInfo: RuntimeInfo(platform=WINDOWS, version=17.1, build=24.03.2022 17.34)
17:59:27.842 [FXGL Background Thread 3 ] DEBUG Engine               - saveFileExt: sav
17:59:27.842 [FXGL Background Thread 3 ] DEBUG Engine               - scaledHeightProp$fxgl: DoubleProperty [bound, value: 560.0]
17:59:27.842 [FXGL Background Thread 3 ] DEBUG Engine               - scaledWidthProp$fxgl: DoubleProperty [bound, value: 1053.0]
17:59:27.842 [FXGL Background Thread 3 ] DEBUG Engine               - sceneFactory: com.almasb.fxgl.app.scene.SceneFactory@7262ab61
17:59:27.842 [FXGL Background Thread 3 ] DEBUG Engine               - secondsIn24h: 60
17:59:27.842 [FXGL Background Thread 3 ] DEBUG Engine               - soundMenuBack: menu/back.wav
17:59:27.842 [FXGL Background Thread 3 ] DEBUG Engine               - soundMenuPress: menu/press.wav
17:59:27.842 [FXGL Background Thread 3 ] DEBUG Engine               - soundMenuSelect: menu/select.wav
17:59:27.842 [FXGL Background Thread 3 ] DEBUG Engine               - soundNotification: core/notification.wav
17:59:27.842 [FXGL Background Thread 3 ] DEBUG Engine               - stageStyle: DECORATED
17:59:27.842 [FXGL Background Thread 3 ] DEBUG Engine               - supportedLanguages: [ENGLISH, FRENCH, GERMAN, HUNGARIAN, RUSSIAN]
17:59:27.842 [FXGL Background Thread 3 ] DEBUG Engine               - ticksPerSecond: -1
17:59:27.842 [FXGL Background Thread 3 ] DEBUG Engine               - title: Restaurant Sayayin
17:59:27.842 [FXGL Background Thread 3 ] DEBUG Engine               - urlGithub: https://github.com/AlmasB/FXGL
17:59:27.842 [FXGL Background Thread 3 ] DEBUG Engine               - urlLeaderboard: http://fxgl-top.herokuapp.com/
17:59:27.842 [FXGL Background Thread 3 ] DEBUG Engine               - urlPOM: https://raw.githubusercontent.com/AlmasB/FXGL/release/README.md
17:59:27.842 [FXGL Background Thread 3 ] DEBUG Engine               - userAppClass: class org.example.restaurant.Main
17:59:27.842 [FXGL Background Thread 3 ] DEBUG Engine               - version: 0.0
17:59:27.842 [FXGL Background Thread 3 ] DEBUG Engine               - versionCheckDays: 7
17:59:27.842 [FXGL Background Thread 3 ] DEBUG Engine               - width: 1053
17:59:27.842 [FXGL Background Thread 3 ] DEBUG Engine               - Logging services
17:59:27.842 [FXGL Background Thread 3 ] DEBUG Engine               - class com.almasb.fxgl.app.services.FXGLAssetLoaderService
17:59:27.842 [FXGL Background Thread 3 ] DEBUG Engine               - class com.almasb.fxgl.app.FXGLApplication$GameApplicationService
17:59:27.842 [FXGL Background Thread 3 ] DEBUG Engine               - class com.almasb.fxgl.app.services.FXGLDialogService
17:59:27.842 [FXGL Background Thread 3 ] DEBUG Engine               - class com.almasb.fxgl.app.services.IOTaskExecutorService
17:59:27.842 [FXGL Background Thread 3 ] DEBUG Engine               - class com.almasb.fxgl.io.FileSystemService
17:59:27.842 [FXGL Background Thread 3 ] DEBUG Engine               - class com.almasb.fxgl.localization.LocalizationService
17:59:27.842 [FXGL Background Thread 3 ] DEBUG Engine               - class com.almasb.fxgl.app.services.SystemBundleService
17:59:27.842 [FXGL Background Thread 3 ] DEBUG Engine               - class com.almasb.fxgl.profile.SaveLoadService
17:59:27.842 [FXGL Background Thread 3 ] DEBUG Engine               - class com.almasb.fxgl.ui.FXGLUIFactoryServiceProvider
17:59:27.842 [FXGL Background Thread 3 ] DEBUG Engine               - class com.almasb.fxgl.ui.FXGLDialogFactoryServiceProvider
17:59:27.842 [FXGL Background Thread 3 ] DEBUG Engine               - class com.almasb.fxgl.audio.AudioPlayer
17:59:27.842 [FXGL Background Thread 3 ] DEBUG Engine               - class com.almasb.fxgl.notification.impl.NotificationServiceProvider
17:59:27.843 [FXGL Background Thread 3 ] DEBUG Engine               - class com.almasb.fxgl.achievement.AchievementService
17:59:27.843 [FXGL Background Thread 3 ] DEBUG Engine               - class com.almasb.fxgl.cutscene.CutsceneService
17:59:27.843 [FXGL Background Thread 3 ] DEBUG Engine               - class com.almasb.fxgl.minigames.MiniGameService
17:59:27.843 [FXGL Background Thread 3 ] DEBUG Engine               - class com.almasb.fxgl.net.NetService
17:59:27.843 [FXGL Background Thread 3 ] DEBUG Engine               - class com.almasb.fxgl.app.services.UpdaterService
17:59:27.843 [FXGL Background Thread 3 ] DEBUG Engine               - class com.almasb.fxgl.dev.DevService
17:59:31.826 [JavaFX Application Thread] DEBUG FXGLApplication      - Exiting FXGL
17:59:31.826 [JavaFX Application Thread] DEBUG Async                - Shutting down background threads
17:59:31.826 [JavaFX Application Thread] DEBUG PrimaryStageWindow   - Closing main window
17:59:31.842 [JavaFX Application Thread] DEBUG Logger               - Closing Logger
