10:45:26.553 [main                     ] DEBUG Logger               - Configured Logger
10:45:26.579 [main                     ] DEBUG GameApplication      - Logging settings
Title: Restaurant Sayayin
Version: 0.0
Width: 1053
Height: 560
Fullscreen: false
Intro: false
Profiling: false
Single step:false
App Mode: DEVELOPER
Menu Key: ESCAPE
Stage Style: DECORATED
Scene Factory: class com.almasb.fxgl.app.scene.SceneFactory

10:45:27.365 [JavaFX Application Thread] DEBUG FXGLApplication      - Initializing FXGL
10:45:27.373 [JavaFX Application Thread] INFO  Engine               - FXGL-17.1 (24.03.2022 17.34) on WINDOWS (J:19.0.2 FX:18)
10:45:27.373 [JavaFX Application Thread] DEBUG Engine               - JRE Vendor Name: Oracle Corporation
10:45:27.373 [JavaFX Application Thread] DEBUG Engine               - Running on OS: Windows 11 version 10.0
10:45:27.374 [JavaFX Application Thread] DEBUG Engine               - Architecture: amd64
10:45:27.374 [JavaFX Application Thread] INFO  Engine               - Source code and latest versions at: https://github.com/AlmasB/FXGL
10:45:27.374 [JavaFX Application Thread] INFO  Engine               -       Ask questions and discuss at: https://github.com/AlmasB/FXGL/discussions
10:45:27.374 [JavaFX Application Thread] INFO  Engine               -              Join the FXGL chat at: https://gitter.im/AlmasB/FXGL
10:45:27.603 [JavaFX Application Thread] DEBUG PrimaryStageWindow   - Creating a JavaFX scene
10:45:27.682 [JavaFX Application Thread] DEBUG PrimaryStageWindow   - Target settings size: 1053.0 x 560.0
10:45:27.683 [JavaFX Application Thread] DEBUG PrimaryStageWindow   - Scaled scene size:    1053.0 x 560.0
10:45:27.683 [JavaFX Application Thread] DEBUG PrimaryStageWindow   - Scaled ratio: (1.0, 1.0)
10:45:27.684 [JavaFX Application Thread] DEBUG PrimaryStageWindow   - Set initial scene to FXGLStartupScene
10:45:27.698 [JavaFX Application Thread] DEBUG PrimaryStageWindow   - Opening main window
10:45:27.866 [JavaFX Application Thread] DEBUG PrimaryStageWindow   - Window border size: (15.0, 37.5999755859375)
10:45:27.866 [JavaFX Application Thread] DEBUG PrimaryStageWindow   - Scaled size: 1053.0 x 560.0
10:45:27.867 [JavaFX Application Thread] DEBUG PrimaryStageWindow   - Scaled ratio: (1.0, 1.0)
10:45:27.867 [JavaFX Application Thread] DEBUG PrimaryStageWindow   - Scene size: 1053.0 x 560.0
10:45:27.867 [JavaFX Application Thread] DEBUG PrimaryStageWindow   - Stage size: 1068.0 x 597.5999755859375
10:45:27.882 [FXGL Background Thread 1 ] DEBUG Engine               - Initializing environment variables
10:45:27.945 [FXGL Background Thread 1 ] DEBUG FXGLAssetLoaderServi - User app class for loading assets: class org.example.restaurant.Main
10:45:27.946 [FXGL Background Thread 1 ] DEBUG GameApplicationServi - Applying CSS: fxgl_dark.css
10:45:27.947 [FXGL Background Thread 1 ] DEBUG FXGLAssetLoaderServi - Loading from file system: jar:file:/C:/Users/lucas/.m2/repository/com/github/almasb/fxgl/17.1/fxgl-17.1.jar!/fxglassets/ui/css/fxgl_dark.css
10:45:28.019 [FXGL Background Thread 1 ] DEBUG GameApplicationServi - Initializing application scenes
10:45:28.085 [FXGL Background Thread 1 ] DEBUG GameWorld            - Game world initialized
10:45:28.198 [FXGL Background Thread 1 ] DEBUG PhysicsWorld         - Physics world initialized: appHeight=560, physics.ppm=50.0
10:45:28.198 [FXGL Background Thread 1 ] DEBUG PhysicsWorld         - Using strategy: BRUTE_FORCE
10:45:28.204 [FXGL Background Thread 1 ] DEBUG GameScene            - Game scene initialized: 1053x560
10:45:28.225 [FXGL Background Thread 1 ] WARN  FXGL.DefaultMenu     - FXGLDefaultMenu is not designed for resolutions < 800x600
10:45:28.225 [FXGL Background Thread 1 ] DEBUG FXGL.DefaultMenu     - createMenuBodyMainMenu()
10:45:28.265 [FXGL Background Thread 1 ] DEBUG FXGL.DefaultMenu     - createOptionsMenu()
10:45:28.283 [FXGL Background Thread 1 ] DEBUG FXGLAssetLoaderServi - Loading from file system: jar:file:/C:/Users/lucas/.m2/repository/com/github/almasb/fxgl/17.1/fxgl-17.1.jar!/fxglassets/textures/particles/smoke.png
10:45:28.435 [FXGL Background Thread 1 ] DEBUG FXGLAssetLoaderServi - Loading from file system: jar:file:/C:/Users/lucas/.m2/repository/com/github/almasb/fxgl/17.1/fxgl-17.1.jar!/fxglassets/textures/particles/trace_horizontal.png
10:45:28.477 [FXGL Background Thread 1 ] WARN  FXGL.DefaultMenu     - FXGLDefaultMenu is not designed for resolutions < 800x600
10:45:28.477 [FXGL Background Thread 1 ] DEBUG FXGL.DefaultMenu     - createMenuBodyGameMenu()
10:45:28.479 [FXGL Background Thread 1 ] DEBUG FXGL.DefaultMenu     - createOptionsMenu()
10:45:28.499 [FXGL Background Thread 1 ] DEBUG GameApplicationServi - Application scenes initialized
10:45:28.520 [FXGL Background Thread 1 ] DEBUG SystemBundleService  - Loading FXGL system data
10:45:28.522 [FXGL Background Thread 1 ] DEBUG FileSystemAccess     - Reading from: C:\Users\lucas\OneDrive\Escritorio\UP\7 CUATRI\PROGRAMACION CONCURRENTE\simulador-restaurant\system\fxgl.bundle
10:45:28.526 [FXGL Background Thread 1 ] DEBUG SystemBundleService  - Bundle FXGL: {}
10:45:28.526 [FXGL Background Thread 1 ] DEBUG UpdaterService       - Checking for updates
10:45:28.533 [FXGL Background Thread 4 ] DEBUG FXGLApplication      - Loading fonts
10:45:28.535 [FXGL Background Thread 1 ] DEBUG FXGLApplication      - Loading default localization
10:45:28.535 [FXGL Background Thread 4 ] DEBUG FXGLAssetLoaderServi - Loading from file system: jar:file:/C:/Users/lucas/.m2/repository/com/github/almasb/fxgl/17.1/fxgl-17.1.jar!/fxglassets/ui/fonts/VarelaRound-Regular.ttf
10:45:28.536 [FXGL Background Thread 1 ] DEBUG FXGLAssetLoaderServi - Loading from file system: jar:file:/C:/Users/lucas/.m2/repository/com/github/almasb/fxgl/17.1/fxgl-17.1.jar!/fxglassets/languages/english.lang
10:45:28.548 [FXGL Background Thread 4 ] DEBUG FXGLAssetLoaderServi - Loading from file system: jar:file:/C:/Users/lucas/.m2/repository/com/github/almasb/fxgl/17.1/fxgl-17.1.jar!/fxglassets/ui/fonts/Abel-Regular.ttf
10:45:28.553 [FXGL Background Thread 4 ] DEBUG FXGLAssetLoaderServi - Loading from file system: jar:file:/C:/Users/lucas/.m2/repository/com/github/almasb/fxgl/17.1/fxgl-17.1.jar!/fxglassets/ui/fonts/TerminalLandMono-Regular.otf
10:45:28.559 [FXGL Background Thread 4 ] DEBUG FXGLAssetLoaderServi - Loading from file system: jar:file:/C:/Users/lucas/.m2/repository/com/github/almasb/fxgl/17.1/fxgl-17.1.jar!/fxglassets/ui/fonts/Courier-Prime.ttf
10:45:28.568 [JavaFX Application Thread] DEBUG FXGLApplication      - Registering font factories with UI factory
10:45:28.571 [FXGL Background Thread 1 ] INFO  FXGLApplication      - FXGL initialization took: 0.689 sec
10:45:28.573 [JavaFX Application Thread] DEBUG FXGLAssetLoaderServi - Loading from file system: jar:file:/C:/Users/lucas/.m2/repository/com/github/almasb/fxgl/17.1/fxgl-17.1.jar!/fxglassets/textures/fxgl_icon.png
10:45:28.610 [JavaFX Application Thread] DEBUG FXGLAssetLoaderServi - Loading from file system: jar:file:/C:/Users/lucas/.m2/repository/com/github/almasb/fxgl/17.1/fxgl-17.1.jar!/fxglassets/textures/fxgl_default_cursor.png
10:45:28.627 [JavaFX Application Thread] DEBUG Input                - Registered new binding: Screenshot - CTRL+8
10:45:28.628 [JavaFX Application Thread] DEBUG Input                - Registered new binding: System info dump - CTRL+9
10:45:28.628 [JavaFX Application Thread] DEBUG Input                - Registered new binding: Restart - CTRL+R
10:45:28.629 [JavaFX Application Thread] DEBUG Input                - Registered new binding: Toggle Debug Camera - CTRL+7
10:45:28.633 [JavaFX Application Thread] DEBUG LoopRunner           - Starting loop
10:45:28.634 [JavaFX Application Thread] DEBUG LoopRunner           - Initializing JavaFX AnimationTimerLoop
10:45:28.638 [JavaFX Application Thread] DEBUG Input                - Clearing active input actions
10:45:28.647 [JavaFX Application Thread] DEBUG GameApplicationServi - Removing overlay from FXGLStartupScene and adding to FXGLMainMenuDummyScene
10:45:28.648 [JavaFX Application Thread] DEBUG PrimaryStageWindow   - FXGLStartupScene -> FXGLMainMenuDummyScene
10:45:28.648 [JavaFX Application Thread] DEBUG PrimaryStageWindow   - Push state: FXGLDefaultMenu
10:45:28.657 [JavaFX Application Thread] DEBUG Input                - Clearing active input actions
10:45:28.671 [JavaFX Application Thread] DEBUG GameApplicationServi - Removing overlay from FXGLMainMenuDummyScene and adding to FXGLDefaultMenu
10:45:28.672 [JavaFX Application Thread] DEBUG PrimaryStageWindow   - FXGLMainMenuDummyScene -> FXGLDefaultMenu
10:45:30.178 [JavaFX Application Thread] DEBUG Menu                 - fireNewGame()
10:45:30.178 [JavaFX Application Thread] DEBUG GameApplicationServi - Starting new game
10:45:30.182 [JavaFX Application Thread] DEBUG PrimaryStageWindow   - Pop state: FXGLDefaultMenu
10:45:30.182 [JavaFX Application Thread] DEBUG Input                - Clearing active input actions
10:45:30.183 [JavaFX Application Thread] DEBUG GameApplicationServi - Removing overlay from FXGLDefaultMenu and adding to FXGLMainMenuDummyScene
10:45:30.184 [JavaFX Application Thread] DEBUG PrimaryStageWindow   - FXGLMainMenuDummyScene <- FXGLDefaultMenu
10:45:30.185 [JavaFX Application Thread] DEBUG Input                - Clearing active input actions
10:45:30.198 [JavaFX Application Thread] DEBUG GameApplicationServi - Removing overlay from FXGLMainMenuDummyScene and adding to FXGLLoadingScene
10:45:30.198 [JavaFX Application Thread] DEBUG PrimaryStageWindow   - FXGLMainMenuDummyScene -> FXGLLoadingScene
10:45:30.198 [JavaFX Application Thread] DEBUG GameApplicationServi - Clearing previous game
10:45:30.198 [JavaFX Application Thread] DEBUG GameScene            - Clearing game scene
10:45:30.198 [JavaFX Application Thread] DEBUG GameWorld            - Clearing game world
10:45:30.199 [JavaFX Application Thread] DEBUG PhysicsWorld         - Clearing physics world
10:45:30.201 [FXGL Background Thread 1 ] DEBUG FXGLApplication      - Initializing game
10:45:30.290 [FXGL Background Thread 1 ] DEBUG FXGLAssetLoaderServi - Loading from file system: file:/C:/Users/lucas/OneDrive/Escritorio/UP/7%20CUATRI/PROGRAMACION%20CONCURRENTE/simulador-restaurant/target/classes/assets/textures/cocinero.png
10:45:30.309 [FXGL Background Thread 1 ] WARN  GameWorld            - Entity is already attached to world
10:45:30.312 [FXGL Background Thread 1 ] DEBUG FXGLAssetLoaderServi - Loading from file system: file:/C:/Users/lucas/OneDrive/Escritorio/UP/7%20CUATRI/PROGRAMACION%20CONCURRENTE/simulador-restaurant/target/classes/assets/textures/Restaurante.png
10:45:30.355 [FXGL Background Thread 1 ] INFO  FXGLApplication      - Game initialization took: 0.155 sec
10:45:30.356 [JavaFX Application Thread] DEBUG Input                - Clearing active input actions
10:45:30.365 [JavaFX Application Thread] DEBUG GameApplicationServi - Removing overlay from FXGLLoadingScene and adding to GameScene
10:45:30.365 [JavaFX Application Thread] DEBUG PrimaryStageWindow   - FXGLLoadingScene -> GameScene
10:45:31.531 [FXGL Background Thread 3 ] DEBUG Engine               - Logging environment variables
10:45:31.531 [FXGL Background Thread 3 ] DEBUG Engine               - achievements: []
10:45:31.531 [FXGL Background Thread 3 ] DEBUG Engine               - actualHeight: 560.0
10:45:31.532 [FXGL Background Thread 3 ] DEBUG Engine               - actualHeightProperty: ReadOnlyDoubleProperty [value: 560.0]
10:45:31.532 [FXGL Background Thread 3 ] DEBUG Engine               - actualWidth: 1053.0
10:45:31.532 [FXGL Background Thread 3 ] DEBUG Engine               - actualWidthProperty: ReadOnlyDoubleProperty [value: 1053.0]
10:45:31.532 [FXGL Background Thread 3 ] DEBUG Engine               - appIcon: fxgl_icon.png
10:45:31.532 [FXGL Background Thread 3 ] DEBUG Engine               - applicationMode: DEVELOPER
10:45:31.532 [FXGL Background Thread 3 ] DEBUG Engine               - cSSList: [fxgl_dark.css]
10:45:31.532 [FXGL Background Thread 3 ] DEBUG Engine               - collisionDetectionStrategy: BRUTE_FORCE
10:45:31.532 [FXGL Background Thread 3 ] DEBUG Engine               - configClass: Optional.empty
10:45:31.532 [FXGL Background Thread 3 ] DEBUG Engine               - credits: []
10:45:31.532 [FXGL Background Thread 3 ] DEBUG Engine               - defaultCursor: CursorInfo(imageName=fxgl_default_cursor.png, hotspotX=7.0, hotspotY=6.0)
10:45:31.533 [FXGL Background Thread 3 ] DEBUG Engine               - devBBoxColorProperty: ObjectProperty [value: 0xff0000ff]
10:45:31.533 [FXGL Background Thread 3 ] DEBUG Engine               - devEnableDebugCameraProperty: BooleanProperty [value: false]
10:45:31.533 [FXGL Background Thread 3 ] DEBUG Engine               - devSensorColorProperty: ObjectProperty [value: 0xffff00ff]
10:45:31.533 [FXGL Background Thread 3 ] DEBUG Engine               - devShowBBoxProperty: BooleanProperty [value: false]
10:45:31.533 [FXGL Background Thread 3 ] DEBUG Engine               - devShowPositionProperty: BooleanProperty [value: false]
10:45:31.533 [FXGL Background Thread 3 ] DEBUG Engine               - enabledMenuItems: []
10:45:31.533 [FXGL Background Thread 3 ] DEBUG Engine               - engineServices: [class com.almasb.fxgl.app.services.FXGLAssetLoaderService, class com.almasb.fxgl.app.FXGLApplication$GameApplicationService, class com.almasb.fxgl.app.services.FXGLDialogService, class com.almasb.fxgl.app.services.IOTaskExecutorService, class com.almasb.fxgl.io.FileSystemService, class com.almasb.fxgl.localization.LocalizationService, class com.almasb.fxgl.app.services.SystemBundleService, class com.almasb.fxgl.profile.SaveLoadService, class com.almasb.fxgl.ui.FXGLUIFactoryServiceProvider, class com.almasb.fxgl.ui.FXGLDialogFactoryServiceProvider, class com.almasb.fxgl.audio.AudioPlayer, class com.almasb.fxgl.notification.impl.NotificationServiceProvider, class com.almasb.fxgl.achievement.AchievementService, class com.almasb.fxgl.cutscene.CutsceneService, class com.almasb.fxgl.minigames.MiniGameService, class com.almasb.fxgl.net.NetService, class com.almasb.fxgl.app.services.UpdaterService, class com.almasb.fxgl.dev.DevService]
10:45:31.533 [FXGL Background Thread 3 ] DEBUG Engine               - fontGame: Abel-Regular.ttf
10:45:31.533 [FXGL Background Thread 3 ] DEBUG Engine               - fontMono: TerminalLandMono-Regular.otf
10:45:31.533 [FXGL Background Thread 3 ] DEBUG Engine               - fontText: Courier-Prime.ttf
10:45:31.533 [FXGL Background Thread 3 ] DEBUG Engine               - fontUI: VarelaRound-Regular.ttf
10:45:31.533 [FXGL Background Thread 3 ] DEBUG Engine               - fullScreen: BooleanProperty [value: false]
10:45:31.534 [FXGL Background Thread 3 ] DEBUG Engine               - gameDifficulty: MEDIUM
10:45:31.534 [FXGL Background Thread 3 ] DEBUG Engine               - gameDifficultyProperty: ObjectProperty [value: MEDIUM]
10:45:31.534 [FXGL Background Thread 3 ] DEBUG Engine               - globalMusicVolume: 0.5
10:45:31.534 [FXGL Background Thread 3 ] DEBUG Engine               - globalMusicVolumeProperty: DoubleProperty [value: 0.5]
10:45:31.534 [FXGL Background Thread 3 ] DEBUG Engine               - globalSoundVolume: 0.5
10:45:31.534 [FXGL Background Thread 3 ] DEBUG Engine               - globalSoundVolumeProperty: DoubleProperty [value: 0.5]
10:45:31.534 [FXGL Background Thread 3 ] DEBUG Engine               - height: 560
10:45:31.534 [FXGL Background Thread 3 ] DEBUG Engine               - is3D: false
10:45:31.534 [FXGL Background Thread 3 ] DEBUG Engine               - isAndroid: false
10:45:31.534 [FXGL Background Thread 3 ] DEBUG Engine               - isBrowser: false
10:45:31.534 [FXGL Background Thread 3 ] DEBUG Engine               - isClickFeedbackEnabled: false
10:45:31.534 [FXGL Background Thread 3 ] DEBUG Engine               - isCloseConfirmation: false
10:45:31.534 [FXGL Background Thread 3 ] DEBUG Engine               - isDesktop: true
10:45:31.534 [FXGL Background Thread 3 ] DEBUG Engine               - isDeveloperMenuEnabled: false
10:45:31.534 [FXGL Background Thread 3 ] DEBUG Engine               - isEmbedded: false
10:45:31.535 [FXGL Background Thread 3 ] DEBUG Engine               - isEntityPreloadEnabled: true
10:45:31.535 [FXGL Background Thread 3 ] DEBUG Engine               - isExperimentalTiledLargeMap: false
10:45:31.535 [FXGL Background Thread 3 ] DEBUG Engine               - isFileSystemWriteAllowed: true
10:45:31.535 [FXGL Background Thread 3 ] DEBUG Engine               - isFullScreenAllowed: false
10:45:31.535 [FXGL Background Thread 3 ] DEBUG Engine               - isFullScreenFromStart: false
10:45:31.535 [FXGL Background Thread 3 ] DEBUG Engine               - isGameMenuEnabled: true
10:45:31.535 [FXGL Background Thread 3 ] DEBUG Engine               - isIOS: false
10:45:31.535 [FXGL Background Thread 3 ] DEBUG Engine               - isIntroEnabled: false
10:45:31.535 [FXGL Background Thread 3 ] DEBUG Engine               - isLinux: false
10:45:31.535 [FXGL Background Thread 3 ] DEBUG Engine               - isMac: false
10:45:31.535 [FXGL Background Thread 3 ] DEBUG Engine               - isMainMenuEnabled: true
10:45:31.535 [FXGL Background Thread 3 ] DEBUG Engine               - isManualResizeEnabled: false
10:45:31.535 [FXGL Background Thread 3 ] DEBUG Engine               - isMobile: false
10:45:31.535 [FXGL Background Thread 3 ] DEBUG Engine               - isNative: false
10:45:31.535 [FXGL Background Thread 3 ] DEBUG Engine               - isPauseMusicWhenMinimized: true
10:45:31.535 [FXGL Background Thread 3 ] DEBUG Engine               - isPreserveResizeRatio: false
10:45:31.535 [FXGL Background Thread 3 ] DEBUG Engine               - isProfilingEnabled: false
10:45:31.535 [FXGL Background Thread 3 ] DEBUG Engine               - isScaleAffectedOnResize: true
10:45:31.535 [FXGL Background Thread 3 ] DEBUG Engine               - isSingleStep: false
10:45:31.535 [FXGL Background Thread 3 ] DEBUG Engine               - isUserProfileEnabled: false
10:45:31.535 [FXGL Background Thread 3 ] DEBUG Engine               - isWindows: true
10:45:31.535 [FXGL Background Thread 3 ] DEBUG Engine               - language: ObjectProperty [value: ENGLISH]
10:45:31.535 [FXGL Background Thread 3 ] DEBUG Engine               - menuKey: ESCAPE
10:45:31.535 [FXGL Background Thread 3 ] DEBUG Engine               - mouseSensitivity: 0.2
10:45:31.535 [FXGL Background Thread 3 ] DEBUG Engine               - notificationViewClass: class com.almasb.fxgl.notification.view.XboxNotificationView
10:45:31.535 [FXGL Background Thread 3 ] DEBUG Engine               - pixelsPerMeter: 50.0
10:45:31.535 [FXGL Background Thread 3 ] DEBUG Engine               - platform: WINDOWS
10:45:31.535 [FXGL Background Thread 3 ] DEBUG Engine               - prefHeightProperty: ReadOnlyDoubleProperty [value: 560.0]
10:45:31.535 [FXGL Background Thread 3 ] DEBUG Engine               - prefWidthProperty: ReadOnlyDoubleProperty [value: 1053.0]
10:45:31.535 [FXGL Background Thread 3 ] DEBUG Engine               - profileDir: profiles/
10:45:31.535 [FXGL Background Thread 3 ] DEBUG Engine               - profileName: StringProperty [value: DEFAULT]
10:45:31.535 [FXGL Background Thread 3 ] DEBUG Engine               - randomSeed: -1
10:45:31.537 [FXGL Background Thread 3 ] DEBUG Engine               - runtimeInfo: RuntimeInfo(platform=WINDOWS, version=17.1, build=24.03.2022 17.34)
10:45:31.537 [FXGL Background Thread 3 ] DEBUG Engine               - saveFileExt: sav
10:45:31.537 [FXGL Background Thread 3 ] DEBUG Engine               - scaledHeightProp$fxgl: DoubleProperty [bound, value: 560.0]
10:45:31.537 [FXGL Background Thread 3 ] DEBUG Engine               - scaledWidthProp$fxgl: DoubleProperty [bound, value: 1053.0]
10:45:31.537 [FXGL Background Thread 3 ] DEBUG Engine               - sceneFactory: com.almasb.fxgl.app.scene.SceneFactory@2087eb26
10:45:31.537 [FXGL Background Thread 3 ] DEBUG Engine               - secondsIn24h: 60
10:45:31.537 [FXGL Background Thread 3 ] DEBUG Engine               - soundMenuBack: menu/back.wav
10:45:31.537 [FXGL Background Thread 3 ] DEBUG Engine               - soundMenuPress: menu/press.wav
10:45:31.537 [FXGL Background Thread 3 ] DEBUG Engine               - soundMenuSelect: menu/select.wav
10:45:31.537 [FXGL Background Thread 3 ] DEBUG Engine               - soundNotification: core/notification.wav
10:45:31.537 [FXGL Background Thread 3 ] DEBUG Engine               - stageStyle: DECORATED
10:45:31.537 [FXGL Background Thread 3 ] DEBUG Engine               - supportedLanguages: [ENGLISH, FRENCH, GERMAN, HUNGARIAN, RUSSIAN]
10:45:31.537 [FXGL Background Thread 3 ] DEBUG Engine               - ticksPerSecond: -1
10:45:31.537 [FXGL Background Thread 3 ] DEBUG Engine               - title: Restaurant Sayayin
10:45:31.537 [FXGL Background Thread 3 ] DEBUG Engine               - urlGithub: https://github.com/AlmasB/FXGL
10:45:31.537 [FXGL Background Thread 3 ] DEBUG Engine               - urlLeaderboard: http://fxgl-top.herokuapp.com/
10:45:31.537 [FXGL Background Thread 3 ] DEBUG Engine               - urlPOM: https://raw.githubusercontent.com/AlmasB/FXGL/release/README.md
10:45:31.537 [FXGL Background Thread 3 ] DEBUG Engine               - userAppClass: class org.example.restaurant.Main
10:45:31.537 [FXGL Background Thread 3 ] DEBUG Engine               - version: 0.0
10:45:31.537 [FXGL Background Thread 3 ] DEBUG Engine               - versionCheckDays: 7
10:45:31.537 [FXGL Background Thread 3 ] DEBUG Engine               - width: 1053
10:45:31.538 [FXGL Background Thread 3 ] DEBUG Engine               - Logging services
10:45:31.538 [FXGL Background Thread 3 ] DEBUG Engine               - class com.almasb.fxgl.app.services.FXGLAssetLoaderService
10:45:31.538 [FXGL Background Thread 3 ] DEBUG Engine               - class com.almasb.fxgl.app.FXGLApplication$GameApplicationService
10:45:31.538 [FXGL Background Thread 3 ] DEBUG Engine               - class com.almasb.fxgl.app.services.FXGLDialogService
10:45:31.538 [FXGL Background Thread 3 ] DEBUG Engine               - class com.almasb.fxgl.app.services.IOTaskExecutorService
10:45:31.538 [FXGL Background Thread 3 ] DEBUG Engine               - class com.almasb.fxgl.io.FileSystemService
10:45:31.538 [FXGL Background Thread 3 ] DEBUG Engine               - class com.almasb.fxgl.localization.LocalizationService
10:45:31.538 [FXGL Background Thread 3 ] DEBUG Engine               - class com.almasb.fxgl.app.services.SystemBundleService
10:45:31.538 [FXGL Background Thread 3 ] DEBUG Engine               - class com.almasb.fxgl.profile.SaveLoadService
10:45:31.538 [FXGL Background Thread 3 ] DEBUG Engine               - class com.almasb.fxgl.ui.FXGLUIFactoryServiceProvider
10:45:31.538 [FXGL Background Thread 3 ] DEBUG Engine               - class com.almasb.fxgl.ui.FXGLDialogFactoryServiceProvider
10:45:31.538 [FXGL Background Thread 3 ] DEBUG Engine               - class com.almasb.fxgl.audio.AudioPlayer
10:45:31.538 [FXGL Background Thread 3 ] DEBUG Engine               - class com.almasb.fxgl.notification.impl.NotificationServiceProvider
10:45:31.538 [FXGL Background Thread 3 ] DEBUG Engine               - class com.almasb.fxgl.achievement.AchievementService
10:45:31.538 [FXGL Background Thread 3 ] DEBUG Engine               - class com.almasb.fxgl.cutscene.CutsceneService
10:45:31.538 [FXGL Background Thread 3 ] DEBUG Engine               - class com.almasb.fxgl.minigames.MiniGameService
10:45:31.538 [FXGL Background Thread 3 ] DEBUG Engine               - class com.almasb.fxgl.net.NetService
10:45:31.538 [FXGL Background Thread 3 ] DEBUG Engine               - class com.almasb.fxgl.app.services.UpdaterService
10:45:31.538 [FXGL Background Thread 3 ] DEBUG Engine               - class com.almasb.fxgl.dev.DevService
10:45:32.921 [JavaFX Application Thread] DEBUG FXGLAssetLoaderServi - Loading from file system: file:/C:/Users/lucas/OneDrive/Escritorio/UP/7%20CUATRI/PROGRAMACION%20CONCURRENTE/simulador-restaurant/target/classes/assets/textures/cliente.png
10:45:32.927 [JavaFX Application Thread] WARN  GameWorld            - Entity is already attached to world
10:45:32.936 [JavaFX Application Thread] DEBUG FXGLAssetLoaderServi - Loading from file system: file:/C:/Users/lucas/OneDrive/Escritorio/UP/7%20CUATRI/PROGRAMACION%20CONCURRENTE/simulador-restaurant/target/classes/assets/textures/mesero.png
10:45:32.939 [JavaFX Application Thread] WARN  GameWorld            - Entity is already attached to world
10:45:32.939 [JavaFX Application Thread] WARN  GameWorld            - Entity is already attached to world
10:45:34.940 [JavaFX Application Thread] DEBUG FXGLAssetLoaderServi - Loading from file system: file:/C:/Users/lucas/OneDrive/Escritorio/UP/7%20CUATRI/PROGRAMACION%20CONCURRENTE/simulador-restaurant/target/classes/assets/textures/comida.png
10:45:34.943 [JavaFX Application Thread] WARN  GameWorld            - Entity is already attached to world
10:45:34.943 [JavaFX Application Thread] WARN  GameWorld            - Entity is already attached to world
10:45:34.945 [JavaFX Application Thread] WARN  GameWorld            - Entity is already attached to world
10:45:34.946 [JavaFX Application Thread] WARN  GameWorld            - Entity is already attached to world
10:45:35.867 [JavaFX Application Thread] WARN  GameWorld            - Entity is already attached to world
10:45:35.870 [JavaFX Application Thread] WARN  GameWorld            - Entity is already attached to world
10:45:35.870 [JavaFX Application Thread] WARN  GameWorld            - Entity is already attached to world
10:45:37.078 [JavaFX Application Thread] DEBUG FXGLApplication      - Exiting FXGL
10:45:37.078 [JavaFX Application Thread] DEBUG LoopRunner           - Stopping loop
10:45:37.078 [JavaFX Application Thread] DEBUG SystemBundleService  - Saving FXGL system data
10:45:37.081 [JavaFX Application Thread] DEBUG FileSystemAccess     - Writing to: C:\Users\lucas\OneDrive\Escritorio\UP\7 CUATRI\PROGRAMACION CONCURRENTE\simulador-restaurant\system\fxgl.bundle
10:45:37.082 [JavaFX Application Thread] DEBUG Async                - Shutting down background threads
10:45:37.082 [JavaFX Application Thread] DEBUG PrimaryStageWindow   - Closing main window
10:45:37.110 [JavaFX Application Thread] DEBUG Logger               - Closing Logger
