18:46:36.830 [main                     ] DEBUG Logger               - Configured Logger
18:46:36.855 [main                     ] DEBUG GameApplication      - Logging settings
Title: Restaurant-simulador
Version: 0.0
Width: 1000
Height: 600
Fullscreen: false
Intro: false
Profiling: false
Single step:false
App Mode: DEVELOPER
Menu Key: ESCAPE
Stage Style: DECORATED
Scene Factory: class com.almasb.fxgl.app.scene.SceneFactory

18:46:37.515 [JavaFX Application Thread] DEBUG FXGLApplication      - Initializing FXGL
18:46:37.519 [JavaFX Application Thread] INFO  Engine               - FXGL-17.1 (24.03.2022 17.34) on WINDOWS (J:19.0.2 FX:18)
18:46:37.520 [JavaFX Application Thread] DEBUG Engine               - JRE Vendor Name: Oracle Corporation
18:46:37.520 [JavaFX Application Thread] DEBUG Engine               - Running on OS: Windows 11 version 10.0
18:46:37.520 [JavaFX Application Thread] DEBUG Engine               - Architecture: amd64
18:46:37.520 [JavaFX Application Thread] INFO  Engine               - Source code and latest versions at: https://github.com/AlmasB/FXGL
18:46:37.520 [JavaFX Application Thread] INFO  Engine               -       Ask questions and discuss at: https://github.com/AlmasB/FXGL/discussions
18:46:37.520 [JavaFX Application Thread] INFO  Engine               -              Join the FXGL chat at: https://gitter.im/AlmasB/FXGL
18:46:37.686 [JavaFX Application Thread] DEBUG PrimaryStageWindow   - Creating a JavaFX scene
18:46:37.755 [JavaFX Application Thread] DEBUG PrimaryStageWindow   - Target settings size: 1000.0 x 600.0
18:46:37.755 [JavaFX Application Thread] DEBUG PrimaryStageWindow   - Scaled scene size:    1000.0 x 600.0
18:46:37.755 [JavaFX Application Thread] DEBUG PrimaryStageWindow   - Scaled ratio: (1.0, 1.0)
18:46:37.756 [JavaFX Application Thread] DEBUG PrimaryStageWindow   - Set initial scene to FXGLStartupScene
18:46:37.764 [JavaFX Application Thread] DEBUG PrimaryStageWindow   - Opening main window
18:46:37.875 [JavaFX Application Thread] DEBUG PrimaryStageWindow   - Window border size: (14.4000244140625, 37.5999755859375)
18:46:37.875 [JavaFX Application Thread] DEBUG PrimaryStageWindow   - Scaled size: 1000.0 x 600.0
18:46:37.876 [JavaFX Application Thread] DEBUG PrimaryStageWindow   - Scaled ratio: (1.0, 1.0)
18:46:37.876 [JavaFX Application Thread] DEBUG PrimaryStageWindow   - Scene size: 1000.0 x 600.0
18:46:37.876 [JavaFX Application Thread] DEBUG PrimaryStageWindow   - Stage size: 1014.4000244140625 x 637.5999755859375
18:46:37.885 [FXGL Background Thread 1 ] DEBUG Engine               - Initializing environment variables
18:46:37.931 [FXGL Background Thread 1 ] DEBUG FXGLAssetLoaderServi - User app class for loading assets: class org.example.restaurant.Main
18:46:37.932 [FXGL Background Thread 1 ] DEBUG GameApplicationServi - Applying CSS: fxgl_dark.css
18:46:37.934 [FXGL Background Thread 1 ] DEBUG FXGLAssetLoaderServi - Loading from file system: jar:file:/C:/Users/lucas/.m2/repository/com/github/almasb/fxgl/17.1/fxgl-17.1.jar!/fxglassets/ui/css/fxgl_dark.css
18:46:37.978 [FXGL Background Thread 1 ] DEBUG GameApplicationServi - Initializing application scenes
18:46:38.019 [FXGL Background Thread 1 ] DEBUG GameWorld            - Game world initialized
18:46:38.078 [FXGL Background Thread 1 ] DEBUG PhysicsWorld         - Physics world initialized: appHeight=600, physics.ppm=50.0
18:46:38.078 [FXGL Background Thread 1 ] DEBUG PhysicsWorld         - Using strategy: BRUTE_FORCE
18:46:38.081 [FXGL Background Thread 1 ] DEBUG GameScene            - Game scene initialized: 1000x600
18:46:38.092 [FXGL Background Thread 1 ] DEBUG FXGL.DefaultMenu     - createMenuBodyMainMenu()
18:46:38.114 [FXGL Background Thread 1 ] DEBUG FXGL.DefaultMenu     - createOptionsMenu()
18:46:38.125 [FXGL Background Thread 1 ] DEBUG FXGLAssetLoaderServi - Loading from file system: jar:file:/C:/Users/lucas/.m2/repository/com/github/almasb/fxgl/17.1/fxgl-17.1.jar!/fxglassets/textures/particles/smoke.png
18:46:38.233 [FXGL Background Thread 1 ] DEBUG FXGLAssetLoaderServi - Loading from file system: jar:file:/C:/Users/lucas/.m2/repository/com/github/almasb/fxgl/17.1/fxgl-17.1.jar!/fxglassets/textures/particles/trace_horizontal.png
18:46:38.255 [FXGL Background Thread 1 ] DEBUG FXGL.DefaultMenu     - createMenuBodyGameMenu()
18:46:38.255 [FXGL Background Thread 1 ] DEBUG FXGL.DefaultMenu     - createOptionsMenu()
18:46:38.269 [FXGL Background Thread 1 ] DEBUG GameApplicationServi - Application scenes initialized
18:46:38.283 [FXGL Background Thread 1 ] DEBUG SystemBundleService  - Loading FXGL system data
18:46:38.285 [FXGL Background Thread 1 ] DEBUG FileSystemAccess     - Reading from: C:\Users\lucas\OneDrive\Escritorio\UP\7 CUATRI\PROGRAMACION CONCURRENTE\simulador-restaurant\system\fxgl.bundle
18:46:38.288 [FXGL Background Thread 1 ] DEBUG SystemBundleService  - Bundle FXGL: {}
18:46:38.288 [FXGL Background Thread 1 ] DEBUG UpdaterService       - Checking for updates
18:46:38.293 [FXGL Background Thread 4 ] DEBUG FXGLApplication      - Loading fonts
18:46:38.294 [FXGL Background Thread 1 ] DEBUG FXGLApplication      - Loading default localization
18:46:38.294 [FXGL Background Thread 4 ] DEBUG FXGLAssetLoaderServi - Loading from file system: jar:file:/C:/Users/lucas/.m2/repository/com/github/almasb/fxgl/17.1/fxgl-17.1.jar!/fxglassets/ui/fonts/VarelaRound-Regular.ttf
18:46:38.295 [FXGL Background Thread 1 ] DEBUG FXGLAssetLoaderServi - Loading from file system: jar:file:/C:/Users/lucas/.m2/repository/com/github/almasb/fxgl/17.1/fxgl-17.1.jar!/fxglassets/languages/english.lang
18:46:38.303 [FXGL Background Thread 4 ] DEBUG FXGLAssetLoaderServi - Loading from file system: jar:file:/C:/Users/lucas/.m2/repository/com/github/almasb/fxgl/17.1/fxgl-17.1.jar!/fxglassets/ui/fonts/Abel-Regular.ttf
18:46:38.305 [FXGL Background Thread 4 ] DEBUG FXGLAssetLoaderServi - Loading from file system: jar:file:/C:/Users/lucas/.m2/repository/com/github/almasb/fxgl/17.1/fxgl-17.1.jar!/fxglassets/ui/fonts/TerminalLandMono-Regular.otf
18:46:38.309 [FXGL Background Thread 4 ] DEBUG FXGLAssetLoaderServi - Loading from file system: jar:file:/C:/Users/lucas/.m2/repository/com/github/almasb/fxgl/17.1/fxgl-17.1.jar!/fxglassets/ui/fonts/Courier-Prime.ttf
18:46:38.315 [JavaFX Application Thread] DEBUG FXGLApplication      - Registering font factories with UI factory
18:46:38.317 [FXGL Background Thread 1 ] INFO  FXGLApplication      - FXGL initialization took: 0.431 sec
18:46:38.318 [JavaFX Application Thread] DEBUG FXGLAssetLoaderServi - Loading from file system: jar:file:/C:/Users/lucas/.m2/repository/com/github/almasb/fxgl/17.1/fxgl-17.1.jar!/fxglassets/textures/fxgl_icon.png
18:46:38.348 [JavaFX Application Thread] DEBUG FXGLAssetLoaderServi - Loading from file system: jar:file:/C:/Users/lucas/.m2/repository/com/github/almasb/fxgl/17.1/fxgl-17.1.jar!/fxglassets/textures/fxgl_default_cursor.png
18:46:38.361 [JavaFX Application Thread] DEBUG Input                - Registered new binding: Screenshot - CTRL+8
18:46:38.362 [JavaFX Application Thread] DEBUG Input                - Registered new binding: System info dump - CTRL+9
18:46:38.362 [JavaFX Application Thread] DEBUG Input                - Registered new binding: Restart - CTRL+R
18:46:38.363 [JavaFX Application Thread] DEBUG Input                - Registered new binding: Toggle Debug Camera - CTRL+7
18:46:38.367 [JavaFX Application Thread] DEBUG LoopRunner           - Starting loop
18:46:38.367 [JavaFX Application Thread] DEBUG LoopRunner           - Initializing JavaFX AnimationTimerLoop
18:46:38.371 [JavaFX Application Thread] DEBUG Input                - Clearing active input actions
18:46:38.377 [JavaFX Application Thread] DEBUG GameApplicationServi - Removing overlay from FXGLStartupScene and adding to FXGLMainMenuDummyScene
18:46:38.378 [JavaFX Application Thread] DEBUG PrimaryStageWindow   - FXGLStartupScene -> FXGLMainMenuDummyScene
18:46:38.378 [JavaFX Application Thread] DEBUG PrimaryStageWindow   - Push state: FXGLDefaultMenu
18:46:38.385 [JavaFX Application Thread] DEBUG Input                - Clearing active input actions
18:46:38.396 [JavaFX Application Thread] DEBUG GameApplicationServi - Removing overlay from FXGLMainMenuDummyScene and adding to FXGLDefaultMenu
18:46:38.397 [JavaFX Application Thread] DEBUG PrimaryStageWindow   - FXGLMainMenuDummyScene -> FXGLDefaultMenu
18:46:38.945 [FXGL Background Thread 2 ] INFO  UpdaterService       - Your current version:  17.1
18:46:38.946 [FXGL Background Thread 2 ] INFO  UpdaterService       - Latest stable version: 21.1
18:46:40.600 [JavaFX Application Thread] DEBUG Menu                 - fireNewGame()
18:46:40.600 [JavaFX Application Thread] DEBUG GameApplicationServi - Starting new game
18:46:40.602 [JavaFX Application Thread] DEBUG PrimaryStageWindow   - Pop state: FXGLDefaultMenu
18:46:40.602 [JavaFX Application Thread] DEBUG Input                - Clearing active input actions
18:46:40.602 [JavaFX Application Thread] DEBUG GameApplicationServi - Removing overlay from FXGLDefaultMenu and adding to FXGLMainMenuDummyScene
18:46:40.603 [JavaFX Application Thread] DEBUG PrimaryStageWindow   - FXGLMainMenuDummyScene <- FXGLDefaultMenu
18:46:40.603 [JavaFX Application Thread] DEBUG Input                - Clearing active input actions
18:46:40.611 [JavaFX Application Thread] DEBUG GameApplicationServi - Removing overlay from FXGLMainMenuDummyScene and adding to FXGLLoadingScene
18:46:40.611 [JavaFX Application Thread] DEBUG PrimaryStageWindow   - FXGLMainMenuDummyScene -> FXGLLoadingScene
18:46:40.611 [JavaFX Application Thread] DEBUG GameApplicationServi - Clearing previous game
18:46:40.611 [JavaFX Application Thread] DEBUG GameScene            - Clearing game scene
18:46:40.611 [JavaFX Application Thread] DEBUG GameWorld            - Clearing game world
18:46:40.611 [JavaFX Application Thread] DEBUG PhysicsWorld         - Clearing physics world
18:46:40.614 [FXGL Background Thread 2 ] DEBUG FXGLApplication      - Initializing game
18:46:40.615 [FXGL Background Thread 2 ] DEBUG FXGLAssetLoaderServi - Loading from file system: file:/C:/Users/lucas/OneDrive/Escritorio/UP/7%20CUATRI/PROGRAMACION%20CONCURRENTE/simulador-restaurant/target/classes/assets/textures/Restaurante.png
18:46:40.699 [FXGL Background Thread 2 ] INFO  FXGLApplication      - Game initialization took: 0.085 sec
18:46:40.699 [JavaFX Application Thread] DEBUG Input                - Clearing active input actions
18:46:40.703 [JavaFX Application Thread] DEBUG GameApplicationServi - Removing overlay from FXGLLoadingScene and adding to GameScene
18:46:40.703 [JavaFX Application Thread] DEBUG PrimaryStageWindow   - FXGLLoadingScene -> GameScene
18:46:41.291 [FXGL Background Thread 3 ] DEBUG Engine               - Logging environment variables
18:46:41.291 [FXGL Background Thread 3 ] DEBUG Engine               - achievements: []
18:46:41.291 [FXGL Background Thread 3 ] DEBUG Engine               - actualHeight: 600.0
18:46:41.291 [FXGL Background Thread 3 ] DEBUG Engine               - actualHeightProperty: ReadOnlyDoubleProperty [value: 600.0]
18:46:41.291 [FXGL Background Thread 3 ] DEBUG Engine               - actualWidth: 1000.0
18:46:41.291 [FXGL Background Thread 3 ] DEBUG Engine               - actualWidthProperty: ReadOnlyDoubleProperty [value: 1000.0]
18:46:41.291 [FXGL Background Thread 3 ] DEBUG Engine               - appIcon: fxgl_icon.png
18:46:41.291 [FXGL Background Thread 3 ] DEBUG Engine               - applicationMode: DEVELOPER
18:46:41.291 [FXGL Background Thread 3 ] DEBUG Engine               - cSSList: [fxgl_dark.css]
18:46:41.291 [FXGL Background Thread 3 ] DEBUG Engine               - collisionDetectionStrategy: BRUTE_FORCE
18:46:41.291 [FXGL Background Thread 3 ] DEBUG Engine               - configClass: Optional.empty
18:46:41.291 [FXGL Background Thread 3 ] DEBUG Engine               - credits: []
18:46:41.293 [FXGL Background Thread 3 ] DEBUG Engine               - defaultCursor: CursorInfo(imageName=fxgl_default_cursor.png, hotspotX=7.0, hotspotY=6.0)
18:46:41.293 [FXGL Background Thread 3 ] DEBUG Engine               - devBBoxColorProperty: ObjectProperty [value: 0xff0000ff]
18:46:41.293 [FXGL Background Thread 3 ] DEBUG Engine               - devEnableDebugCameraProperty: BooleanProperty [value: false]
18:46:41.293 [FXGL Background Thread 3 ] DEBUG Engine               - devSensorColorProperty: ObjectProperty [value: 0xffff00ff]
18:46:41.293 [FXGL Background Thread 3 ] DEBUG Engine               - devShowBBoxProperty: BooleanProperty [value: false]
18:46:41.293 [FXGL Background Thread 3 ] DEBUG Engine               - devShowPositionProperty: BooleanProperty [value: false]
18:46:41.293 [FXGL Background Thread 3 ] DEBUG Engine               - enabledMenuItems: []
18:46:41.293 [FXGL Background Thread 3 ] DEBUG Engine               - engineServices: [class com.almasb.fxgl.app.services.FXGLAssetLoaderService, class com.almasb.fxgl.app.FXGLApplication$GameApplicationService, class com.almasb.fxgl.app.services.FXGLDialogService, class com.almasb.fxgl.app.services.IOTaskExecutorService, class com.almasb.fxgl.io.FileSystemService, class com.almasb.fxgl.localization.LocalizationService, class com.almasb.fxgl.app.services.SystemBundleService, class com.almasb.fxgl.profile.SaveLoadService, class com.almasb.fxgl.ui.FXGLUIFactoryServiceProvider, class com.almasb.fxgl.ui.FXGLDialogFactoryServiceProvider, class com.almasb.fxgl.audio.AudioPlayer, class com.almasb.fxgl.notification.impl.NotificationServiceProvider, class com.almasb.fxgl.achievement.AchievementService, class com.almasb.fxgl.cutscene.CutsceneService, class com.almasb.fxgl.minigames.MiniGameService, class com.almasb.fxgl.net.NetService, class com.almasb.fxgl.app.services.UpdaterService, class com.almasb.fxgl.dev.DevService]
18:46:41.293 [FXGL Background Thread 3 ] DEBUG Engine               - fontGame: Abel-Regular.ttf
18:46:41.293 [FXGL Background Thread 3 ] DEBUG Engine               - fontMono: TerminalLandMono-Regular.otf
18:46:41.293 [FXGL Background Thread 3 ] DEBUG Engine               - fontText: Courier-Prime.ttf
18:46:41.293 [FXGL Background Thread 3 ] DEBUG Engine               - fontUI: VarelaRound-Regular.ttf
18:46:41.293 [FXGL Background Thread 3 ] DEBUG Engine               - fullScreen: BooleanProperty [value: false]
18:46:41.293 [FXGL Background Thread 3 ] DEBUG Engine               - gameDifficulty: MEDIUM
18:46:41.293 [FXGL Background Thread 3 ] DEBUG Engine               - gameDifficultyProperty: ObjectProperty [value: MEDIUM]
18:46:41.293 [FXGL Background Thread 3 ] DEBUG Engine               - globalMusicVolume: 0.5
18:46:41.294 [FXGL Background Thread 3 ] DEBUG Engine               - globalMusicVolumeProperty: DoubleProperty [value: 0.5]
18:46:41.294 [FXGL Background Thread 3 ] DEBUG Engine               - globalSoundVolume: 0.5
18:46:41.294 [FXGL Background Thread 3 ] DEBUG Engine               - globalSoundVolumeProperty: DoubleProperty [value: 0.5]
18:46:41.294 [FXGL Background Thread 3 ] DEBUG Engine               - height: 600
18:46:41.294 [FXGL Background Thread 3 ] DEBUG Engine               - is3D: false
18:46:41.294 [FXGL Background Thread 3 ] DEBUG Engine               - isAndroid: false
18:46:41.294 [FXGL Background Thread 3 ] DEBUG Engine               - isBrowser: false
18:46:41.294 [FXGL Background Thread 3 ] DEBUG Engine               - isClickFeedbackEnabled: false
18:46:41.294 [FXGL Background Thread 3 ] DEBUG Engine               - isCloseConfirmation: false
18:46:41.294 [FXGL Background Thread 3 ] DEBUG Engine               - isDesktop: true
18:46:41.294 [FXGL Background Thread 3 ] DEBUG Engine               - isDeveloperMenuEnabled: false
18:46:41.294 [FXGL Background Thread 3 ] DEBUG Engine               - isEmbedded: false
18:46:41.294 [FXGL Background Thread 3 ] DEBUG Engine               - isEntityPreloadEnabled: true
18:46:41.294 [FXGL Background Thread 3 ] DEBUG Engine               - isExperimentalTiledLargeMap: false
18:46:41.294 [FXGL Background Thread 3 ] DEBUG Engine               - isFileSystemWriteAllowed: true
18:46:41.294 [FXGL Background Thread 3 ] DEBUG Engine               - isFullScreenAllowed: false
18:46:41.294 [FXGL Background Thread 3 ] DEBUG Engine               - isFullScreenFromStart: false
18:46:41.294 [FXGL Background Thread 3 ] DEBUG Engine               - isGameMenuEnabled: true
18:46:41.294 [FXGL Background Thread 3 ] DEBUG Engine               - isIOS: false
18:46:41.294 [FXGL Background Thread 3 ] DEBUG Engine               - isIntroEnabled: false
18:46:41.294 [FXGL Background Thread 3 ] DEBUG Engine               - isLinux: false
18:46:41.294 [FXGL Background Thread 3 ] DEBUG Engine               - isMac: false
18:46:41.294 [FXGL Background Thread 3 ] DEBUG Engine               - isMainMenuEnabled: true
18:46:41.294 [FXGL Background Thread 3 ] DEBUG Engine               - isManualResizeEnabled: false
18:46:41.294 [FXGL Background Thread 3 ] DEBUG Engine               - isMobile: false
18:46:41.294 [FXGL Background Thread 3 ] DEBUG Engine               - isNative: false
18:46:41.295 [FXGL Background Thread 3 ] DEBUG Engine               - isPauseMusicWhenMinimized: true
18:46:41.295 [FXGL Background Thread 3 ] DEBUG Engine               - isPreserveResizeRatio: false
18:46:41.295 [FXGL Background Thread 3 ] DEBUG Engine               - isProfilingEnabled: false
18:46:41.295 [FXGL Background Thread 3 ] DEBUG Engine               - isScaleAffectedOnResize: true
18:46:41.295 [FXGL Background Thread 3 ] DEBUG Engine               - isSingleStep: false
18:46:41.295 [FXGL Background Thread 3 ] DEBUG Engine               - isUserProfileEnabled: false
18:46:41.295 [FXGL Background Thread 3 ] DEBUG Engine               - isWindows: true
18:46:41.295 [FXGL Background Thread 3 ] DEBUG Engine               - language: ObjectProperty [value: ENGLISH]
18:46:41.295 [FXGL Background Thread 3 ] DEBUG Engine               - menuKey: ESCAPE
18:46:41.295 [FXGL Background Thread 3 ] DEBUG Engine               - mouseSensitivity: 0.2
18:46:41.295 [FXGL Background Thread 3 ] DEBUG Engine               - notificationViewClass: class com.almasb.fxgl.notification.view.XboxNotificationView
18:46:41.295 [FXGL Background Thread 3 ] DEBUG Engine               - pixelsPerMeter: 50.0
18:46:41.295 [FXGL Background Thread 3 ] DEBUG Engine               - platform: WINDOWS
18:46:41.295 [FXGL Background Thread 3 ] DEBUG Engine               - prefHeightProperty: ReadOnlyDoubleProperty [value: 600.0]
18:46:41.295 [FXGL Background Thread 3 ] DEBUG Engine               - prefWidthProperty: ReadOnlyDoubleProperty [value: 1000.0]
18:46:41.295 [FXGL Background Thread 3 ] DEBUG Engine               - profileDir: profiles/
18:46:41.295 [FXGL Background Thread 3 ] DEBUG Engine               - profileName: StringProperty [value: DEFAULT]
18:46:41.295 [FXGL Background Thread 3 ] DEBUG Engine               - randomSeed: -1
18:46:41.295 [FXGL Background Thread 3 ] DEBUG Engine               - runtimeInfo: RuntimeInfo(platform=WINDOWS, version=17.1, build=24.03.2022 17.34)
18:46:41.295 [FXGL Background Thread 3 ] DEBUG Engine               - saveFileExt: sav
18:46:41.295 [FXGL Background Thread 3 ] DEBUG Engine               - scaledHeightProp$fxgl: DoubleProperty [bound, value: 600.0]
18:46:41.295 [FXGL Background Thread 3 ] DEBUG Engine               - scaledWidthProp$fxgl: DoubleProperty [bound, value: 1000.0]
18:46:41.296 [FXGL Background Thread 3 ] DEBUG Engine               - sceneFactory: com.almasb.fxgl.app.scene.SceneFactory@6a2651af
18:46:41.296 [FXGL Background Thread 3 ] DEBUG Engine               - secondsIn24h: 60
18:46:41.296 [FXGL Background Thread 3 ] DEBUG Engine               - soundMenuBack: menu/back.wav
18:46:41.296 [FXGL Background Thread 3 ] DEBUG Engine               - soundMenuPress: menu/press.wav
18:46:41.296 [FXGL Background Thread 3 ] DEBUG Engine               - soundMenuSelect: menu/select.wav
18:46:41.296 [FXGL Background Thread 3 ] DEBUG Engine               - soundNotification: core/notification.wav
18:46:41.296 [FXGL Background Thread 3 ] DEBUG Engine               - stageStyle: DECORATED
18:46:41.296 [FXGL Background Thread 3 ] DEBUG Engine               - supportedLanguages: [ENGLISH, FRENCH, GERMAN, HUNGARIAN, RUSSIAN]
18:46:41.296 [FXGL Background Thread 3 ] DEBUG Engine               - ticksPerSecond: -1
18:46:41.296 [FXGL Background Thread 3 ] DEBUG Engine               - title: Restaurant-simulador
18:46:41.296 [FXGL Background Thread 3 ] DEBUG Engine               - urlGithub: https://github.com/AlmasB/FXGL
18:46:41.296 [FXGL Background Thread 3 ] DEBUG Engine               - urlLeaderboard: http://fxgl-top.herokuapp.com/
18:46:41.296 [FXGL Background Thread 3 ] DEBUG Engine               - urlPOM: https://raw.githubusercontent.com/AlmasB/FXGL/release/README.md
18:46:41.296 [FXGL Background Thread 3 ] DEBUG Engine               - userAppClass: class org.example.restaurant.Main
18:46:41.296 [FXGL Background Thread 3 ] DEBUG Engine               - version: 0.0
18:46:41.296 [FXGL Background Thread 3 ] DEBUG Engine               - versionCheckDays: 7
18:46:41.296 [FXGL Background Thread 3 ] DEBUG Engine               - width: 1000
18:46:41.296 [FXGL Background Thread 3 ] DEBUG Engine               - Logging services
18:46:41.296 [FXGL Background Thread 3 ] DEBUG Engine               - class com.almasb.fxgl.app.services.FXGLAssetLoaderService
18:46:41.296 [FXGL Background Thread 3 ] DEBUG Engine               - class com.almasb.fxgl.app.FXGLApplication$GameApplicationService
18:46:41.296 [FXGL Background Thread 3 ] DEBUG Engine               - class com.almasb.fxgl.app.services.FXGLDialogService
18:46:41.296 [FXGL Background Thread 3 ] DEBUG Engine               - class com.almasb.fxgl.app.services.IOTaskExecutorService
18:46:41.296 [FXGL Background Thread 3 ] DEBUG Engine               - class com.almasb.fxgl.io.FileSystemService
18:46:41.296 [FXGL Background Thread 3 ] DEBUG Engine               - class com.almasb.fxgl.localization.LocalizationService
18:46:41.296 [FXGL Background Thread 3 ] DEBUG Engine               - class com.almasb.fxgl.app.services.SystemBundleService
18:46:41.296 [FXGL Background Thread 3 ] DEBUG Engine               - class com.almasb.fxgl.profile.SaveLoadService
18:46:41.296 [FXGL Background Thread 3 ] DEBUG Engine               - class com.almasb.fxgl.ui.FXGLUIFactoryServiceProvider
18:46:41.296 [FXGL Background Thread 3 ] DEBUG Engine               - class com.almasb.fxgl.ui.FXGLDialogFactoryServiceProvider
18:46:41.296 [FXGL Background Thread 3 ] DEBUG Engine               - class com.almasb.fxgl.audio.AudioPlayer
18:46:41.296 [FXGL Background Thread 3 ] DEBUG Engine               - class com.almasb.fxgl.notification.impl.NotificationServiceProvider
18:46:41.296 [FXGL Background Thread 3 ] DEBUG Engine               - class com.almasb.fxgl.achievement.AchievementService
18:46:41.296 [FXGL Background Thread 3 ] DEBUG Engine               - class com.almasb.fxgl.cutscene.CutsceneService
18:46:41.296 [FXGL Background Thread 3 ] DEBUG Engine               - class com.almasb.fxgl.minigames.MiniGameService
18:46:41.296 [FXGL Background Thread 3 ] DEBUG Engine               - class com.almasb.fxgl.net.NetService
18:46:41.296 [FXGL Background Thread 3 ] DEBUG Engine               - class com.almasb.fxgl.app.services.UpdaterService
18:46:41.297 [FXGL Background Thread 3 ] DEBUG Engine               - class com.almasb.fxgl.dev.DevService
18:46:52.046 [JavaFX Application Thread] DEBUG FXGLApplication      - Exiting FXGL
18:46:52.046 [JavaFX Application Thread] DEBUG LoopRunner           - Stopping loop
18:46:52.046 [JavaFX Application Thread] DEBUG SystemBundleService  - Saving FXGL system data
18:46:52.048 [JavaFX Application Thread] DEBUG FileSystemAccess     - Writing to: C:\Users\lucas\OneDrive\Escritorio\UP\7 CUATRI\PROGRAMACION CONCURRENTE\simulador-restaurant\system\fxgl.bundle
18:46:52.049 [JavaFX Application Thread] DEBUG Async                - Shutting down background threads
18:46:52.049 [JavaFX Application Thread] DEBUG PrimaryStageWindow   - Closing main window
18:46:52.063 [JavaFX Application Thread] DEBUG Logger               - Closing Logger
