18:05:27.520 [main                     ] DEBUG Logger               - Configured Logger
18:05:27.539 [main                     ] DEBUG GameApplication      - Logging settings
Title: Restaurant Sayayin
Version: 0.0
Width: 1053
Height: 560
Fullscreen: false
Intro: false
Profiling: false
Single step:false
App Mode: DEVELOPER
Menu Key: ESCAPE
Stage Style: DECORATED
Scene Factory: class com.almasb.fxgl.app.scene.SceneFactory

18:05:28.029 [JavaFX Application Thread] DEBUG FXGLApplication      - Initializing FXGL
18:05:28.034 [JavaFX Application Thread] INFO  Engine               - FXGL-17.1 (24.03.2022 17.34) on WINDOWS (J:19.0.2 FX:18)
18:05:28.034 [JavaFX Application Thread] DEBUG Engine               - JRE Vendor Name: Oracle Corporation
18:05:28.034 [JavaFX Application Thread] DEBUG Engine               - Running on OS: Windows 11 version 10.0
18:05:28.034 [JavaFX Application Thread] DEBUG Engine               - Architecture: amd64
18:05:28.034 [JavaFX Application Thread] INFO  Engine               - Source code and latest versions at: https://github.com/AlmasB/FXGL
18:05:28.034 [JavaFX Application Thread] INFO  Engine               -       Ask questions and discuss at: https://github.com/AlmasB/FXGL/discussions
18:05:28.034 [JavaFX Application Thread] INFO  Engine               -              Join the FXGL chat at: https://gitter.im/AlmasB/FXGL
18:05:28.157 [JavaFX Application Thread] DEBUG PrimaryStageWindow   - Creating a JavaFX scene
18:05:28.207 [JavaFX Application Thread] DEBUG PrimaryStageWindow   - Target settings size: 1053.0 x 560.0
18:05:28.207 [JavaFX Application Thread] DEBUG PrimaryStageWindow   - Scaled scene size:    1053.0 x 560.0
18:05:28.207 [JavaFX Application Thread] DEBUG PrimaryStageWindow   - Scaled ratio: (1.0, 1.0)
18:05:28.209 [JavaFX Application Thread] DEBUG PrimaryStageWindow   - Set initial scene to FXGLStartupScene
18:05:28.216 [JavaFX Application Thread] DEBUG PrimaryStageWindow   - Opening main window
18:05:28.333 [JavaFX Application Thread] DEBUG PrimaryStageWindow   - Window border size: (15.0, 37.5999755859375)
18:05:28.333 [JavaFX Application Thread] DEBUG PrimaryStageWindow   - Scaled size: 1053.0 x 560.0
18:05:28.334 [JavaFX Application Thread] DEBUG PrimaryStageWindow   - Scaled ratio: (1.0, 1.0)
18:05:28.334 [JavaFX Application Thread] DEBUG PrimaryStageWindow   - Scene size: 1053.0 x 560.0
18:05:28.334 [JavaFX Application Thread] DEBUG PrimaryStageWindow   - Stage size: 1068.0 x 597.5999755859375
18:05:28.343 [FXGL Background Thread 1 ] DEBUG Engine               - Initializing environment variables
18:05:28.394 [FXGL Background Thread 1 ] DEBUG FXGLAssetLoaderServi - User app class for loading assets: class org.example.restaurant.Main
18:05:28.395 [FXGL Background Thread 1 ] DEBUG GameApplicationServi - Applying CSS: fxgl_dark.css
18:05:28.396 [FXGL Background Thread 1 ] DEBUG FXGLAssetLoaderServi - Loading from file system: jar:file:/C:/Users/lucas/.m2/repository/com/github/almasb/fxgl/17.1/fxgl-17.1.jar!/fxglassets/ui/css/fxgl_dark.css
18:05:28.446 [FXGL Background Thread 1 ] DEBUG GameApplicationServi - Initializing application scenes
18:05:28.495 [FXGL Background Thread 1 ] DEBUG GameWorld            - Game world initialized
18:05:28.563 [FXGL Background Thread 1 ] DEBUG PhysicsWorld         - Physics world initialized: appHeight=560, physics.ppm=50.0
18:05:28.564 [FXGL Background Thread 1 ] DEBUG PhysicsWorld         - Using strategy: BRUTE_FORCE
18:05:28.568 [FXGL Background Thread 1 ] DEBUG GameScene            - Game scene initialized: 1053x560
18:05:28.581 [FXGL Background Thread 1 ] WARN  FXGL.DefaultMenu     - FXGLDefaultMenu is not designed for resolutions < 800x600
18:05:28.582 [FXGL Background Thread 1 ] DEBUG FXGL.DefaultMenu     - createMenuBodyMainMenu()
18:05:28.606 [FXGL Background Thread 1 ] DEBUG FXGL.DefaultMenu     - createOptionsMenu()
18:05:28.616 [FXGL Background Thread 1 ] DEBUG FXGLAssetLoaderServi - Loading from file system: jar:file:/C:/Users/lucas/.m2/repository/com/github/almasb/fxgl/17.1/fxgl-17.1.jar!/fxglassets/textures/particles/smoke.png
18:05:28.715 [FXGL Background Thread 1 ] DEBUG FXGLAssetLoaderServi - Loading from file system: jar:file:/C:/Users/lucas/.m2/repository/com/github/almasb/fxgl/17.1/fxgl-17.1.jar!/fxglassets/textures/particles/trace_horizontal.png
18:05:28.746 [FXGL Background Thread 1 ] WARN  FXGL.DefaultMenu     - FXGLDefaultMenu is not designed for resolutions < 800x600
18:05:28.746 [FXGL Background Thread 1 ] DEBUG FXGL.DefaultMenu     - createMenuBodyGameMenu()
18:05:28.747 [FXGL Background Thread 1 ] DEBUG FXGL.DefaultMenu     - createOptionsMenu()
18:05:28.758 [FXGL Background Thread 1 ] DEBUG GameApplicationServi - Application scenes initialized
18:05:28.770 [FXGL Background Thread 1 ] DEBUG SystemBundleService  - Loading FXGL system data
18:05:28.771 [FXGL Background Thread 1 ] DEBUG FileSystemAccess     - Reading from: C:\Users\lucas\OneDrive\Escritorio\UP\7 CUATRI\PROGRAMACION CONCURRENTE\simulador-restaurant\system\fxgl.bundle
18:05:28.776 [FXGL Background Thread 1 ] DEBUG SystemBundleService  - Bundle FXGL: {}
18:05:28.776 [FXGL Background Thread 1 ] DEBUG UpdaterService       - Checking for updates
18:05:28.781 [FXGL Background Thread 4 ] DEBUG FXGLApplication      - Loading fonts
18:05:28.782 [FXGL Background Thread 4 ] DEBUG FXGLAssetLoaderServi - Loading from file system: jar:file:/C:/Users/lucas/.m2/repository/com/github/almasb/fxgl/17.1/fxgl-17.1.jar!/fxglassets/ui/fonts/VarelaRound-Regular.ttf
18:05:28.782 [FXGL Background Thread 1 ] DEBUG FXGLApplication      - Loading default localization
18:05:28.782 [FXGL Background Thread 1 ] DEBUG FXGLAssetLoaderServi - Loading from file system: jar:file:/C:/Users/lucas/.m2/repository/com/github/almasb/fxgl/17.1/fxgl-17.1.jar!/fxglassets/languages/english.lang
18:05:28.793 [FXGL Background Thread 4 ] DEBUG FXGLAssetLoaderServi - Loading from file system: jar:file:/C:/Users/lucas/.m2/repository/com/github/almasb/fxgl/17.1/fxgl-17.1.jar!/fxglassets/ui/fonts/Abel-Regular.ttf
18:05:28.800 [FXGL Background Thread 4 ] DEBUG FXGLAssetLoaderServi - Loading from file system: jar:file:/C:/Users/lucas/.m2/repository/com/github/almasb/fxgl/17.1/fxgl-17.1.jar!/fxglassets/ui/fonts/TerminalLandMono-Regular.otf
18:05:28.803 [FXGL Background Thread 4 ] DEBUG FXGLAssetLoaderServi - Loading from file system: jar:file:/C:/Users/lucas/.m2/repository/com/github/almasb/fxgl/17.1/fxgl-17.1.jar!/fxglassets/ui/fonts/Courier-Prime.ttf
18:05:28.810 [FXGL Background Thread 1 ] INFO  FXGLApplication      - FXGL initialization took: 0.466 sec
18:05:28.812 [JavaFX Application Thread] DEBUG FXGLAssetLoaderServi - Loading from file system: jar:file:/C:/Users/lucas/.m2/repository/com/github/almasb/fxgl/17.1/fxgl-17.1.jar!/fxglassets/textures/fxgl_icon.png
18:05:28.845 [JavaFX Application Thread] DEBUG FXGLAssetLoaderServi - Loading from file system: jar:file:/C:/Users/lucas/.m2/repository/com/github/almasb/fxgl/17.1/fxgl-17.1.jar!/fxglassets/textures/fxgl_default_cursor.png
18:05:28.858 [JavaFX Application Thread] DEBUG Input                - Registered new binding: Screenshot - CTRL+8
18:05:28.859 [JavaFX Application Thread] DEBUG Input                - Registered new binding: System info dump - CTRL+9
18:05:28.859 [JavaFX Application Thread] DEBUG Input                - Registered new binding: Restart - CTRL+R
18:05:28.860 [JavaFX Application Thread] DEBUG Input                - Registered new binding: Toggle Debug Camera - CTRL+7
18:05:28.863 [JavaFX Application Thread] DEBUG LoopRunner           - Starting loop
18:05:28.863 [JavaFX Application Thread] DEBUG LoopRunner           - Initializing JavaFX AnimationTimerLoop
18:05:28.868 [JavaFX Application Thread] DEBUG Input                - Clearing active input actions
18:05:28.874 [JavaFX Application Thread] DEBUG GameApplicationServi - Removing overlay from FXGLStartupScene and adding to FXGLMainMenuDummyScene
18:05:28.875 [JavaFX Application Thread] DEBUG PrimaryStageWindow   - FXGLStartupScene -> FXGLMainMenuDummyScene
18:05:28.875 [JavaFX Application Thread] DEBUG PrimaryStageWindow   - Push state: FXGLDefaultMenu
18:05:28.885 [JavaFX Application Thread] DEBUG Input                - Clearing active input actions
18:05:28.898 [JavaFX Application Thread] DEBUG GameApplicationServi - Removing overlay from FXGLMainMenuDummyScene and adding to FXGLDefaultMenu
18:05:28.899 [JavaFX Application Thread] DEBUG PrimaryStageWindow   - FXGLMainMenuDummyScene -> FXGLDefaultMenu
18:05:28.899 [JavaFX Application Thread] DEBUG FXGLApplication      - Registering font factories with UI factory
18:05:29.283 [FXGL Background Thread 2 ] INFO  UpdaterService       - Your current version:  17.1
18:05:29.283 [FXGL Background Thread 2 ] INFO  UpdaterService       - Latest stable version: 21.1
18:05:29.866 [JavaFX Application Thread] DEBUG Menu                 - fireNewGame()
18:05:29.867 [JavaFX Application Thread] DEBUG GameApplicationServi - Starting new game
18:05:29.869 [JavaFX Application Thread] DEBUG PrimaryStageWindow   - Pop state: FXGLDefaultMenu
18:05:29.869 [JavaFX Application Thread] DEBUG Input                - Clearing active input actions
18:05:29.870 [JavaFX Application Thread] DEBUG GameApplicationServi - Removing overlay from FXGLDefaultMenu and adding to FXGLMainMenuDummyScene
18:05:29.871 [JavaFX Application Thread] DEBUG PrimaryStageWindow   - FXGLMainMenuDummyScene <- FXGLDefaultMenu
18:05:29.871 [JavaFX Application Thread] DEBUG Input                - Clearing active input actions
18:05:29.880 [JavaFX Application Thread] DEBUG GameApplicationServi - Removing overlay from FXGLMainMenuDummyScene and adding to FXGLLoadingScene
18:05:29.881 [JavaFX Application Thread] DEBUG PrimaryStageWindow   - FXGLMainMenuDummyScene -> FXGLLoadingScene
18:05:29.881 [JavaFX Application Thread] DEBUG GameApplicationServi - Clearing previous game
18:05:29.881 [JavaFX Application Thread] DEBUG GameScene            - Clearing game scene
18:05:29.881 [JavaFX Application Thread] DEBUG GameWorld            - Clearing game world
18:05:29.881 [JavaFX Application Thread] DEBUG PhysicsWorld         - Clearing physics world
18:05:29.883 [FXGL Background Thread 2 ] DEBUG FXGLApplication      - Initializing game
18:05:29.948 [FXGL Background Thread 2 ] DEBUG FXGLAssetLoaderServi - Loading from file system: file:/C:/Users/lucas/OneDrive/Escritorio/UP/7%20CUATRI/PROGRAMACION%20CONCURRENTE/simulador-restaurant/target/classes/assets/textures/Restaurante.png
18:05:29.981 [FXGL Background Thread 2 ] INFO  FXGLApplication      - Game initialization took: 0.099 sec
18:05:29.997 [JavaFX Application Thread] DEBUG Input                - Clearing active input actions
18:05:30.001 [JavaFX Application Thread] DEBUG GameApplicationServi - Removing overlay from FXGLLoadingScene and adding to GameScene
18:05:30.001 [JavaFX Application Thread] DEBUG PrimaryStageWindow   - FXGLLoadingScene -> GameScene
18:05:31.780 [FXGL Background Thread 3 ] DEBUG Engine               - Logging environment variables
18:05:31.780 [FXGL Background Thread 3 ] DEBUG Engine               - achievements: []
18:05:31.780 [FXGL Background Thread 3 ] DEBUG Engine               - actualHeight: 560.0
18:05:31.780 [FXGL Background Thread 3 ] DEBUG Engine               - actualHeightProperty: ReadOnlyDoubleProperty [value: 560.0]
18:05:31.780 [FXGL Background Thread 3 ] DEBUG Engine               - actualWidth: 1053.0
18:05:31.780 [FXGL Background Thread 3 ] DEBUG Engine               - actualWidthProperty: ReadOnlyDoubleProperty [value: 1053.0]
18:05:31.780 [FXGL Background Thread 3 ] DEBUG Engine               - appIcon: fxgl_icon.png
18:05:31.780 [FXGL Background Thread 3 ] DEBUG Engine               - applicationMode: DEVELOPER
18:05:31.780 [FXGL Background Thread 3 ] DEBUG Engine               - cSSList: [fxgl_dark.css]
18:05:31.781 [FXGL Background Thread 3 ] DEBUG Engine               - collisionDetectionStrategy: BRUTE_FORCE
18:05:31.781 [FXGL Background Thread 3 ] DEBUG Engine               - configClass: Optional.empty
18:05:31.781 [FXGL Background Thread 3 ] DEBUG Engine               - credits: []
18:05:31.781 [FXGL Background Thread 3 ] DEBUG Engine               - defaultCursor: CursorInfo(imageName=fxgl_default_cursor.png, hotspotX=7.0, hotspotY=6.0)
18:05:31.781 [FXGL Background Thread 3 ] DEBUG Engine               - devBBoxColorProperty: ObjectProperty [value: 0xff0000ff]
18:05:31.781 [FXGL Background Thread 3 ] DEBUG Engine               - devEnableDebugCameraProperty: BooleanProperty [value: false]
18:05:31.781 [FXGL Background Thread 3 ] DEBUG Engine               - devSensorColorProperty: ObjectProperty [value: 0xffff00ff]
18:05:31.781 [FXGL Background Thread 3 ] DEBUG Engine               - devShowBBoxProperty: BooleanProperty [value: false]
18:05:31.781 [FXGL Background Thread 3 ] DEBUG Engine               - devShowPositionProperty: BooleanProperty [value: false]
18:05:31.781 [FXGL Background Thread 3 ] DEBUG Engine               - enabledMenuItems: []
18:05:31.782 [FXGL Background Thread 3 ] DEBUG Engine               - engineServices: [class com.almasb.fxgl.app.services.FXGLAssetLoaderService, class com.almasb.fxgl.app.FXGLApplication$GameApplicationService, class com.almasb.fxgl.app.services.FXGLDialogService, class com.almasb.fxgl.app.services.IOTaskExecutorService, class com.almasb.fxgl.io.FileSystemService, class com.almasb.fxgl.localization.LocalizationService, class com.almasb.fxgl.app.services.SystemBundleService, class com.almasb.fxgl.profile.SaveLoadService, class com.almasb.fxgl.ui.FXGLUIFactoryServiceProvider, class com.almasb.fxgl.ui.FXGLDialogFactoryServiceProvider, class com.almasb.fxgl.audio.AudioPlayer, class com.almasb.fxgl.notification.impl.NotificationServiceProvider, class com.almasb.fxgl.achievement.AchievementService, class com.almasb.fxgl.cutscene.CutsceneService, class com.almasb.fxgl.minigames.MiniGameService, class com.almasb.fxgl.net.NetService, class com.almasb.fxgl.app.services.UpdaterService, class com.almasb.fxgl.dev.DevService]
18:05:31.782 [FXGL Background Thread 3 ] DEBUG Engine               - fontGame: Abel-Regular.ttf
18:05:31.782 [FXGL Background Thread 3 ] DEBUG Engine               - fontMono: TerminalLandMono-Regular.otf
18:05:31.782 [FXGL Background Thread 3 ] DEBUG Engine               - fontText: Courier-Prime.ttf
18:05:31.782 [FXGL Background Thread 3 ] DEBUG Engine               - fontUI: VarelaRound-Regular.ttf
18:05:31.782 [FXGL Background Thread 3 ] DEBUG Engine               - fullScreen: BooleanProperty [value: false]
18:05:31.782 [FXGL Background Thread 3 ] DEBUG Engine               - gameDifficulty: MEDIUM
18:05:31.782 [FXGL Background Thread 3 ] DEBUG Engine               - gameDifficultyProperty: ObjectProperty [value: MEDIUM]
18:05:31.782 [FXGL Background Thread 3 ] DEBUG Engine               - globalMusicVolume: 0.5
18:05:31.782 [FXGL Background Thread 3 ] DEBUG Engine               - globalMusicVolumeProperty: DoubleProperty [value: 0.5]
18:05:31.782 [FXGL Background Thread 3 ] DEBUG Engine               - globalSoundVolume: 0.5
18:05:31.782 [FXGL Background Thread 3 ] DEBUG Engine               - globalSoundVolumeProperty: DoubleProperty [value: 0.5]
18:05:31.782 [FXGL Background Thread 3 ] DEBUG Engine               - height: 560
18:05:31.782 [FXGL Background Thread 3 ] DEBUG Engine               - is3D: false
18:05:31.782 [FXGL Background Thread 3 ] DEBUG Engine               - isAndroid: false
18:05:31.782 [FXGL Background Thread 3 ] DEBUG Engine               - isBrowser: false
18:05:31.782 [FXGL Background Thread 3 ] DEBUG Engine               - isClickFeedbackEnabled: false
18:05:31.782 [FXGL Background Thread 3 ] DEBUG Engine               - isCloseConfirmation: false
18:05:31.782 [FXGL Background Thread 3 ] DEBUG Engine               - isDesktop: true
18:05:31.782 [FXGL Background Thread 3 ] DEBUG Engine               - isDeveloperMenuEnabled: false
18:05:31.782 [FXGL Background Thread 3 ] DEBUG Engine               - isEmbedded: false
18:05:31.782 [FXGL Background Thread 3 ] DEBUG Engine               - isEntityPreloadEnabled: true
18:05:31.782 [FXGL Background Thread 3 ] DEBUG Engine               - isExperimentalTiledLargeMap: false
18:05:31.782 [FXGL Background Thread 3 ] DEBUG Engine               - isFileSystemWriteAllowed: true
18:05:31.783 [FXGL Background Thread 3 ] DEBUG Engine               - isFullScreenAllowed: false
18:05:31.783 [FXGL Background Thread 3 ] DEBUG Engine               - isFullScreenFromStart: false
18:05:31.783 [FXGL Background Thread 3 ] DEBUG Engine               - isGameMenuEnabled: true
18:05:31.783 [FXGL Background Thread 3 ] DEBUG Engine               - isIOS: false
18:05:31.783 [FXGL Background Thread 3 ] DEBUG Engine               - isIntroEnabled: false
18:05:31.783 [FXGL Background Thread 3 ] DEBUG Engine               - isLinux: false
18:05:31.783 [FXGL Background Thread 3 ] DEBUG Engine               - isMac: false
18:05:31.783 [FXGL Background Thread 3 ] DEBUG Engine               - isMainMenuEnabled: true
18:05:31.783 [FXGL Background Thread 3 ] DEBUG Engine               - isManualResizeEnabled: false
18:05:31.783 [FXGL Background Thread 3 ] DEBUG Engine               - isMobile: false
18:05:31.783 [FXGL Background Thread 3 ] DEBUG Engine               - isNative: false
18:05:31.783 [FXGL Background Thread 3 ] DEBUG Engine               - isPauseMusicWhenMinimized: true
18:05:31.783 [FXGL Background Thread 3 ] DEBUG Engine               - isPreserveResizeRatio: false
18:05:31.783 [FXGL Background Thread 3 ] DEBUG Engine               - isProfilingEnabled: false
18:05:31.783 [FXGL Background Thread 3 ] DEBUG Engine               - isScaleAffectedOnResize: true
18:05:31.783 [FXGL Background Thread 3 ] DEBUG Engine               - isSingleStep: false
18:05:31.783 [FXGL Background Thread 3 ] DEBUG Engine               - isUserProfileEnabled: false
18:05:31.783 [FXGL Background Thread 3 ] DEBUG Engine               - isWindows: true
18:05:31.783 [FXGL Background Thread 3 ] DEBUG Engine               - language: ObjectProperty [value: ENGLISH]
18:05:31.783 [FXGL Background Thread 3 ] DEBUG Engine               - menuKey: ESCAPE
18:05:31.783 [FXGL Background Thread 3 ] DEBUG Engine               - mouseSensitivity: 0.2
18:05:31.783 [FXGL Background Thread 3 ] DEBUG Engine               - notificationViewClass: class com.almasb.fxgl.notification.view.XboxNotificationView
18:05:31.783 [FXGL Background Thread 3 ] DEBUG Engine               - pixelsPerMeter: 50.0
18:05:31.783 [FXGL Background Thread 3 ] DEBUG Engine               - platform: WINDOWS
18:05:31.783 [FXGL Background Thread 3 ] DEBUG Engine               - prefHeightProperty: ReadOnlyDoubleProperty [value: 560.0]
18:05:31.783 [FXGL Background Thread 3 ] DEBUG Engine               - prefWidthProperty: ReadOnlyDoubleProperty [value: 1053.0]
18:05:31.783 [FXGL Background Thread 3 ] DEBUG Engine               - profileDir: profiles/
18:05:31.783 [FXGL Background Thread 3 ] DEBUG Engine               - profileName: StringProperty [value: DEFAULT]
18:05:31.783 [FXGL Background Thread 3 ] DEBUG Engine               - randomSeed: -1
18:05:31.784 [FXGL Background Thread 3 ] DEBUG Engine               - runtimeInfo: RuntimeInfo(platform=WINDOWS, version=17.1, build=24.03.2022 17.34)
18:05:31.784 [FXGL Background Thread 3 ] DEBUG Engine               - saveFileExt: sav
18:05:31.784 [FXGL Background Thread 3 ] DEBUG Engine               - scaledHeightProp$fxgl: DoubleProperty [bound, value: 560.0]
18:05:31.784 [FXGL Background Thread 3 ] DEBUG Engine               - scaledWidthProp$fxgl: DoubleProperty [bound, value: 1053.0]
18:05:31.784 [FXGL Background Thread 3 ] DEBUG Engine               - sceneFactory: com.almasb.fxgl.app.scene.SceneFactory@4961c5fd
18:05:31.784 [FXGL Background Thread 3 ] DEBUG Engine               - secondsIn24h: 60
18:05:31.784 [FXGL Background Thread 3 ] DEBUG Engine               - soundMenuBack: menu/back.wav
18:05:31.784 [FXGL Background Thread 3 ] DEBUG Engine               - soundMenuPress: menu/press.wav
18:05:31.784 [FXGL Background Thread 3 ] DEBUG Engine               - soundMenuSelect: menu/select.wav
18:05:31.784 [FXGL Background Thread 3 ] DEBUG Engine               - soundNotification: core/notification.wav
18:05:31.784 [FXGL Background Thread 3 ] DEBUG Engine               - stageStyle: DECORATED
18:05:31.784 [FXGL Background Thread 3 ] DEBUG Engine               - supportedLanguages: [ENGLISH, FRENCH, GERMAN, HUNGARIAN, RUSSIAN]
18:05:31.784 [FXGL Background Thread 3 ] DEBUG Engine               - ticksPerSecond: -1
18:05:31.784 [FXGL Background Thread 3 ] DEBUG Engine               - title: Restaurant Sayayin
18:05:31.784 [FXGL Background Thread 3 ] DEBUG Engine               - urlGithub: https://github.com/AlmasB/FXGL
18:05:31.784 [FXGL Background Thread 3 ] DEBUG Engine               - urlLeaderboard: http://fxgl-top.herokuapp.com/
18:05:31.784 [FXGL Background Thread 3 ] DEBUG Engine               - urlPOM: https://raw.githubusercontent.com/AlmasB/FXGL/release/README.md
18:05:31.784 [FXGL Background Thread 3 ] DEBUG Engine               - userAppClass: class org.example.restaurant.Main
18:05:31.784 [FXGL Background Thread 3 ] DEBUG Engine               - version: 0.0
18:05:31.784 [FXGL Background Thread 3 ] DEBUG Engine               - versionCheckDays: 7
18:05:31.784 [FXGL Background Thread 3 ] DEBUG Engine               - width: 1053
18:05:31.784 [FXGL Background Thread 3 ] DEBUG Engine               - Logging services
18:05:31.784 [FXGL Background Thread 3 ] DEBUG Engine               - class com.almasb.fxgl.app.services.FXGLAssetLoaderService
18:05:31.784 [FXGL Background Thread 3 ] DEBUG Engine               - class com.almasb.fxgl.app.FXGLApplication$GameApplicationService
18:05:31.784 [FXGL Background Thread 3 ] DEBUG Engine               - class com.almasb.fxgl.app.services.FXGLDialogService
18:05:31.784 [FXGL Background Thread 3 ] DEBUG Engine               - class com.almasb.fxgl.app.services.IOTaskExecutorService
18:05:31.784 [FXGL Background Thread 3 ] DEBUG Engine               - class com.almasb.fxgl.io.FileSystemService
18:05:31.785 [FXGL Background Thread 3 ] DEBUG Engine               - class com.almasb.fxgl.localization.LocalizationService
18:05:31.785 [FXGL Background Thread 3 ] DEBUG Engine               - class com.almasb.fxgl.app.services.SystemBundleService
18:05:31.785 [FXGL Background Thread 3 ] DEBUG Engine               - class com.almasb.fxgl.profile.SaveLoadService
18:05:31.785 [FXGL Background Thread 3 ] DEBUG Engine               - class com.almasb.fxgl.ui.FXGLUIFactoryServiceProvider
18:05:31.785 [FXGL Background Thread 3 ] DEBUG Engine               - class com.almasb.fxgl.ui.FXGLDialogFactoryServiceProvider
18:05:31.785 [FXGL Background Thread 3 ] DEBUG Engine               - class com.almasb.fxgl.audio.AudioPlayer
18:05:31.785 [FXGL Background Thread 3 ] DEBUG Engine               - class com.almasb.fxgl.notification.impl.NotificationServiceProvider
18:05:31.785 [FXGL Background Thread 3 ] DEBUG Engine               - class com.almasb.fxgl.achievement.AchievementService
18:05:31.785 [FXGL Background Thread 3 ] DEBUG Engine               - class com.almasb.fxgl.cutscene.CutsceneService
18:05:31.785 [FXGL Background Thread 3 ] DEBUG Engine               - class com.almasb.fxgl.minigames.MiniGameService
18:05:31.785 [FXGL Background Thread 3 ] DEBUG Engine               - class com.almasb.fxgl.net.NetService
18:05:31.785 [FXGL Background Thread 3 ] DEBUG Engine               - class com.almasb.fxgl.app.services.UpdaterService
18:05:31.785 [FXGL Background Thread 3 ] DEBUG Engine               - class com.almasb.fxgl.dev.DevService
18:05:32.754 [JavaFX Application Thread] DEBUG FXGLAssetLoaderServi - Loading from file system: file:/C:/Users/lucas/OneDrive/Escritorio/UP/7%20CUATRI/PROGRAMACION%20CONCURRENTE/simulador-restaurant/target/classes/assets/textures/cliente.png
18:05:32.763 [JavaFX Application Thread] WARN  GameWorld            - Entity is already attached to world
18:05:35.728 [JavaFX Application Thread] WARN  GameWorld            - Entity is already attached to world
18:05:38.751 [JavaFX Application Thread] WARN  GameWorld            - Entity is already attached to world
18:05:41.758 [JavaFX Application Thread] WARN  GameWorld            - Entity is already attached to world
18:05:44.751 [JavaFX Application Thread] WARN  GameWorld            - Entity is already attached to world
18:05:47.774 [JavaFX Application Thread] WARN  GameWorld            - Entity is already attached to world
18:05:49.451 [JavaFX Application Thread] DEBUG FXGLApplication      - Exiting FXGL
18:05:49.451 [JavaFX Application Thread] DEBUG LoopRunner           - Stopping loop
18:05:49.451 [JavaFX Application Thread] DEBUG SystemBundleService  - Saving FXGL system data
18:05:49.454 [JavaFX Application Thread] DEBUG FileSystemAccess     - Writing to: C:\Users\lucas\OneDrive\Escritorio\UP\7 CUATRI\PROGRAMACION CONCURRENTE\simulador-restaurant\system\fxgl.bundle
18:05:49.454 [JavaFX Application Thread] DEBUG Async                - Shutting down background threads
18:05:49.455 [JavaFX Application Thread] DEBUG PrimaryStageWindow   - Closing main window
18:05:49.473 [JavaFX Application Thread] DEBUG Logger               - Closing Logger
