00:34:49.641 [main                     ] DEBUG Logger               - Configured Logger
00:34:49.662 [main                     ] DEBUG GameApplication      - Logging settings
Title: restaurant
Version: 0.0
Width: 1053
Height: 560
Fullscreen: false
Intro: false
Profiling: false
Single step:false
App Mode: DEVELOPER
Menu Key: ESCAPE
Stage Style: DECORATED
Scene Factory: class com.almasb.fxgl.app.scene.SceneFactory

00:34:50.215 [JavaFX Application Thread] DEBUG FXGLApplication      - Initializing FXGL
00:34:50.221 [JavaFX Application Thread] INFO  Engine               - FXGL-17.1 (24.03.2022 17.34) on WINDOWS (J:19.0.2 FX:18)
00:34:50.221 [JavaFX Application Thread] DEBUG Engine               - JRE Vendor Name: Oracle Corporation
00:34:50.221 [JavaFX Application Thread] DEBUG Engine               - Running on OS: Windows 11 version 10.0
00:34:50.221 [JavaFX Application Thread] DEBUG Engine               - Architecture: amd64
00:34:50.222 [JavaFX Application Thread] INFO  Engine               - Source code and latest versions at: https://github.com/AlmasB/FXGL
00:34:50.222 [JavaFX Application Thread] INFO  Engine               -       Ask questions and discuss at: https://github.com/AlmasB/FXGL/discussions
00:34:50.222 [JavaFX Application Thread] INFO  Engine               -              Join the FXGL chat at: https://gitter.im/AlmasB/FXGL
00:34:50.387 [JavaFX Application Thread] DEBUG PrimaryStageWindow   - Creating a JavaFX scene
00:34:50.453 [JavaFX Application Thread] DEBUG PrimaryStageWindow   - Target settings size: 1053.0 x 560.0
00:34:50.453 [JavaFX Application Thread] DEBUG PrimaryStageWindow   - Scaled scene size:    1053.0 x 560.0
00:34:50.453 [JavaFX Application Thread] DEBUG PrimaryStageWindow   - Scaled ratio: (1.0, 1.0)
00:34:50.454 [JavaFX Application Thread] DEBUG PrimaryStageWindow   - Set initial scene to FXGLStartupScene
00:34:50.461 [JavaFX Application Thread] DEBUG PrimaryStageWindow   - Opening main window
00:34:50.580 [JavaFX Application Thread] DEBUG PrimaryStageWindow   - Window border size: (15.0, 37.5999755859375)
00:34:50.581 [JavaFX Application Thread] DEBUG PrimaryStageWindow   - Scaled size: 1053.0 x 560.0
00:34:50.581 [JavaFX Application Thread] DEBUG PrimaryStageWindow   - Scaled ratio: (1.0, 1.0)
00:34:50.581 [JavaFX Application Thread] DEBUG PrimaryStageWindow   - Scene size: 1053.0 x 560.0
00:34:50.581 [JavaFX Application Thread] DEBUG PrimaryStageWindow   - Stage size: 1068.0 x 597.5999755859375
00:34:50.593 [FXGL Background Thread 1 ] DEBUG Engine               - Initializing environment variables
00:34:50.649 [FXGL Background Thread 1 ] DEBUG FXGLAssetLoaderServi - User app class for loading assets: class org.example.restaurant.Main
00:34:50.649 [FXGL Background Thread 1 ] DEBUG GameApplicationServi - Applying CSS: fxgl_dark.css
00:34:50.651 [FXGL Background Thread 1 ] DEBUG FXGLAssetLoaderServi - Loading from file system: jar:file:/C:/Users/lucas/.m2/repository/com/github/almasb/fxgl/17.1/fxgl-17.1.jar!/fxglassets/ui/css/fxgl_dark.css
00:34:50.692 [FXGL Background Thread 1 ] DEBUG GameApplicationServi - Initializing application scenes
00:34:50.744 [FXGL Background Thread 1 ] DEBUG GameWorld            - Game world initialized
00:34:50.807 [FXGL Background Thread 1 ] DEBUG PhysicsWorld         - Physics world initialized: appHeight=560, physics.ppm=50.0
00:34:50.807 [FXGL Background Thread 1 ] DEBUG PhysicsWorld         - Using strategy: BRUTE_FORCE
00:34:50.810 [FXGL Background Thread 1 ] DEBUG GameScene            - Game scene initialized: 1053x560
00:34:50.823 [FXGL Background Thread 1 ] WARN  FXGL.DefaultMenu     - FXGLDefaultMenu is not designed for resolutions < 800x600
00:34:50.823 [FXGL Background Thread 1 ] DEBUG FXGL.DefaultMenu     - createMenuBodyMainMenu()
00:34:50.840 [FXGL Background Thread 1 ] DEBUG FXGL.DefaultMenu     - createOptionsMenu()
00:34:50.851 [FXGL Background Thread 1 ] DEBUG FXGLAssetLoaderServi - Loading from file system: jar:file:/C:/Users/lucas/.m2/repository/com/github/almasb/fxgl/17.1/fxgl-17.1.jar!/fxglassets/textures/particles/smoke.png
00:34:50.984 [FXGL Background Thread 1 ] DEBUG FXGLAssetLoaderServi - Loading from file system: jar:file:/C:/Users/lucas/.m2/repository/com/github/almasb/fxgl/17.1/fxgl-17.1.jar!/fxglassets/textures/particles/trace_horizontal.png
00:34:51.010 [FXGL Background Thread 1 ] WARN  FXGL.DefaultMenu     - FXGLDefaultMenu is not designed for resolutions < 800x600
00:34:51.010 [FXGL Background Thread 1 ] DEBUG FXGL.DefaultMenu     - createMenuBodyGameMenu()
00:34:51.011 [FXGL Background Thread 1 ] DEBUG FXGL.DefaultMenu     - createOptionsMenu()
00:34:51.024 [FXGL Background Thread 1 ] DEBUG GameApplicationServi - Application scenes initialized
00:34:51.041 [FXGL Background Thread 1 ] DEBUG SystemBundleService  - Loading FXGL system data
00:34:51.047 [FXGL Background Thread 1 ] DEBUG FileSystemAccess     - Reading from: C:\Users\lucas\OneDrive\Escritorio\UP\7 CUATRI\PROGRAMACION CONCURRENTE\simulador-restaurant\system\fxgl.bundle
00:34:51.060 [FXGL Background Thread 1 ] DEBUG SystemBundleService  - Bundle FXGL: {}
00:34:51.060 [FXGL Background Thread 1 ] DEBUG UpdaterService       - Checking for updates
00:34:51.065 [FXGL Background Thread 4 ] DEBUG FXGLApplication      - Loading fonts
00:34:51.065 [FXGL Background Thread 4 ] DEBUG FXGLAssetLoaderServi - Loading from file system: jar:file:/C:/Users/lucas/.m2/repository/com/github/almasb/fxgl/17.1/fxgl-17.1.jar!/fxglassets/ui/fonts/VarelaRound-Regular.ttf
00:34:51.066 [FXGL Background Thread 1 ] DEBUG FXGLApplication      - Loading default localization
00:34:51.066 [FXGL Background Thread 1 ] DEBUG FXGLAssetLoaderServi - Loading from file system: jar:file:/C:/Users/lucas/.m2/repository/com/github/almasb/fxgl/17.1/fxgl-17.1.jar!/fxglassets/languages/english.lang
00:34:51.090 [FXGL Background Thread 1 ] INFO  FXGLApplication      - FXGL initialization took: 0.498 sec
00:34:51.092 [JavaFX Application Thread] DEBUG FXGLAssetLoaderServi - Loading from file system: jar:file:/C:/Users/lucas/.m2/repository/com/github/almasb/fxgl/17.1/fxgl-17.1.jar!/fxglassets/textures/fxgl_icon.png
00:34:51.113 [JavaFX Application Thread] DEBUG FXGLAssetLoaderServi - Loading from file system: jar:file:/C:/Users/lucas/.m2/repository/com/github/almasb/fxgl/17.1/fxgl-17.1.jar!/fxglassets/textures/fxgl_default_cursor.png
00:34:51.124 [JavaFX Application Thread] DEBUG Input                - Registered new binding: Screenshot - CTRL+8
00:34:51.125 [JavaFX Application Thread] DEBUG Input                - Registered new binding: System info dump - CTRL+9
00:34:51.125 [JavaFX Application Thread] DEBUG Input                - Registered new binding: Restart - CTRL+R
00:34:51.126 [JavaFX Application Thread] DEBUG Input                - Registered new binding: Toggle Debug Camera - CTRL+7
00:34:51.128 [JavaFX Application Thread] DEBUG LoopRunner           - Starting loop
00:34:51.128 [JavaFX Application Thread] DEBUG LoopRunner           - Initializing JavaFX AnimationTimerLoop
00:34:51.131 [JavaFX Application Thread] DEBUG Input                - Clearing active input actions
00:34:51.138 [JavaFX Application Thread] DEBUG GameApplicationServi - Removing overlay from FXGLStartupScene and adding to FXGLMainMenuDummyScene
00:34:51.139 [JavaFX Application Thread] DEBUG PrimaryStageWindow   - FXGLStartupScene -> FXGLMainMenuDummyScene
00:34:51.139 [JavaFX Application Thread] DEBUG PrimaryStageWindow   - Push state: FXGLDefaultMenu
00:34:51.148 [JavaFX Application Thread] DEBUG Input                - Clearing active input actions
00:34:51.168 [JavaFX Application Thread] DEBUG GameApplicationServi - Removing overlay from FXGLMainMenuDummyScene and adding to FXGLDefaultMenu
00:34:51.170 [JavaFX Application Thread] DEBUG PrimaryStageWindow   - FXGLMainMenuDummyScene -> FXGLDefaultMenu
00:34:51.177 [FXGL Background Thread 4 ] DEBUG FXGLAssetLoaderServi - Loading from file system: jar:file:/C:/Users/lucas/.m2/repository/com/github/almasb/fxgl/17.1/fxgl-17.1.jar!/fxglassets/ui/fonts/Abel-Regular.ttf
00:34:51.184 [FXGL Background Thread 4 ] DEBUG FXGLAssetLoaderServi - Loading from file system: jar:file:/C:/Users/lucas/.m2/repository/com/github/almasb/fxgl/17.1/fxgl-17.1.jar!/fxglassets/ui/fonts/TerminalLandMono-Regular.otf
00:34:51.191 [FXGL Background Thread 4 ] DEBUG FXGLAssetLoaderServi - Loading from file system: jar:file:/C:/Users/lucas/.m2/repository/com/github/almasb/fxgl/17.1/fxgl-17.1.jar!/fxglassets/ui/fonts/Courier-Prime.ttf
00:34:51.268 [JavaFX Application Thread] DEBUG FXGLApplication      - Registering font factories with UI factory
00:34:51.693 [FXGL Background Thread 2 ] INFO  UpdaterService       - Your current version:  17.1
00:34:51.693 [FXGL Background Thread 2 ] INFO  UpdaterService       - Latest stable version: 21.1
00:34:53.217 [JavaFX Application Thread] DEBUG Menu                 - fireNewGame()
00:34:53.217 [JavaFX Application Thread] DEBUG GameApplicationServi - Starting new game
00:34:53.219 [JavaFX Application Thread] DEBUG PrimaryStageWindow   - Pop state: FXGLDefaultMenu
00:34:53.219 [JavaFX Application Thread] DEBUG Input                - Clearing active input actions
00:34:53.220 [JavaFX Application Thread] DEBUG GameApplicationServi - Removing overlay from FXGLDefaultMenu and adding to FXGLMainMenuDummyScene
00:34:53.221 [JavaFX Application Thread] DEBUG PrimaryStageWindow   - FXGLMainMenuDummyScene <- FXGLDefaultMenu
00:34:53.221 [JavaFX Application Thread] DEBUG Input                - Clearing active input actions
00:34:53.228 [JavaFX Application Thread] DEBUG GameApplicationServi - Removing overlay from FXGLMainMenuDummyScene and adding to FXGLLoadingScene
00:34:53.228 [JavaFX Application Thread] DEBUG PrimaryStageWindow   - FXGLMainMenuDummyScene -> FXGLLoadingScene
00:34:53.228 [JavaFX Application Thread] DEBUG GameApplicationServi - Clearing previous game
00:34:53.228 [JavaFX Application Thread] DEBUG GameScene            - Clearing game scene
00:34:53.228 [JavaFX Application Thread] DEBUG GameWorld            - Clearing game world
00:34:53.228 [JavaFX Application Thread] DEBUG PhysicsWorld         - Clearing physics world
00:34:53.231 [FXGL Background Thread 2 ] DEBUG FXGLApplication      - Initializing game
00:34:53.262 [JavaFX Application Thread] DEBUG LoopRunner           - Stopping loop
00:34:53.263 [JavaFX Application Thread] FATAL FXGLApplication      - Uncaught Exception:
java.lang.RuntimeException: Initialization failed
	at com.almasb.fxgl.app.FXGLApplication$InitAppTask.failed(FXGLApplication.kt:343)
	at javafx.concurrent.Task.setState(Task.java:710)
	at javafx.concurrent.Task$TaskCallable.lambda$call$2(Task.java:1456)
	at com.sun.javafx.application.PlatformImpl.lambda$runLater$10(PlatformImpl.java:457)
	at java.base/java.security.AccessController.doPrivileged(AccessController.java:399)
	at com.sun.javafx.application.PlatformImpl.lambda$runLater$11(PlatformImpl.java:456)
	at com.sun.glass.ui.InvokeLaterDispatcher$Future.run(InvokeLaterDispatcher.java:96)
	at com.sun.glass.ui.win.WinApplication._runLoop(Native Method)
	at com.sun.glass.ui.win.WinApplication.lambda$runLoop$3(WinApplication.java:184)
	at java.base/java.lang.Thread.run(Thread.java:1589)
Caused by: java.lang.RuntimeException: java.lang.IllegalStateException: Location is not set.
	at org.example.restaurant.Main.initGame(Main.java:32)
	at com.almasb.fxgl.app.FXGLApplication$InitAppTask.initGame(FXGLApplication.kt:339)
	at com.almasb.fxgl.app.FXGLApplication$InitAppTask.call(FXGLApplication.kt:319)
	at com.almasb.fxgl.app.FXGLApplication$InitAppTask.call(FXGLApplication.kt:311)
	at javafx.concurrent.Task$TaskCallable.call(Task.java:1426)
	at java.base/java.util.concurrent.FutureTask.run(FutureTask.java:317)
	at java.base/java.util.concurrent.Executors$RunnableAdapter.call(Executors.java:577)
	at java.base/java.util.concurrent.FutureTask.run(FutureTask.java:317)
	at java.base/java.util.concurrent.ThreadPoolExecutor.runWorker(ThreadPoolExecutor.java:1144)
	at java.base/java.util.concurrent.ThreadPoolExecutor$Worker.run(ThreadPoolExecutor.java:642)
	... 1 more
Caused by: java.lang.IllegalStateException: Location is not set.
	at javafx.fxml.FXMLLoader.loadImpl(FXMLLoader.java:2541)
	at javafx.fxml.FXMLLoader.load(FXMLLoader.java:2516)
	at org.example.restaurant.Main.initGame(Main.java:29)
	... 10 more

00:34:53.263 [JavaFX Application Thread] FATAL FXGLApplication      - Application will now exit
00:34:53.284 [JavaFX Application Thread] DEBUG PrimaryStageWindow   - Push state: ErrorSubScene
00:34:53.284 [JavaFX Application Thread] DEBUG Input                - Clearing active input actions
00:34:53.287 [JavaFX Application Thread] DEBUG GameApplicationServi - Removing overlay from FXGLLoadingScene and adding to ErrorSubScene
00:34:53.287 [JavaFX Application Thread] DEBUG PrimaryStageWindow   - FXGLLoadingScene -> ErrorSubScene
00:34:54.063 [FXGL Background Thread 3 ] DEBUG Engine               - Logging environment variables
00:34:54.063 [FXGL Background Thread 3 ] DEBUG Engine               - achievements: []
00:34:54.063 [FXGL Background Thread 3 ] DEBUG Engine               - actualHeight: 560.0
00:34:54.063 [FXGL Background Thread 3 ] DEBUG Engine               - actualHeightProperty: ReadOnlyDoubleProperty [value: 560.0]
00:34:54.064 [FXGL Background Thread 3 ] DEBUG Engine               - actualWidth: 1053.0
00:34:54.064 [FXGL Background Thread 3 ] DEBUG Engine               - actualWidthProperty: ReadOnlyDoubleProperty [value: 1053.0]
00:34:54.064 [FXGL Background Thread 3 ] DEBUG Engine               - appIcon: fxgl_icon.png
00:34:54.064 [FXGL Background Thread 3 ] DEBUG Engine               - applicationMode: DEVELOPER
00:34:54.064 [FXGL Background Thread 3 ] DEBUG Engine               - cSSList: [fxgl_dark.css]
00:34:54.064 [FXGL Background Thread 3 ] DEBUG Engine               - collisionDetectionStrategy: BRUTE_FORCE
00:34:54.064 [FXGL Background Thread 3 ] DEBUG Engine               - configClass: Optional.empty
00:34:54.064 [FXGL Background Thread 3 ] DEBUG Engine               - credits: []
00:34:54.064 [FXGL Background Thread 3 ] DEBUG Engine               - defaultCursor: CursorInfo(imageName=fxgl_default_cursor.png, hotspotX=7.0, hotspotY=6.0)
00:34:54.065 [FXGL Background Thread 3 ] DEBUG Engine               - devBBoxColorProperty: ObjectProperty [value: 0xff0000ff]
00:34:54.065 [FXGL Background Thread 3 ] DEBUG Engine               - devEnableDebugCameraProperty: BooleanProperty [value: false]
00:34:54.065 [FXGL Background Thread 3 ] DEBUG Engine               - devSensorColorProperty: ObjectProperty [value: 0xffff00ff]
00:34:54.065 [FXGL Background Thread 3 ] DEBUG Engine               - devShowBBoxProperty: BooleanProperty [value: false]
00:34:54.065 [FXGL Background Thread 3 ] DEBUG Engine               - devShowPositionProperty: BooleanProperty [value: false]
00:34:54.065 [FXGL Background Thread 3 ] DEBUG Engine               - enabledMenuItems: []
00:34:54.065 [FXGL Background Thread 3 ] DEBUG Engine               - engineServices: [class com.almasb.fxgl.app.services.FXGLAssetLoaderService, class com.almasb.fxgl.app.FXGLApplication$GameApplicationService, class com.almasb.fxgl.app.services.FXGLDialogService, class com.almasb.fxgl.app.services.IOTaskExecutorService, class com.almasb.fxgl.io.FileSystemService, class com.almasb.fxgl.localization.LocalizationService, class com.almasb.fxgl.app.services.SystemBundleService, class com.almasb.fxgl.profile.SaveLoadService, class com.almasb.fxgl.ui.FXGLUIFactoryServiceProvider, class com.almasb.fxgl.ui.FXGLDialogFactoryServiceProvider, class com.almasb.fxgl.audio.AudioPlayer, class com.almasb.fxgl.notification.impl.NotificationServiceProvider, class com.almasb.fxgl.achievement.AchievementService, class com.almasb.fxgl.cutscene.CutsceneService, class com.almasb.fxgl.minigames.MiniGameService, class com.almasb.fxgl.net.NetService, class com.almasb.fxgl.app.services.UpdaterService, class com.almasb.fxgl.dev.DevService]
00:34:54.065 [FXGL Background Thread 3 ] DEBUG Engine               - fontGame: Abel-Regular.ttf
00:34:54.065 [FXGL Background Thread 3 ] DEBUG Engine               - fontMono: TerminalLandMono-Regular.otf
00:34:54.065 [FXGL Background Thread 3 ] DEBUG Engine               - fontText: Courier-Prime.ttf
00:34:54.065 [FXGL Background Thread 3 ] DEBUG Engine               - fontUI: VarelaRound-Regular.ttf
00:34:54.065 [FXGL Background Thread 3 ] DEBUG Engine               - fullScreen: BooleanProperty [value: false]
00:34:54.065 [FXGL Background Thread 3 ] DEBUG Engine               - gameDifficulty: MEDIUM
00:34:54.065 [FXGL Background Thread 3 ] DEBUG Engine               - gameDifficultyProperty: ObjectProperty [value: MEDIUM]
00:34:54.065 [FXGL Background Thread 3 ] DEBUG Engine               - globalMusicVolume: 0.5
00:34:54.066 [FXGL Background Thread 3 ] DEBUG Engine               - globalMusicVolumeProperty: DoubleProperty [value: 0.5]
00:34:54.066 [FXGL Background Thread 3 ] DEBUG Engine               - globalSoundVolume: 0.5
00:34:54.066 [FXGL Background Thread 3 ] DEBUG Engine               - globalSoundVolumeProperty: DoubleProperty [value: 0.5]
00:34:54.066 [FXGL Background Thread 3 ] DEBUG Engine               - height: 560
00:34:54.066 [FXGL Background Thread 3 ] DEBUG Engine               - is3D: false
00:34:54.066 [FXGL Background Thread 3 ] DEBUG Engine               - isAndroid: false
00:34:54.066 [FXGL Background Thread 3 ] DEBUG Engine               - isBrowser: false
00:34:54.066 [FXGL Background Thread 3 ] DEBUG Engine               - isClickFeedbackEnabled: false
00:34:54.066 [FXGL Background Thread 3 ] DEBUG Engine               - isCloseConfirmation: false
00:34:54.066 [FXGL Background Thread 3 ] DEBUG Engine               - isDesktop: true
00:34:54.066 [FXGL Background Thread 3 ] DEBUG Engine               - isDeveloperMenuEnabled: false
00:34:54.066 [FXGL Background Thread 3 ] DEBUG Engine               - isEmbedded: false
00:34:54.066 [FXGL Background Thread 3 ] DEBUG Engine               - isEntityPreloadEnabled: true
00:34:54.066 [FXGL Background Thread 3 ] DEBUG Engine               - isExperimentalTiledLargeMap: false
00:34:54.066 [FXGL Background Thread 3 ] DEBUG Engine               - isFileSystemWriteAllowed: true
00:34:54.066 [FXGL Background Thread 3 ] DEBUG Engine               - isFullScreenAllowed: false
00:34:54.066 [FXGL Background Thread 3 ] DEBUG Engine               - isFullScreenFromStart: false
00:34:54.066 [FXGL Background Thread 3 ] DEBUG Engine               - isGameMenuEnabled: true
00:34:54.066 [FXGL Background Thread 3 ] DEBUG Engine               - isIOS: false
00:34:54.066 [FXGL Background Thread 3 ] DEBUG Engine               - isIntroEnabled: false
00:34:54.066 [FXGL Background Thread 3 ] DEBUG Engine               - isLinux: false
00:34:54.066 [FXGL Background Thread 3 ] DEBUG Engine               - isMac: false
00:34:54.066 [FXGL Background Thread 3 ] DEBUG Engine               - isMainMenuEnabled: true
00:34:54.066 [FXGL Background Thread 3 ] DEBUG Engine               - isManualResizeEnabled: false
00:34:54.066 [FXGL Background Thread 3 ] DEBUG Engine               - isMobile: false
00:34:54.066 [FXGL Background Thread 3 ] DEBUG Engine               - isNative: false
00:34:54.066 [FXGL Background Thread 3 ] DEBUG Engine               - isPauseMusicWhenMinimized: true
00:34:54.066 [FXGL Background Thread 3 ] DEBUG Engine               - isPreserveResizeRatio: false
00:34:54.068 [FXGL Background Thread 3 ] DEBUG Engine               - isProfilingEnabled: false
00:34:54.068 [FXGL Background Thread 3 ] DEBUG Engine               - isScaleAffectedOnResize: true
00:34:54.068 [FXGL Background Thread 3 ] DEBUG Engine               - isSingleStep: false
00:34:54.068 [FXGL Background Thread 3 ] DEBUG Engine               - isUserProfileEnabled: false
00:34:54.068 [FXGL Background Thread 3 ] DEBUG Engine               - isWindows: true
00:34:54.068 [FXGL Background Thread 3 ] DEBUG Engine               - language: ObjectProperty [value: ENGLISH]
00:34:54.068 [FXGL Background Thread 3 ] DEBUG Engine               - menuKey: ESCAPE
00:34:54.068 [FXGL Background Thread 3 ] DEBUG Engine               - mouseSensitivity: 0.2
00:34:54.068 [FXGL Background Thread 3 ] DEBUG Engine               - notificationViewClass: class com.almasb.fxgl.notification.view.XboxNotificationView
00:34:54.068 [FXGL Background Thread 3 ] DEBUG Engine               - pixelsPerMeter: 50.0
00:34:54.068 [FXGL Background Thread 3 ] DEBUG Engine               - platform: WINDOWS
00:34:54.068 [FXGL Background Thread 3 ] DEBUG Engine               - prefHeightProperty: ReadOnlyDoubleProperty [value: 560.0]
00:34:54.068 [FXGL Background Thread 3 ] DEBUG Engine               - prefWidthProperty: ReadOnlyDoubleProperty [value: 1053.0]
00:34:54.068 [FXGL Background Thread 3 ] DEBUG Engine               - profileDir: profiles/
00:34:54.068 [FXGL Background Thread 3 ] DEBUG Engine               - profileName: StringProperty [value: DEFAULT]
00:34:54.068 [FXGL Background Thread 3 ] DEBUG Engine               - randomSeed: -1
00:34:54.068 [FXGL Background Thread 3 ] DEBUG Engine               - runtimeInfo: RuntimeInfo(platform=WINDOWS, version=17.1, build=24.03.2022 17.34)
00:34:54.068 [FXGL Background Thread 3 ] DEBUG Engine               - saveFileExt: sav
00:34:54.068 [FXGL Background Thread 3 ] DEBUG Engine               - scaledHeightProp$fxgl: DoubleProperty [bound, value: 560.0]
00:34:54.069 [FXGL Background Thread 3 ] DEBUG Engine               - scaledWidthProp$fxgl: DoubleProperty [bound, value: 1053.0]
00:34:54.069 [FXGL Background Thread 3 ] DEBUG Engine               - sceneFactory: com.almasb.fxgl.app.scene.SceneFactory@450cf8e4
00:34:54.069 [FXGL Background Thread 3 ] DEBUG Engine               - secondsIn24h: 60
00:34:54.069 [FXGL Background Thread 3 ] DEBUG Engine               - soundMenuBack: menu/back.wav
00:34:54.069 [FXGL Background Thread 3 ] DEBUG Engine               - soundMenuPress: menu/press.wav
00:34:54.069 [FXGL Background Thread 3 ] DEBUG Engine               - soundMenuSelect: menu/select.wav
00:34:54.069 [FXGL Background Thread 3 ] DEBUG Engine               - soundNotification: core/notification.wav
00:34:54.069 [FXGL Background Thread 3 ] DEBUG Engine               - stageStyle: DECORATED
00:34:54.069 [FXGL Background Thread 3 ] DEBUG Engine               - supportedLanguages: [ENGLISH, FRENCH, GERMAN, HUNGARIAN, RUSSIAN]
00:34:54.069 [FXGL Background Thread 3 ] DEBUG Engine               - ticksPerSecond: -1
00:34:54.069 [FXGL Background Thread 3 ] DEBUG Engine               - title: restaurant
00:34:54.069 [FXGL Background Thread 3 ] DEBUG Engine               - urlGithub: https://github.com/AlmasB/FXGL
00:34:54.069 [FXGL Background Thread 3 ] DEBUG Engine               - urlLeaderboard: http://fxgl-top.herokuapp.com/
00:34:54.069 [FXGL Background Thread 3 ] DEBUG Engine               - urlPOM: https://raw.githubusercontent.com/AlmasB/FXGL/release/README.md
00:34:54.069 [FXGL Background Thread 3 ] DEBUG Engine               - userAppClass: class org.example.restaurant.Main
00:34:54.069 [FXGL Background Thread 3 ] DEBUG Engine               - version: 0.0
00:34:54.069 [FXGL Background Thread 3 ] DEBUG Engine               - versionCheckDays: 7
00:34:54.069 [FXGL Background Thread 3 ] DEBUG Engine               - width: 1053
00:34:54.069 [FXGL Background Thread 3 ] DEBUG Engine               - Logging services
00:34:54.069 [FXGL Background Thread 3 ] DEBUG Engine               - class com.almasb.fxgl.app.services.FXGLAssetLoaderService
00:34:54.069 [FXGL Background Thread 3 ] DEBUG Engine               - class com.almasb.fxgl.app.FXGLApplication$GameApplicationService
00:34:54.069 [FXGL Background Thread 3 ] DEBUG Engine               - class com.almasb.fxgl.app.services.FXGLDialogService
00:34:54.069 [FXGL Background Thread 3 ] DEBUG Engine               - class com.almasb.fxgl.app.services.IOTaskExecutorService
00:34:54.069 [FXGL Background Thread 3 ] DEBUG Engine               - class com.almasb.fxgl.io.FileSystemService
00:34:54.069 [FXGL Background Thread 3 ] DEBUG Engine               - class com.almasb.fxgl.localization.LocalizationService
00:34:54.069 [FXGL Background Thread 3 ] DEBUG Engine               - class com.almasb.fxgl.app.services.SystemBundleService
00:34:54.069 [FXGL Background Thread 3 ] DEBUG Engine               - class com.almasb.fxgl.profile.SaveLoadService
00:34:54.069 [FXGL Background Thread 3 ] DEBUG Engine               - class com.almasb.fxgl.ui.FXGLUIFactoryServiceProvider
00:34:54.069 [FXGL Background Thread 3 ] DEBUG Engine               - class com.almasb.fxgl.ui.FXGLDialogFactoryServiceProvider
00:34:54.069 [FXGL Background Thread 3 ] DEBUG Engine               - class com.almasb.fxgl.audio.AudioPlayer
00:34:54.069 [FXGL Background Thread 3 ] DEBUG Engine               - class com.almasb.fxgl.notification.impl.NotificationServiceProvider
00:34:54.069 [FXGL Background Thread 3 ] DEBUG Engine               - class com.almasb.fxgl.achievement.AchievementService
00:34:54.069 [FXGL Background Thread 3 ] DEBUG Engine               - class com.almasb.fxgl.cutscene.CutsceneService
00:34:54.069 [FXGL Background Thread 3 ] DEBUG Engine               - class com.almasb.fxgl.minigames.MiniGameService
00:34:54.070 [FXGL Background Thread 3 ] DEBUG Engine               - class com.almasb.fxgl.net.NetService
00:34:54.070 [FXGL Background Thread 3 ] DEBUG Engine               - class com.almasb.fxgl.app.services.UpdaterService
00:34:54.070 [FXGL Background Thread 3 ] DEBUG Engine               - class com.almasb.fxgl.dev.DevService
00:34:57.730 [JavaFX Application Thread] DEBUG FXGLApplication      - Exiting FXGL
00:34:57.730 [JavaFX Application Thread] DEBUG Async                - Shutting down background threads
00:34:57.731 [JavaFX Application Thread] DEBUG PrimaryStageWindow   - Closing main window
00:34:57.746 [JavaFX Application Thread] DEBUG Logger               - Closing Logger
